[2022-08-28 23:38:42,381] {taskinstance.py:1179} INFO - Dependencies all met for <TaskInstance: create_and_populate_taxigov_datawarehouse.create_dim_requests_table manual__2022-08-28T23:38:39.690497+00:00 [queued]>
[2022-08-28 23:38:42,388] {taskinstance.py:1179} INFO - Dependencies all met for <TaskInstance: create_and_populate_taxigov_datawarehouse.create_dim_requests_table manual__2022-08-28T23:38:39.690497+00:00 [queued]>
[2022-08-28 23:38:42,388] {taskinstance.py:1376} INFO - 
--------------------------------------------------------------------------------
[2022-08-28 23:38:42,388] {taskinstance.py:1377} INFO - Starting attempt 1 of 1
[2022-08-28 23:38:42,388] {taskinstance.py:1378} INFO - 
--------------------------------------------------------------------------------
[2022-08-28 23:38:42,398] {taskinstance.py:1397} INFO - Executing <Task(PostgresOperator): create_dim_requests_table> on 2022-08-28 23:38:39.690497+00:00
[2022-08-28 23:38:42,400] {standard_task_runner.py:52} INFO - Started process 3482 to run task
[2022-08-28 23:38:42,403] {standard_task_runner.py:79} INFO - Running: ['***', 'tasks', 'run', 'create_and_populate_taxigov_datawarehouse', 'create_dim_requests_table', 'manual__2022-08-28T23:38:39.690497+00:00', '--job-id', '124', '--raw', '--subdir', 'DAGS_FOLDER/create_and_populate_taxigov_datawarehouse_dag.py', '--cfg-path', '/tmp/tmp9albjnhz', '--error-file', '/tmp/tmpv4fzzmi1']
[2022-08-28 23:38:42,403] {standard_task_runner.py:80} INFO - Job 124: Subtask create_dim_requests_table
[2022-08-28 23:38:42,445] {task_command.py:371} INFO - Running <TaskInstance: create_and_populate_taxigov_datawarehouse.create_dim_requests_table manual__2022-08-28T23:38:39.690497+00:00 [running]> on host ddc8002727e0
[2022-08-28 23:38:42,506] {taskinstance.py:1591} INFO - Exporting the following env vars:
AIRFLOW_CTX_DAG_OWNER=***
AIRFLOW_CTX_DAG_ID=create_and_populate_taxigov_datawarehouse
AIRFLOW_CTX_TASK_ID=create_dim_requests_table
AIRFLOW_CTX_EXECUTION_DATE=2022-08-28T23:38:39.690497+00:00
AIRFLOW_CTX_TRY_NUMBER=1
AIRFLOW_CTX_DAG_RUN_ID=manual__2022-08-28T23:38:39.690497+00:00
[2022-08-28 23:38:42,512] {base.py:68} INFO - Using connection ID 'redshift_default' for task execution.
[2022-08-28 23:38:43,726] {dbapi.py:231} INFO - Running statement: 
    DROP TABLE IF EXISTS dim_requests;

    CREATE TABLE dim_requests AS ( 
        SELECT
            TO_HEX(
                SHA2(
                    CONCAT(
                        CAST(data_abertura AS VARCHAR), 
                        nome_orgao
                    ),
                    256
                )
            ) AS id,
            UPPER(nome_orgao) AS requested_by,
            data_abertura AS requested_at,
            data_despacho AS approved_at,
            UPPER(motivo_corrida) AS reason,
            destino_solicitado_latitude AS requested_dropoff_latitude,
            destino_solicitado_longitude AS requested_dropoff_longitude,
            conteste_info AS commentary
        FROM
            raw__taxigov_corridas
    );, parameters: None
[2022-08-28 23:38:44,052] {taskinstance.py:1909} ERROR - Task failed with exception
Traceback (most recent call last):
  File "/home/airflow/.local/lib/python3.7/site-packages/airflow/providers/postgres/operators/postgres.py", line 92, in execute
    self.hook.run(self.sql, self.autocommit, parameters=self.parameters)
  File "/home/airflow/.local/lib/python3.7/site-packages/airflow/hooks/dbapi.py", line 211, in run
    self._run_command(cur, sql_statement, parameters)
  File "/home/airflow/.local/lib/python3.7/site-packages/airflow/hooks/dbapi.py", line 235, in _run_command
    cur.execute(sql_statement)
psycopg2.errors.UndefinedFunction: function to_hex(text) does not exist
HINT:  No function matches the given name and argument types. You may need to add explicit type casts.

[2022-08-28 23:38:44,058] {taskinstance.py:1420} INFO - Marking task as FAILED. dag_id=create_and_populate_taxigov_datawarehouse, task_id=create_dim_requests_table, execution_date=20220828T233839, start_date=20220828T233842, end_date=20220828T233844
[2022-08-28 23:38:44,064] {standard_task_runner.py:97} ERROR - Failed to execute job 124 for task create_dim_requests_table (function to_hex(text) does not exist
HINT:  No function matches the given name and argument types. You may need to add explicit type casts.
; 3482)
[2022-08-28 23:38:44,098] {local_task_job.py:156} INFO - Task exited with return code 1
[2022-08-28 23:38:44,124] {local_task_job.py:273} INFO - 0 downstream tasks scheduled from follow-on schedule check
