[2022-08-27 19:41:09,299] {processor.py:153} INFO - Started process (PID=8842) to work on /opt/airflow/dags/create_and_populate_taxigov_datawarehouse_dag.py
[2022-08-27 19:41:09,300] {processor.py:641} INFO - Processing file /opt/airflow/dags/create_and_populate_taxigov_datawarehouse_dag.py for tasks to queue
[2022-08-27 19:41:09,300] {logging_mixin.py:115} INFO - [2022-08-27 19:41:09,300] {dagbag.py:508} INFO - Filling up the DagBag from /opt/airflow/dags/create_and_populate_taxigov_datawarehouse_dag.py
[2022-08-27 19:41:09,303] {logging_mixin.py:115} INFO - [2022-08-27 19:41:09,301] {dagbag.py:321} ERROR - Failed to import: /opt/airflow/dags/create_and_populate_taxigov_datawarehouse_dag.py
Traceback (most recent call last):
  File "/home/airflow/.local/lib/python3.7/site-packages/airflow/models/dagbag.py", line 318, in parse
    loader.exec_module(new_module)
  File "<frozen importlib._bootstrap_external>", line 724, in exec_module
  File "<frozen importlib._bootstrap_external>", line 860, in get_code
  File "<frozen importlib._bootstrap_external>", line 791, in source_to_code
  File "<frozen importlib._bootstrap>", line 219, in _call_with_frames_removed
  File "/opt/airflow/dags/create_and_populate_taxigov_datawarehouse_dag.py", line 10
    def check_upstream_dependencies(*args, **kwargs)
                                                   ^
SyntaxError: invalid syntax
[2022-08-27 19:41:09,303] {processor.py:653} WARNING - No viable dags retrieved from /opt/airflow/dags/create_and_populate_taxigov_datawarehouse_dag.py
[2022-08-27 19:41:09,324] {processor.py:161} INFO - Processing /opt/airflow/dags/create_and_populate_taxigov_datawarehouse_dag.py took 0.027 seconds
[2022-08-27 19:41:23,890] {processor.py:153} INFO - Started process (PID=8868) to work on /opt/airflow/dags/create_and_populate_taxigov_datawarehouse_dag.py
[2022-08-27 19:41:23,891] {processor.py:641} INFO - Processing file /opt/airflow/dags/create_and_populate_taxigov_datawarehouse_dag.py for tasks to queue
[2022-08-27 19:41:23,892] {logging_mixin.py:115} INFO - [2022-08-27 19:41:23,892] {dagbag.py:508} INFO - Filling up the DagBag from /opt/airflow/dags/create_and_populate_taxigov_datawarehouse_dag.py
[2022-08-27 19:41:23,916] {processor.py:651} INFO - DAG(s) dict_keys(['create_and_populate_taxigov_datawarehouse']) retrieved from /opt/airflow/dags/create_and_populate_taxigov_datawarehouse_dag.py
[2022-08-27 19:41:23,991] {logging_mixin.py:115} INFO - [2022-08-27 19:41:23,991] {manager.py:508} INFO - Created Permission View: can delete on DAG:create_and_populate_taxigov_datawarehouse
[2022-08-27 19:41:23,997] {logging_mixin.py:115} INFO - [2022-08-27 19:41:23,997] {manager.py:508} INFO - Created Permission View: can read on DAG:create_and_populate_taxigov_datawarehouse
[2022-08-27 19:41:24,001] {logging_mixin.py:115} INFO - [2022-08-27 19:41:24,001] {manager.py:508} INFO - Created Permission View: can edit on DAG:create_and_populate_taxigov_datawarehouse
[2022-08-27 19:41:24,001] {logging_mixin.py:115} INFO - [2022-08-27 19:41:24,001] {dag.py:2420} INFO - Sync 1 DAGs
[2022-08-27 19:41:24,007] {logging_mixin.py:115} INFO - [2022-08-27 19:41:24,007] {dag.py:2439} INFO - Creating ORM DAG for create_and_populate_taxigov_datawarehouse
[2022-08-27 19:41:24,016] {logging_mixin.py:115} INFO - [2022-08-27 19:41:24,016] {dag.py:2972} INFO - Setting next_dagrun for create_and_populate_taxigov_datawarehouse to 2022-09-01T00:00:00+00:00, run_after=2022-10-01T00:00:00+00:00
[2022-08-27 19:41:24,026] {processor.py:161} INFO - Processing /opt/airflow/dags/create_and_populate_taxigov_datawarehouse_dag.py took 0.146 seconds
[2022-08-27 19:41:27,044] {processor.py:153} INFO - Started process (PID=8871) to work on /opt/airflow/dags/create_and_populate_taxigov_datawarehouse_dag.py
[2022-08-27 19:41:27,045] {processor.py:641} INFO - Processing file /opt/airflow/dags/create_and_populate_taxigov_datawarehouse_dag.py for tasks to queue
[2022-08-27 19:41:27,046] {logging_mixin.py:115} INFO - [2022-08-27 19:41:27,046] {dagbag.py:508} INFO - Filling up the DagBag from /opt/airflow/dags/create_and_populate_taxigov_datawarehouse_dag.py
[2022-08-27 19:41:27,062] {processor.py:651} INFO - DAG(s) dict_keys(['create_and_populate_taxigov_datawarehouse']) retrieved from /opt/airflow/dags/create_and_populate_taxigov_datawarehouse_dag.py
[2022-08-27 19:41:27,074] {logging_mixin.py:115} INFO - [2022-08-27 19:41:27,074] {dag.py:2420} INFO - Sync 1 DAGs
[2022-08-27 19:41:27,092] {logging_mixin.py:115} INFO - [2022-08-27 19:41:27,092] {dag.py:2972} INFO - Setting next_dagrun for create_and_populate_taxigov_datawarehouse to 2022-09-01T00:00:00+00:00, run_after=2022-10-01T00:00:00+00:00
[2022-08-27 19:41:27,099] {processor.py:161} INFO - Processing /opt/airflow/dags/create_and_populate_taxigov_datawarehouse_dag.py took 0.064 seconds
[2022-08-27 19:41:57,546] {processor.py:153} INFO - Started process (PID=8934) to work on /opt/airflow/dags/create_and_populate_taxigov_datawarehouse_dag.py
[2022-08-27 19:41:57,560] {processor.py:641} INFO - Processing file /opt/airflow/dags/create_and_populate_taxigov_datawarehouse_dag.py for tasks to queue
[2022-08-27 19:41:57,561] {logging_mixin.py:115} INFO - [2022-08-27 19:41:57,561] {dagbag.py:508} INFO - Filling up the DagBag from /opt/airflow/dags/create_and_populate_taxigov_datawarehouse_dag.py
[2022-08-27 19:41:57,569] {processor.py:651} INFO - DAG(s) dict_keys(['create_and_populate_taxigov_datawarehouse']) retrieved from /opt/airflow/dags/create_and_populate_taxigov_datawarehouse_dag.py
[2022-08-27 19:41:57,618] {logging_mixin.py:115} INFO - [2022-08-27 19:41:57,618] {dag.py:2420} INFO - Sync 1 DAGs
[2022-08-27 19:41:57,633] {logging_mixin.py:115} INFO - [2022-08-27 19:41:57,633] {dag.py:2972} INFO - Setting next_dagrun for create_and_populate_taxigov_datawarehouse to 2022-09-01T00:00:00+00:00, run_after=2022-10-01T00:00:00+00:00
[2022-08-27 19:41:57,642] {processor.py:161} INFO - Processing /opt/airflow/dags/create_and_populate_taxigov_datawarehouse_dag.py took 0.101 seconds
[2022-08-27 19:42:28,139] {processor.py:153} INFO - Started process (PID=8997) to work on /opt/airflow/dags/create_and_populate_taxigov_datawarehouse_dag.py
[2022-08-27 19:42:28,140] {processor.py:641} INFO - Processing file /opt/airflow/dags/create_and_populate_taxigov_datawarehouse_dag.py for tasks to queue
[2022-08-27 19:42:28,140] {logging_mixin.py:115} INFO - [2022-08-27 19:42:28,140] {dagbag.py:508} INFO - Filling up the DagBag from /opt/airflow/dags/create_and_populate_taxigov_datawarehouse_dag.py
[2022-08-27 19:42:28,147] {processor.py:651} INFO - DAG(s) dict_keys(['create_and_populate_taxigov_datawarehouse']) retrieved from /opt/airflow/dags/create_and_populate_taxigov_datawarehouse_dag.py
[2022-08-27 19:42:28,198] {logging_mixin.py:115} INFO - [2022-08-27 19:42:28,198] {dag.py:2420} INFO - Sync 1 DAGs
[2022-08-27 19:42:28,216] {logging_mixin.py:115} INFO - [2022-08-27 19:42:28,216] {dag.py:2972} INFO - Setting next_dagrun for create_and_populate_taxigov_datawarehouse to 2022-09-01T00:00:00+00:00, run_after=2022-10-01T00:00:00+00:00
[2022-08-27 19:42:28,224] {processor.py:161} INFO - Processing /opt/airflow/dags/create_and_populate_taxigov_datawarehouse_dag.py took 0.088 seconds
[2022-08-27 19:42:58,399] {processor.py:153} INFO - Started process (PID=9051) to work on /opt/airflow/dags/create_and_populate_taxigov_datawarehouse_dag.py
[2022-08-27 19:42:58,400] {processor.py:641} INFO - Processing file /opt/airflow/dags/create_and_populate_taxigov_datawarehouse_dag.py for tasks to queue
[2022-08-27 19:42:58,402] {logging_mixin.py:115} INFO - [2022-08-27 19:42:58,402] {dagbag.py:508} INFO - Filling up the DagBag from /opt/airflow/dags/create_and_populate_taxigov_datawarehouse_dag.py
[2022-08-27 19:42:58,420] {processor.py:651} INFO - DAG(s) dict_keys(['create_and_populate_taxigov_datawarehouse']) retrieved from /opt/airflow/dags/create_and_populate_taxigov_datawarehouse_dag.py
[2022-08-27 19:42:58,464] {logging_mixin.py:115} INFO - [2022-08-27 19:42:58,464] {dag.py:2420} INFO - Sync 1 DAGs
[2022-08-27 19:42:58,479] {logging_mixin.py:115} INFO - [2022-08-27 19:42:58,479] {dag.py:2972} INFO - Setting next_dagrun for create_and_populate_taxigov_datawarehouse to 2022-09-01T00:00:00+00:00, run_after=2022-10-01T00:00:00+00:00
[2022-08-27 19:42:58,486] {processor.py:161} INFO - Processing /opt/airflow/dags/create_and_populate_taxigov_datawarehouse_dag.py took 0.097 seconds
[2022-08-27 19:43:29,113] {processor.py:153} INFO - Started process (PID=9113) to work on /opt/airflow/dags/create_and_populate_taxigov_datawarehouse_dag.py
[2022-08-27 19:43:29,115] {processor.py:641} INFO - Processing file /opt/airflow/dags/create_and_populate_taxigov_datawarehouse_dag.py for tasks to queue
[2022-08-27 19:43:29,116] {logging_mixin.py:115} INFO - [2022-08-27 19:43:29,116] {dagbag.py:508} INFO - Filling up the DagBag from /opt/airflow/dags/create_and_populate_taxigov_datawarehouse_dag.py
[2022-08-27 19:43:29,137] {processor.py:651} INFO - DAG(s) dict_keys(['create_and_populate_taxigov_datawarehouse']) retrieved from /opt/airflow/dags/create_and_populate_taxigov_datawarehouse_dag.py
[2022-08-27 19:43:29,185] {logging_mixin.py:115} INFO - [2022-08-27 19:43:29,185] {dag.py:2420} INFO - Sync 1 DAGs
[2022-08-27 19:43:29,201] {logging_mixin.py:115} INFO - [2022-08-27 19:43:29,200] {dag.py:2972} INFO - Setting next_dagrun for create_and_populate_taxigov_datawarehouse to 2022-09-01T00:00:00+00:00, run_after=2022-10-01T00:00:00+00:00
[2022-08-27 19:43:29,208] {processor.py:161} INFO - Processing /opt/airflow/dags/create_and_populate_taxigov_datawarehouse_dag.py took 0.104 seconds
[2022-08-27 19:43:36,550] {processor.py:153} INFO - Started process (PID=9134) to work on /opt/airflow/dags/create_and_populate_taxigov_datawarehouse_dag.py
[2022-08-27 19:43:36,556] {processor.py:641} INFO - Processing file /opt/airflow/dags/create_and_populate_taxigov_datawarehouse_dag.py for tasks to queue
[2022-08-27 19:43:36,558] {logging_mixin.py:115} INFO - [2022-08-27 19:43:36,557] {dagbag.py:508} INFO - Filling up the DagBag from /opt/airflow/dags/create_and_populate_taxigov_datawarehouse_dag.py
[2022-08-27 19:43:36,586] {processor.py:651} INFO - DAG(s) dict_keys(['create_and_populate_taxigov_datawarehouse']) retrieved from /opt/airflow/dags/create_and_populate_taxigov_datawarehouse_dag.py
[2022-08-27 19:43:36,600] {logging_mixin.py:115} INFO - [2022-08-27 19:43:36,600] {dag.py:2420} INFO - Sync 1 DAGs
[2022-08-27 19:43:36,616] {logging_mixin.py:115} INFO - [2022-08-27 19:43:36,616] {dag.py:2972} INFO - Setting next_dagrun for create_and_populate_taxigov_datawarehouse to 2022-09-01T00:00:00+00:00, run_after=2022-10-01T00:00:00+00:00
[2022-08-27 19:43:36,624] {processor.py:161} INFO - Processing /opt/airflow/dags/create_and_populate_taxigov_datawarehouse_dag.py took 0.076 seconds
[2022-08-27 19:44:07,182] {processor.py:153} INFO - Started process (PID=9188) to work on /opt/airflow/dags/create_and_populate_taxigov_datawarehouse_dag.py
[2022-08-27 19:44:07,182] {processor.py:641} INFO - Processing file /opt/airflow/dags/create_and_populate_taxigov_datawarehouse_dag.py for tasks to queue
[2022-08-27 19:44:07,183] {logging_mixin.py:115} INFO - [2022-08-27 19:44:07,182] {dagbag.py:508} INFO - Filling up the DagBag from /opt/airflow/dags/create_and_populate_taxigov_datawarehouse_dag.py
[2022-08-27 19:44:07,191] {processor.py:651} INFO - DAG(s) dict_keys(['create_and_populate_taxigov_datawarehouse']) retrieved from /opt/airflow/dags/create_and_populate_taxigov_datawarehouse_dag.py
[2022-08-27 19:44:07,244] {logging_mixin.py:115} INFO - [2022-08-27 19:44:07,244] {dag.py:2420} INFO - Sync 1 DAGs
[2022-08-27 19:44:07,260] {logging_mixin.py:115} INFO - [2022-08-27 19:44:07,260] {dag.py:2972} INFO - Setting next_dagrun for create_and_populate_taxigov_datawarehouse to 2022-09-01T00:00:00+00:00, run_after=2022-10-01T00:00:00+00:00
[2022-08-27 19:44:07,269] {processor.py:161} INFO - Processing /opt/airflow/dags/create_and_populate_taxigov_datawarehouse_dag.py took 0.091 seconds
[2022-08-27 19:44:37,791] {processor.py:153} INFO - Started process (PID=9251) to work on /opt/airflow/dags/create_and_populate_taxigov_datawarehouse_dag.py
[2022-08-27 19:44:37,791] {processor.py:641} INFO - Processing file /opt/airflow/dags/create_and_populate_taxigov_datawarehouse_dag.py for tasks to queue
[2022-08-27 19:44:37,791] {logging_mixin.py:115} INFO - [2022-08-27 19:44:37,791] {dagbag.py:508} INFO - Filling up the DagBag from /opt/airflow/dags/create_and_populate_taxigov_datawarehouse_dag.py
[2022-08-27 19:44:37,800] {processor.py:651} INFO - DAG(s) dict_keys(['create_and_populate_taxigov_datawarehouse']) retrieved from /opt/airflow/dags/create_and_populate_taxigov_datawarehouse_dag.py
[2022-08-27 19:44:37,846] {logging_mixin.py:115} INFO - [2022-08-27 19:44:37,846] {dag.py:2420} INFO - Sync 1 DAGs
[2022-08-27 19:44:37,861] {logging_mixin.py:115} INFO - [2022-08-27 19:44:37,860] {dag.py:2972} INFO - Setting next_dagrun for create_and_populate_taxigov_datawarehouse to 2022-09-01T00:00:00+00:00, run_after=2022-10-01T00:00:00+00:00
[2022-08-27 19:44:37,869] {processor.py:161} INFO - Processing /opt/airflow/dags/create_and_populate_taxigov_datawarehouse_dag.py took 0.080 seconds
[2022-08-27 19:45:08,513] {processor.py:153} INFO - Started process (PID=9313) to work on /opt/airflow/dags/create_and_populate_taxigov_datawarehouse_dag.py
[2022-08-27 19:45:08,514] {processor.py:641} INFO - Processing file /opt/airflow/dags/create_and_populate_taxigov_datawarehouse_dag.py for tasks to queue
[2022-08-27 19:45:08,514] {logging_mixin.py:115} INFO - [2022-08-27 19:45:08,514] {dagbag.py:508} INFO - Filling up the DagBag from /opt/airflow/dags/create_and_populate_taxigov_datawarehouse_dag.py
[2022-08-27 19:45:08,520] {processor.py:651} INFO - DAG(s) dict_keys(['create_and_populate_taxigov_datawarehouse']) retrieved from /opt/airflow/dags/create_and_populate_taxigov_datawarehouse_dag.py
[2022-08-27 19:45:08,568] {logging_mixin.py:115} INFO - [2022-08-27 19:45:08,568] {dag.py:2420} INFO - Sync 1 DAGs
[2022-08-27 19:45:08,584] {logging_mixin.py:115} INFO - [2022-08-27 19:45:08,583] {dag.py:2972} INFO - Setting next_dagrun for create_and_populate_taxigov_datawarehouse to 2022-09-01T00:00:00+00:00, run_after=2022-10-01T00:00:00+00:00
[2022-08-27 19:45:08,592] {processor.py:161} INFO - Processing /opt/airflow/dags/create_and_populate_taxigov_datawarehouse_dag.py took 0.081 seconds
[2022-08-27 19:45:39,092] {processor.py:153} INFO - Started process (PID=9376) to work on /opt/airflow/dags/create_and_populate_taxigov_datawarehouse_dag.py
[2022-08-27 19:45:39,093] {processor.py:641} INFO - Processing file /opt/airflow/dags/create_and_populate_taxigov_datawarehouse_dag.py for tasks to queue
[2022-08-27 19:45:39,094] {logging_mixin.py:115} INFO - [2022-08-27 19:45:39,094] {dagbag.py:508} INFO - Filling up the DagBag from /opt/airflow/dags/create_and_populate_taxigov_datawarehouse_dag.py
[2022-08-27 19:45:39,105] {processor.py:651} INFO - DAG(s) dict_keys(['create_and_populate_taxigov_datawarehouse']) retrieved from /opt/airflow/dags/create_and_populate_taxigov_datawarehouse_dag.py
[2022-08-27 19:45:39,154] {logging_mixin.py:115} INFO - [2022-08-27 19:45:39,154] {dag.py:2420} INFO - Sync 1 DAGs
[2022-08-27 19:45:39,169] {logging_mixin.py:115} INFO - [2022-08-27 19:45:39,169] {dag.py:2972} INFO - Setting next_dagrun for create_and_populate_taxigov_datawarehouse to 2022-09-01T00:00:00+00:00, run_after=2022-10-01T00:00:00+00:00
[2022-08-27 19:45:39,179] {processor.py:161} INFO - Processing /opt/airflow/dags/create_and_populate_taxigov_datawarehouse_dag.py took 0.091 seconds
[2022-08-27 19:46:09,831] {processor.py:153} INFO - Started process (PID=9430) to work on /opt/airflow/dags/create_and_populate_taxigov_datawarehouse_dag.py
[2022-08-27 19:46:09,831] {processor.py:641} INFO - Processing file /opt/airflow/dags/create_and_populate_taxigov_datawarehouse_dag.py for tasks to queue
[2022-08-27 19:46:09,832] {logging_mixin.py:115} INFO - [2022-08-27 19:46:09,831] {dagbag.py:508} INFO - Filling up the DagBag from /opt/airflow/dags/create_and_populate_taxigov_datawarehouse_dag.py
[2022-08-27 19:46:09,839] {processor.py:651} INFO - DAG(s) dict_keys(['create_and_populate_taxigov_datawarehouse']) retrieved from /opt/airflow/dags/create_and_populate_taxigov_datawarehouse_dag.py
[2022-08-27 19:46:09,886] {logging_mixin.py:115} INFO - [2022-08-27 19:46:09,886] {dag.py:2420} INFO - Sync 1 DAGs
[2022-08-27 19:46:09,904] {logging_mixin.py:115} INFO - [2022-08-27 19:46:09,904] {dag.py:2972} INFO - Setting next_dagrun for create_and_populate_taxigov_datawarehouse to 2022-09-01T00:00:00+00:00, run_after=2022-10-01T00:00:00+00:00
[2022-08-27 19:46:09,912] {processor.py:161} INFO - Processing /opt/airflow/dags/create_and_populate_taxigov_datawarehouse_dag.py took 0.084 seconds
[2022-08-27 19:46:11,074] {processor.py:153} INFO - Started process (PID=9445) to work on /opt/airflow/dags/create_and_populate_taxigov_datawarehouse_dag.py
[2022-08-27 19:46:11,074] {processor.py:641} INFO - Processing file /opt/airflow/dags/create_and_populate_taxigov_datawarehouse_dag.py for tasks to queue
[2022-08-27 19:46:11,075] {logging_mixin.py:115} INFO - [2022-08-27 19:46:11,075] {dagbag.py:508} INFO - Filling up the DagBag from /opt/airflow/dags/create_and_populate_taxigov_datawarehouse_dag.py
[2022-08-27 19:46:11,084] {processor.py:651} INFO - DAG(s) dict_keys(['create_and_populate_taxigov_datawarehouse']) retrieved from /opt/airflow/dags/create_and_populate_taxigov_datawarehouse_dag.py
[2022-08-27 19:46:11,094] {logging_mixin.py:115} INFO - [2022-08-27 19:46:11,094] {dag.py:2420} INFO - Sync 1 DAGs
[2022-08-27 19:46:11,113] {logging_mixin.py:115} INFO - [2022-08-27 19:46:11,113] {dag.py:2972} INFO - Setting next_dagrun for create_and_populate_taxigov_datawarehouse to 2022-09-01T00:00:00+00:00, run_after=2022-10-01T00:00:00+00:00
[2022-08-27 19:46:11,121] {processor.py:161} INFO - Processing /opt/airflow/dags/create_and_populate_taxigov_datawarehouse_dag.py took 0.051 seconds
[2022-08-27 19:46:41,618] {processor.py:153} INFO - Started process (PID=9501) to work on /opt/airflow/dags/create_and_populate_taxigov_datawarehouse_dag.py
[2022-08-27 19:46:41,618] {processor.py:641} INFO - Processing file /opt/airflow/dags/create_and_populate_taxigov_datawarehouse_dag.py for tasks to queue
[2022-08-27 19:46:41,619] {logging_mixin.py:115} INFO - [2022-08-27 19:46:41,619] {dagbag.py:508} INFO - Filling up the DagBag from /opt/airflow/dags/create_and_populate_taxigov_datawarehouse_dag.py
[2022-08-27 19:46:41,627] {processor.py:651} INFO - DAG(s) dict_keys(['create_and_populate_taxigov_datawarehouse']) retrieved from /opt/airflow/dags/create_and_populate_taxigov_datawarehouse_dag.py
[2022-08-27 19:46:41,677] {logging_mixin.py:115} INFO - [2022-08-27 19:46:41,676] {dag.py:2420} INFO - Sync 1 DAGs
[2022-08-27 19:46:41,693] {logging_mixin.py:115} INFO - [2022-08-27 19:46:41,692] {dag.py:2972} INFO - Setting next_dagrun for create_and_populate_taxigov_datawarehouse to 2022-09-01T00:00:00+00:00, run_after=2022-10-01T00:00:00+00:00
[2022-08-27 19:46:41,701] {processor.py:161} INFO - Processing /opt/airflow/dags/create_and_populate_taxigov_datawarehouse_dag.py took 0.085 seconds
[2022-08-27 19:46:56,105] {processor.py:153} INFO - Started process (PID=9528) to work on /opt/airflow/dags/create_and_populate_taxigov_datawarehouse_dag.py
[2022-08-27 19:46:56,111] {processor.py:641} INFO - Processing file /opt/airflow/dags/create_and_populate_taxigov_datawarehouse_dag.py for tasks to queue
[2022-08-27 19:46:56,111] {logging_mixin.py:115} INFO - [2022-08-27 19:46:56,111] {dagbag.py:508} INFO - Filling up the DagBag from /opt/airflow/dags/create_and_populate_taxigov_datawarehouse_dag.py
[2022-08-27 19:46:56,119] {processor.py:651} INFO - DAG(s) dict_keys(['create_and_populate_taxigov_datawarehouse']) retrieved from /opt/airflow/dags/create_and_populate_taxigov_datawarehouse_dag.py
[2022-08-27 19:46:56,132] {logging_mixin.py:115} INFO - [2022-08-27 19:46:56,132] {dag.py:2420} INFO - Sync 1 DAGs
[2022-08-27 19:46:56,154] {logging_mixin.py:115} INFO - [2022-08-27 19:46:56,154] {dag.py:2972} INFO - Setting next_dagrun for create_and_populate_taxigov_datawarehouse to 2022-09-01T00:00:00+00:00, run_after=2022-10-01T00:00:00+00:00
[2022-08-27 19:46:56,163] {processor.py:161} INFO - Processing /opt/airflow/dags/create_and_populate_taxigov_datawarehouse_dag.py took 0.061 seconds
[2022-08-27 19:47:21,150] {processor.py:153} INFO - Started process (PID=9574) to work on /opt/airflow/dags/create_and_populate_taxigov_datawarehouse_dag.py
[2022-08-27 19:47:21,150] {processor.py:641} INFO - Processing file /opt/airflow/dags/create_and_populate_taxigov_datawarehouse_dag.py for tasks to queue
[2022-08-27 19:47:21,150] {logging_mixin.py:115} INFO - [2022-08-27 19:47:21,150] {dagbag.py:508} INFO - Filling up the DagBag from /opt/airflow/dags/create_and_populate_taxigov_datawarehouse_dag.py
[2022-08-27 19:47:21,157] {processor.py:651} INFO - DAG(s) dict_keys(['create_and_populate_taxigov_datawarehouse']) retrieved from /opt/airflow/dags/create_and_populate_taxigov_datawarehouse_dag.py
[2022-08-27 19:47:21,203] {logging_mixin.py:115} INFO - [2022-08-27 19:47:21,203] {dag.py:2420} INFO - Sync 1 DAGs
[2022-08-27 19:47:21,217] {logging_mixin.py:115} INFO - [2022-08-27 19:47:21,217] {dag.py:2972} INFO - Setting next_dagrun for create_and_populate_taxigov_datawarehouse to 2022-09-01T00:00:00+00:00, run_after=2022-10-01T00:00:00+00:00
[2022-08-27 19:47:21,226] {processor.py:161} INFO - Processing /opt/airflow/dags/create_and_populate_taxigov_datawarehouse_dag.py took 0.078 seconds
[2022-08-27 19:47:51,666] {processor.py:153} INFO - Started process (PID=9636) to work on /opt/airflow/dags/create_and_populate_taxigov_datawarehouse_dag.py
[2022-08-27 19:47:51,666] {processor.py:641} INFO - Processing file /opt/airflow/dags/create_and_populate_taxigov_datawarehouse_dag.py for tasks to queue
[2022-08-27 19:47:51,667] {logging_mixin.py:115} INFO - [2022-08-27 19:47:51,667] {dagbag.py:508} INFO - Filling up the DagBag from /opt/airflow/dags/create_and_populate_taxigov_datawarehouse_dag.py
[2022-08-27 19:47:51,674] {processor.py:651} INFO - DAG(s) dict_keys(['create_and_populate_taxigov_datawarehouse']) retrieved from /opt/airflow/dags/create_and_populate_taxigov_datawarehouse_dag.py
[2022-08-27 19:47:51,727] {logging_mixin.py:115} INFO - [2022-08-27 19:47:51,727] {dag.py:2420} INFO - Sync 1 DAGs
[2022-08-27 19:47:51,743] {logging_mixin.py:115} INFO - [2022-08-27 19:47:51,743] {dag.py:2972} INFO - Setting next_dagrun for create_and_populate_taxigov_datawarehouse to 2022-09-01T00:00:00+00:00, run_after=2022-10-01T00:00:00+00:00
[2022-08-27 19:47:51,752] {processor.py:161} INFO - Processing /opt/airflow/dags/create_and_populate_taxigov_datawarehouse_dag.py took 0.088 seconds
[2022-08-27 19:48:04,265] {processor.py:153} INFO - Started process (PID=9663) to work on /opt/airflow/dags/create_and_populate_taxigov_datawarehouse_dag.py
[2022-08-27 19:48:04,265] {processor.py:641} INFO - Processing file /opt/airflow/dags/create_and_populate_taxigov_datawarehouse_dag.py for tasks to queue
[2022-08-27 19:48:04,265] {logging_mixin.py:115} INFO - [2022-08-27 19:48:04,265] {dagbag.py:508} INFO - Filling up the DagBag from /opt/airflow/dags/create_and_populate_taxigov_datawarehouse_dag.py
[2022-08-27 19:48:04,272] {processor.py:651} INFO - DAG(s) dict_keys(['create_and_populate_taxigov_datawarehouse']) retrieved from /opt/airflow/dags/create_and_populate_taxigov_datawarehouse_dag.py
[2022-08-27 19:48:04,280] {logging_mixin.py:115} INFO - [2022-08-27 19:48:04,280] {dag.py:2420} INFO - Sync 1 DAGs
[2022-08-27 19:48:04,297] {logging_mixin.py:115} INFO - [2022-08-27 19:48:04,296] {dag.py:2972} INFO - Setting next_dagrun for create_and_populate_taxigov_datawarehouse to 2022-09-01T00:00:00+00:00, run_after=2022-10-01T00:00:00+00:00
[2022-08-27 19:48:04,304] {processor.py:161} INFO - Processing /opt/airflow/dags/create_and_populate_taxigov_datawarehouse_dag.py took 0.041 seconds
[2022-08-27 19:48:09,687] {processor.py:153} INFO - Started process (PID=9671) to work on /opt/airflow/dags/create_and_populate_taxigov_datawarehouse_dag.py
[2022-08-27 19:48:09,687] {processor.py:641} INFO - Processing file /opt/airflow/dags/create_and_populate_taxigov_datawarehouse_dag.py for tasks to queue
[2022-08-27 19:48:09,688] {logging_mixin.py:115} INFO - [2022-08-27 19:48:09,688] {dagbag.py:508} INFO - Filling up the DagBag from /opt/airflow/dags/create_and_populate_taxigov_datawarehouse_dag.py
[2022-08-27 19:48:09,696] {processor.py:651} INFO - DAG(s) dict_keys(['create_and_populate_taxigov_datawarehouse']) retrieved from /opt/airflow/dags/create_and_populate_taxigov_datawarehouse_dag.py
[2022-08-27 19:48:09,708] {logging_mixin.py:115} INFO - [2022-08-27 19:48:09,708] {dag.py:2420} INFO - Sync 1 DAGs
[2022-08-27 19:48:09,729] {logging_mixin.py:115} INFO - [2022-08-27 19:48:09,729] {dag.py:2972} INFO - Setting next_dagrun for create_and_populate_taxigov_datawarehouse to 2022-09-01T00:00:00+00:00, run_after=2022-10-01T00:00:00+00:00
[2022-08-27 19:48:09,741] {processor.py:161} INFO - Processing /opt/airflow/dags/create_and_populate_taxigov_datawarehouse_dag.py took 0.057 seconds
[2022-08-27 19:48:39,790] {processor.py:153} INFO - Started process (PID=9733) to work on /opt/airflow/dags/create_and_populate_taxigov_datawarehouse_dag.py
[2022-08-27 19:48:39,790] {processor.py:641} INFO - Processing file /opt/airflow/dags/create_and_populate_taxigov_datawarehouse_dag.py for tasks to queue
[2022-08-27 19:48:39,790] {logging_mixin.py:115} INFO - [2022-08-27 19:48:39,790] {dagbag.py:508} INFO - Filling up the DagBag from /opt/airflow/dags/create_and_populate_taxigov_datawarehouse_dag.py
[2022-08-27 19:48:39,801] {processor.py:651} INFO - DAG(s) dict_keys(['create_and_populate_taxigov_datawarehouse']) retrieved from /opt/airflow/dags/create_and_populate_taxigov_datawarehouse_dag.py
[2022-08-27 19:48:39,864] {logging_mixin.py:115} INFO - [2022-08-27 19:48:39,864] {dag.py:2420} INFO - Sync 1 DAGs
[2022-08-27 19:48:39,879] {logging_mixin.py:115} INFO - [2022-08-27 19:48:39,879] {dag.py:2972} INFO - Setting next_dagrun for create_and_populate_taxigov_datawarehouse to 2022-09-01T00:00:00+00:00, run_after=2022-10-01T00:00:00+00:00
[2022-08-27 19:48:39,887] {processor.py:161} INFO - Processing /opt/airflow/dags/create_and_populate_taxigov_datawarehouse_dag.py took 0.100 seconds
[2022-08-27 19:48:52,444] {processor.py:153} INFO - Started process (PID=9755) to work on /opt/airflow/dags/create_and_populate_taxigov_datawarehouse_dag.py
[2022-08-27 19:48:52,445] {processor.py:641} INFO - Processing file /opt/airflow/dags/create_and_populate_taxigov_datawarehouse_dag.py for tasks to queue
[2022-08-27 19:48:52,445] {logging_mixin.py:115} INFO - [2022-08-27 19:48:52,445] {dagbag.py:508} INFO - Filling up the DagBag from /opt/airflow/dags/create_and_populate_taxigov_datawarehouse_dag.py
[2022-08-27 19:48:52,453] {processor.py:651} INFO - DAG(s) dict_keys(['create_and_populate_taxigov_datawarehouse']) retrieved from /opt/airflow/dags/create_and_populate_taxigov_datawarehouse_dag.py
[2022-08-27 19:48:52,462] {logging_mixin.py:115} INFO - [2022-08-27 19:48:52,462] {dag.py:2420} INFO - Sync 1 DAGs
[2022-08-27 19:48:52,484] {logging_mixin.py:115} INFO - [2022-08-27 19:48:52,484] {dag.py:2972} INFO - Setting next_dagrun for create_and_populate_taxigov_datawarehouse to 2022-09-01T00:00:00+00:00, run_after=2022-10-01T00:00:00+00:00
[2022-08-27 19:48:52,492] {processor.py:161} INFO - Processing /opt/airflow/dags/create_and_populate_taxigov_datawarehouse_dag.py took 0.050 seconds
