[2022-08-27 15:25:44,690] {processor.py:153} INFO - Started process (PID=40) to work on /opt/airflow/dags/taxi_rides_dag.py
[2022-08-27 15:25:44,691] {processor.py:641} INFO - Processing file /opt/airflow/dags/taxi_rides_dag.py for tasks to queue
[2022-08-27 15:25:44,691] {logging_mixin.py:115} INFO - [2022-08-27 15:25:44,691] {dagbag.py:508} INFO - Filling up the DagBag from /opt/airflow/dags/taxi_rides_dag.py
[2022-08-27 15:25:48,194] {logging_mixin.py:115} INFO - [2022-08-27 15:25:48,194] {taxi_rides_dag.py:18} INFO - Request result: 200
[2022-08-27 15:25:48,757] {processor.py:651} INFO - DAG(s) dict_keys(['taxi_rides_data']) retrieved from /opt/airflow/dags/taxi_rides_dag.py
[2022-08-27 15:25:51,511] {logging_mixin.py:115} INFO - [2022-08-27 15:25:51,511] {dag.py:2420} INFO - Sync 1 DAGs
[2022-08-27 15:25:51,523] {logging_mixin.py:115} INFO - [2022-08-27 15:25:51,523] {dag.py:2972} INFO - Setting next_dagrun for taxi_rides_data to 2022-08-27T15:25:44.943942+00:00, run_after=2022-08-28T15:25:44.943942+00:00
[2022-08-27 15:25:57,266] {processor.py:161} INFO - Processing /opt/airflow/dags/taxi_rides_dag.py took 12.579 seconds
[2022-08-27 18:26:02,680] {processor.py:153} INFO - Started process (PID=97) to work on /opt/airflow/dags/taxi_rides_dag.py
[2022-08-27 18:26:02,680] {processor.py:641} INFO - Processing file /opt/airflow/dags/taxi_rides_dag.py for tasks to queue
[2022-08-27 18:26:02,681] {logging_mixin.py:115} INFO - [2022-08-27 18:26:02,681] {dagbag.py:508} INFO - Filling up the DagBag from /opt/airflow/dags/taxi_rides_dag.py
[2022-08-27 18:26:07,704] {logging_mixin.py:115} INFO - [2022-08-27 18:26:07,704] {taxi_rides_dag.py:18} INFO - Request result: 200
[2022-08-27 18:26:08,158] {processor.py:651} INFO - DAG(s) dict_keys(['taxi_rides_data']) retrieved from /opt/airflow/dags/taxi_rides_dag.py
[2022-08-27 18:26:10,735] {logging_mixin.py:115} INFO - [2022-08-27 18:26:10,735] {dag.py:2420} INFO - Sync 1 DAGs
[2022-08-27 18:26:10,747] {logging_mixin.py:115} INFO - [2022-08-27 18:26:10,747] {dag.py:2972} INFO - Setting next_dagrun for taxi_rides_data to 2022-08-27T18:26:03.439223+00:00, run_after=2022-08-28T18:26:03.439223+00:00
[2022-08-27 18:26:16,252] {processor.py:161} INFO - Processing /opt/airflow/dags/taxi_rides_dag.py took 13.574 seconds
[2022-08-27 18:26:47,038] {processor.py:153} INFO - Started process (PID=202) to work on /opt/airflow/dags/taxi_rides_dag.py
[2022-08-27 18:26:47,039] {processor.py:641} INFO - Processing file /opt/airflow/dags/taxi_rides_dag.py for tasks to queue
[2022-08-27 18:26:47,039] {logging_mixin.py:115} INFO - [2022-08-27 18:26:47,039] {dagbag.py:508} INFO - Filling up the DagBag from /opt/airflow/dags/taxi_rides_dag.py
[2022-08-27 18:26:51,471] {logging_mixin.py:115} INFO - [2022-08-27 18:26:51,471] {taxi_rides_dag.py:18} INFO - Request result: 200
[2022-08-27 18:26:51,877] {processor.py:651} INFO - DAG(s) dict_keys(['taxi_rides_data']) retrieved from /opt/airflow/dags/taxi_rides_dag.py
[2022-08-27 18:26:54,224] {logging_mixin.py:115} INFO - [2022-08-27 18:26:54,224] {dag.py:2420} INFO - Sync 1 DAGs
[2022-08-27 18:26:54,235] {logging_mixin.py:115} INFO - [2022-08-27 18:26:54,235] {dag.py:2972} INFO - Setting next_dagrun for taxi_rides_data to 2022-08-27T18:26:47.197651+00:00, run_after=2022-08-28T18:26:47.197651+00:00
[2022-08-27 18:26:59,066] {processor.py:161} INFO - Processing /opt/airflow/dags/taxi_rides_dag.py took 12.029 seconds
[2022-08-27 18:27:29,694] {processor.py:153} INFO - Started process (PID=264) to work on /opt/airflow/dags/taxi_rides_dag.py
[2022-08-27 18:27:29,694] {processor.py:641} INFO - Processing file /opt/airflow/dags/taxi_rides_dag.py for tasks to queue
[2022-08-27 18:27:29,694] {logging_mixin.py:115} INFO - [2022-08-27 18:27:29,694] {dagbag.py:508} INFO - Filling up the DagBag from /opt/airflow/dags/taxi_rides_dag.py
[2022-08-27 18:27:33,049] {logging_mixin.py:115} INFO - [2022-08-27 18:27:33,049] {taxi_rides_dag.py:18} INFO - Request result: 200
[2022-08-27 18:27:33,461] {processor.py:651} INFO - DAG(s) dict_keys(['taxi_rides_data']) retrieved from /opt/airflow/dags/taxi_rides_dag.py
[2022-08-27 18:27:35,788] {logging_mixin.py:115} INFO - [2022-08-27 18:27:35,788] {dag.py:2420} INFO - Sync 1 DAGs
[2022-08-27 18:27:35,800] {logging_mixin.py:115} INFO - [2022-08-27 18:27:35,800] {dag.py:2972} INFO - Setting next_dagrun for taxi_rides_data to 2022-08-27T18:27:29.833287+00:00, run_after=2022-08-28T18:27:29.833287+00:00
[2022-08-27 18:27:40,743] {processor.py:161} INFO - Processing /opt/airflow/dags/taxi_rides_dag.py took 11.051 seconds
[2022-08-27 18:28:10,854] {processor.py:153} INFO - Started process (PID=368) to work on /opt/airflow/dags/taxi_rides_dag.py
[2022-08-27 18:28:10,854] {processor.py:641} INFO - Processing file /opt/airflow/dags/taxi_rides_dag.py for tasks to queue
[2022-08-27 18:28:10,855] {logging_mixin.py:115} INFO - [2022-08-27 18:28:10,855] {dagbag.py:508} INFO - Filling up the DagBag from /opt/airflow/dags/taxi_rides_dag.py
[2022-08-27 18:28:19,297] {logging_mixin.py:115} INFO - [2022-08-27 18:28:19,297] {taxi_rides_dag.py:18} INFO - Request result: 200
[2022-08-27 18:28:19,708] {processor.py:651} INFO - DAG(s) dict_keys(['taxi_rides_data']) retrieved from /opt/airflow/dags/taxi_rides_dag.py
[2022-08-27 18:28:22,061] {logging_mixin.py:115} INFO - [2022-08-27 18:28:22,061] {dag.py:2420} INFO - Sync 1 DAGs
[2022-08-27 18:28:22,072] {logging_mixin.py:115} INFO - [2022-08-27 18:28:22,072] {dag.py:2972} INFO - Setting next_dagrun for taxi_rides_data to 2022-08-27T18:28:10.998753+00:00, run_after=2022-08-28T18:28:10.998753+00:00
[2022-08-27 18:28:26,916] {processor.py:161} INFO - Processing /opt/airflow/dags/taxi_rides_dag.py took 16.064 seconds
[2022-08-27 18:28:57,139] {processor.py:153} INFO - Started process (PID=440) to work on /opt/airflow/dags/taxi_rides_dag.py
[2022-08-27 18:28:57,140] {processor.py:641} INFO - Processing file /opt/airflow/dags/taxi_rides_dag.py for tasks to queue
[2022-08-27 18:28:57,140] {logging_mixin.py:115} INFO - [2022-08-27 18:28:57,140] {dagbag.py:508} INFO - Filling up the DagBag from /opt/airflow/dags/taxi_rides_dag.py
[2022-08-27 18:29:01,706] {logging_mixin.py:115} INFO - [2022-08-27 18:29:01,706] {taxi_rides_dag.py:18} INFO - Request result: 200
[2022-08-27 18:29:02,133] {processor.py:651} INFO - DAG(s) dict_keys(['taxi_rides_data']) retrieved from /opt/airflow/dags/taxi_rides_dag.py
[2022-08-27 18:29:04,532] {logging_mixin.py:115} INFO - [2022-08-27 18:29:04,532] {dag.py:2420} INFO - Sync 1 DAGs
[2022-08-27 18:29:04,543] {logging_mixin.py:115} INFO - [2022-08-27 18:29:04,543] {dag.py:2972} INFO - Setting next_dagrun for taxi_rides_data to 2022-08-27T18:28:57.276731+00:00, run_after=2022-08-28T18:28:57.276731+00:00
[2022-08-27 18:29:09,352] {processor.py:161} INFO - Processing /opt/airflow/dags/taxi_rides_dag.py took 12.214 seconds
[2022-08-27 18:29:39,473] {processor.py:153} INFO - Started process (PID=520) to work on /opt/airflow/dags/taxi_rides_dag.py
[2022-08-27 18:29:39,473] {processor.py:641} INFO - Processing file /opt/airflow/dags/taxi_rides_dag.py for tasks to queue
[2022-08-27 18:29:39,473] {logging_mixin.py:115} INFO - [2022-08-27 18:29:39,473] {dagbag.py:508} INFO - Filling up the DagBag from /opt/airflow/dags/taxi_rides_dag.py
[2022-08-27 18:29:42,819] {logging_mixin.py:115} INFO - [2022-08-27 18:29:42,819] {taxi_rides_dag.py:18} INFO - Request result: 200
[2022-08-27 18:29:43,226] {processor.py:651} INFO - DAG(s) dict_keys(['taxi_rides_data']) retrieved from /opt/airflow/dags/taxi_rides_dag.py
[2022-08-27 18:29:45,707] {logging_mixin.py:115} INFO - [2022-08-27 18:29:45,707] {dag.py:2420} INFO - Sync 1 DAGs
[2022-08-27 18:29:45,718] {logging_mixin.py:115} INFO - [2022-08-27 18:29:45,718] {dag.py:2972} INFO - Setting next_dagrun for taxi_rides_data to 2022-08-27T18:29:39.630812+00:00, run_after=2022-08-28T18:29:39.630812+00:00
[2022-08-27 18:29:50,518] {processor.py:161} INFO - Processing /opt/airflow/dags/taxi_rides_dag.py took 11.047 seconds
[2022-08-27 18:30:21,252] {processor.py:153} INFO - Started process (PID=616) to work on /opt/airflow/dags/taxi_rides_dag.py
[2022-08-27 18:30:21,258] {processor.py:641} INFO - Processing file /opt/airflow/dags/taxi_rides_dag.py for tasks to queue
[2022-08-27 18:30:21,259] {logging_mixin.py:115} INFO - [2022-08-27 18:30:21,259] {dagbag.py:508} INFO - Filling up the DagBag from /opt/airflow/dags/taxi_rides_dag.py
[2022-08-27 18:30:24,590] {logging_mixin.py:115} INFO - [2022-08-27 18:30:24,590] {taxi_rides_dag.py:18} INFO - Request result: 200
[2022-08-27 18:30:24,989] {processor.py:651} INFO - DAG(s) dict_keys(['taxi_rides_data']) retrieved from /opt/airflow/dags/taxi_rides_dag.py
[2022-08-27 18:30:27,283] {logging_mixin.py:115} INFO - [2022-08-27 18:30:27,283] {dag.py:2420} INFO - Sync 1 DAGs
[2022-08-27 18:30:27,294] {logging_mixin.py:115} INFO - [2022-08-27 18:30:27,294] {dag.py:2972} INFO - Setting next_dagrun for taxi_rides_data to 2022-08-27T18:30:21.397864+00:00, run_after=2022-08-28T18:30:21.397864+00:00
[2022-08-27 18:30:32,259] {processor.py:161} INFO - Processing /opt/airflow/dags/taxi_rides_dag.py took 11.008 seconds
[2022-08-27 18:31:02,830] {processor.py:153} INFO - Started process (PID=689) to work on /opt/airflow/dags/taxi_rides_dag.py
[2022-08-27 18:31:02,831] {processor.py:641} INFO - Processing file /opt/airflow/dags/taxi_rides_dag.py for tasks to queue
[2022-08-27 18:31:02,831] {logging_mixin.py:115} INFO - [2022-08-27 18:31:02,831] {dagbag.py:508} INFO - Filling up the DagBag from /opt/airflow/dags/taxi_rides_dag.py
[2022-08-27 18:31:08,958] {logging_mixin.py:115} INFO - [2022-08-27 18:31:08,958] {taxi_rides_dag.py:18} INFO - Request result: 200
[2022-08-27 18:31:09,371] {processor.py:651} INFO - DAG(s) dict_keys(['taxi_rides_data']) retrieved from /opt/airflow/dags/taxi_rides_dag.py
[2022-08-27 18:31:11,801] {logging_mixin.py:115} INFO - [2022-08-27 18:31:11,801] {dag.py:2420} INFO - Sync 1 DAGs
[2022-08-27 18:31:11,813] {logging_mixin.py:115} INFO - [2022-08-27 18:31:11,813] {dag.py:2972} INFO - Setting next_dagrun for taxi_rides_data to 2022-08-27T18:31:02.986366+00:00, run_after=2022-08-28T18:31:02.986366+00:00
[2022-08-27 18:31:17,159] {processor.py:161} INFO - Processing /opt/airflow/dags/taxi_rides_dag.py took 14.330 seconds
[2022-08-27 18:31:47,439] {processor.py:153} INFO - Started process (PID=794) to work on /opt/airflow/dags/taxi_rides_dag.py
[2022-08-27 18:31:47,439] {processor.py:641} INFO - Processing file /opt/airflow/dags/taxi_rides_dag.py for tasks to queue
[2022-08-27 18:31:47,439] {logging_mixin.py:115} INFO - [2022-08-27 18:31:47,439] {dagbag.py:508} INFO - Filling up the DagBag from /opt/airflow/dags/taxi_rides_dag.py
[2022-08-27 18:31:55,151] {logging_mixin.py:115} INFO - [2022-08-27 18:31:55,151] {taxi_rides_dag.py:18} INFO - Request result: 200
[2022-08-27 18:31:55,546] {processor.py:651} INFO - DAG(s) dict_keys(['taxi_rides_data']) retrieved from /opt/airflow/dags/taxi_rides_dag.py
[2022-08-27 18:31:57,993] {logging_mixin.py:115} INFO - [2022-08-27 18:31:57,993] {dag.py:2420} INFO - Sync 1 DAGs
[2022-08-27 18:31:58,004] {logging_mixin.py:115} INFO - [2022-08-27 18:31:58,004] {dag.py:2972} INFO - Setting next_dagrun for taxi_rides_data to 2022-08-27T18:31:47.577903+00:00, run_after=2022-08-28T18:31:47.577903+00:00
[2022-08-27 18:32:02,892] {processor.py:161} INFO - Processing /opt/airflow/dags/taxi_rides_dag.py took 15.455 seconds
[2022-08-27 18:32:33,646] {processor.py:153} INFO - Started process (PID=865) to work on /opt/airflow/dags/taxi_rides_dag.py
[2022-08-27 18:32:33,652] {processor.py:641} INFO - Processing file /opt/airflow/dags/taxi_rides_dag.py for tasks to queue
[2022-08-27 18:32:33,652] {logging_mixin.py:115} INFO - [2022-08-27 18:32:33,652] {dagbag.py:508} INFO - Filling up the DagBag from /opt/airflow/dags/taxi_rides_dag.py
[2022-08-27 18:32:37,988] {logging_mixin.py:115} INFO - [2022-08-27 18:32:37,988] {taxi_rides_dag.py:18} INFO - Request result: 200
[2022-08-27 18:32:38,382] {processor.py:651} INFO - DAG(s) dict_keys(['taxi_rides_data']) retrieved from /opt/airflow/dags/taxi_rides_dag.py
[2022-08-27 18:32:40,765] {logging_mixin.py:115} INFO - [2022-08-27 18:32:40,765] {dag.py:2420} INFO - Sync 1 DAGs
[2022-08-27 18:32:40,778] {logging_mixin.py:115} INFO - [2022-08-27 18:32:40,778] {dag.py:2972} INFO - Setting next_dagrun for taxi_rides_data to 2022-08-27T18:32:33.799202+00:00, run_after=2022-08-28T18:32:33.799202+00:00
[2022-08-27 18:32:45,775] {processor.py:161} INFO - Processing /opt/airflow/dags/taxi_rides_dag.py took 12.130 seconds
[2022-08-27 18:33:16,243] {processor.py:153} INFO - Started process (PID=956) to work on /opt/airflow/dags/taxi_rides_dag.py
[2022-08-27 18:33:16,248] {processor.py:641} INFO - Processing file /opt/airflow/dags/taxi_rides_dag.py for tasks to queue
[2022-08-27 18:33:16,248] {logging_mixin.py:115} INFO - [2022-08-27 18:33:16,248] {dagbag.py:508} INFO - Filling up the DagBag from /opt/airflow/dags/taxi_rides_dag.py
[2022-08-27 18:33:21,399] {logging_mixin.py:115} INFO - [2022-08-27 18:33:21,398] {taxi_rides_dag.py:18} INFO - Request result: 200
[2022-08-27 18:33:21,795] {processor.py:651} INFO - DAG(s) dict_keys(['taxi_rides_data']) retrieved from /opt/airflow/dags/taxi_rides_dag.py
[2022-08-27 18:33:24,126] {logging_mixin.py:115} INFO - [2022-08-27 18:33:24,126] {dag.py:2420} INFO - Sync 1 DAGs
[2022-08-27 18:33:24,137] {logging_mixin.py:115} INFO - [2022-08-27 18:33:24,137] {dag.py:2972} INFO - Setting next_dagrun for taxi_rides_data to 2022-08-27T18:33:16.409070+00:00, run_after=2022-08-28T18:33:16.409070+00:00
[2022-08-27 18:33:29,161] {processor.py:161} INFO - Processing /opt/airflow/dags/taxi_rides_dag.py took 12.920 seconds
[2022-08-27 18:33:59,334] {processor.py:153} INFO - Started process (PID=1042) to work on /opt/airflow/dags/taxi_rides_dag.py
[2022-08-27 18:33:59,334] {processor.py:641} INFO - Processing file /opt/airflow/dags/taxi_rides_dag.py for tasks to queue
[2022-08-27 18:33:59,334] {logging_mixin.py:115} INFO - [2022-08-27 18:33:59,334] {dagbag.py:508} INFO - Filling up the DagBag from /opt/airflow/dags/taxi_rides_dag.py
[2022-08-27 18:34:06,773] {logging_mixin.py:115} INFO - [2022-08-27 18:34:06,773] {taxi_rides_dag.py:18} INFO - Request result: 200
[2022-08-27 18:34:07,174] {processor.py:651} INFO - DAG(s) dict_keys(['taxi_rides_data']) retrieved from /opt/airflow/dags/taxi_rides_dag.py
[2022-08-27 18:34:09,573] {logging_mixin.py:115} INFO - [2022-08-27 18:34:09,573] {dag.py:2420} INFO - Sync 1 DAGs
[2022-08-27 18:34:09,585] {logging_mixin.py:115} INFO - [2022-08-27 18:34:09,585] {dag.py:2972} INFO - Setting next_dagrun for taxi_rides_data to 2022-08-27T18:33:59.474125+00:00, run_after=2022-08-28T18:33:59.474125+00:00
[2022-08-27 18:34:14,421] {processor.py:161} INFO - Processing /opt/airflow/dags/taxi_rides_dag.py took 15.089 seconds
[2022-08-27 18:34:44,514] {processor.py:153} INFO - Started process (PID=1117) to work on /opt/airflow/dags/taxi_rides_dag.py
[2022-08-27 18:34:44,519] {processor.py:641} INFO - Processing file /opt/airflow/dags/taxi_rides_dag.py for tasks to queue
[2022-08-27 18:34:44,520] {logging_mixin.py:115} INFO - [2022-08-27 18:34:44,520] {dagbag.py:508} INFO - Filling up the DagBag from /opt/airflow/dags/taxi_rides_dag.py
[2022-08-27 18:34:48,001] {logging_mixin.py:115} INFO - [2022-08-27 18:34:48,001] {taxi_rides_dag.py:18} INFO - Request result: 200
[2022-08-27 18:34:48,423] {processor.py:651} INFO - DAG(s) dict_keys(['taxi_rides_data']) retrieved from /opt/airflow/dags/taxi_rides_dag.py
[2022-08-27 18:34:50,878] {logging_mixin.py:115} INFO - [2022-08-27 18:34:50,878] {dag.py:2420} INFO - Sync 1 DAGs
[2022-08-27 18:34:50,889] {logging_mixin.py:115} INFO - [2022-08-27 18:34:50,889] {dag.py:2972} INFO - Setting next_dagrun for taxi_rides_data to 2022-08-27T18:34:44.684623+00:00, run_after=2022-08-28T18:34:44.684623+00:00
[2022-08-27 18:34:55,694] {processor.py:161} INFO - Processing /opt/airflow/dags/taxi_rides_dag.py took 11.181 seconds
[2022-08-27 18:35:25,929] {processor.py:153} INFO - Started process (PID=1210) to work on /opt/airflow/dags/taxi_rides_dag.py
[2022-08-27 18:35:25,929] {processor.py:641} INFO - Processing file /opt/airflow/dags/taxi_rides_dag.py for tasks to queue
[2022-08-27 18:35:25,929] {logging_mixin.py:115} INFO - [2022-08-27 18:35:25,929] {dagbag.py:508} INFO - Filling up the DagBag from /opt/airflow/dags/taxi_rides_dag.py
[2022-08-27 18:35:32,574] {logging_mixin.py:115} INFO - [2022-08-27 18:35:32,574] {taxi_rides_dag.py:18} INFO - Request result: 200
[2022-08-27 18:35:32,973] {processor.py:651} INFO - DAG(s) dict_keys(['taxi_rides_data']) retrieved from /opt/airflow/dags/taxi_rides_dag.py
[2022-08-27 18:35:35,307] {logging_mixin.py:115} INFO - [2022-08-27 18:35:35,307] {dag.py:2420} INFO - Sync 1 DAGs
[2022-08-27 18:35:35,318] {logging_mixin.py:115} INFO - [2022-08-27 18:35:35,318] {dag.py:2972} INFO - Setting next_dagrun for taxi_rides_data to 2022-08-27T18:35:26.082784+00:00, run_after=2022-08-28T18:35:26.082784+00:00
[2022-08-27 18:35:40,219] {processor.py:161} INFO - Processing /opt/airflow/dags/taxi_rides_dag.py took 14.292 seconds
[2022-08-27 18:36:11,216] {processor.py:153} INFO - Started process (PID=1288) to work on /opt/airflow/dags/taxi_rides_dag.py
[2022-08-27 18:36:11,216] {processor.py:641} INFO - Processing file /opt/airflow/dags/taxi_rides_dag.py for tasks to queue
[2022-08-27 18:36:11,216] {logging_mixin.py:115} INFO - [2022-08-27 18:36:11,216] {dagbag.py:508} INFO - Filling up the DagBag from /opt/airflow/dags/taxi_rides_dag.py
[2022-08-27 18:36:14,938] {logging_mixin.py:115} INFO - [2022-08-27 18:36:14,938] {taxi_rides_dag.py:18} INFO - Request result: 200
[2022-08-27 18:36:15,344] {processor.py:651} INFO - DAG(s) dict_keys(['taxi_rides_data']) retrieved from /opt/airflow/dags/taxi_rides_dag.py
[2022-08-27 18:36:17,845] {logging_mixin.py:115} INFO - [2022-08-27 18:36:17,845] {dag.py:2420} INFO - Sync 1 DAGs
[2022-08-27 18:36:17,858] {logging_mixin.py:115} INFO - [2022-08-27 18:36:17,858] {dag.py:2972} INFO - Setting next_dagrun for taxi_rides_data to 2022-08-27T18:36:11.376334+00:00, run_after=2022-08-28T18:36:11.376334+00:00
[2022-08-27 18:36:22,883] {processor.py:161} INFO - Processing /opt/airflow/dags/taxi_rides_dag.py took 11.669 seconds
[2022-08-27 18:36:53,637] {processor.py:153} INFO - Started process (PID=1386) to work on /opt/airflow/dags/taxi_rides_dag.py
[2022-08-27 18:36:53,638] {processor.py:641} INFO - Processing file /opt/airflow/dags/taxi_rides_dag.py for tasks to queue
[2022-08-27 18:36:53,638] {logging_mixin.py:115} INFO - [2022-08-27 18:36:53,638] {dagbag.py:508} INFO - Filling up the DagBag from /opt/airflow/dags/taxi_rides_dag.py
[2022-08-27 18:36:57,011] {logging_mixin.py:115} INFO - [2022-08-27 18:36:57,011] {taxi_rides_dag.py:18} INFO - Request result: 200
[2022-08-27 18:36:57,421] {processor.py:651} INFO - DAG(s) dict_keys(['taxi_rides_data']) retrieved from /opt/airflow/dags/taxi_rides_dag.py
[2022-08-27 18:36:59,755] {logging_mixin.py:115} INFO - [2022-08-27 18:36:59,755] {dag.py:2420} INFO - Sync 1 DAGs
[2022-08-27 18:36:59,766] {logging_mixin.py:115} INFO - [2022-08-27 18:36:59,766] {dag.py:2972} INFO - Setting next_dagrun for taxi_rides_data to 2022-08-27T18:36:53.776827+00:00, run_after=2022-08-28T18:36:53.776827+00:00
[2022-08-27 18:37:04,529] {processor.py:161} INFO - Processing /opt/airflow/dags/taxi_rides_dag.py took 10.893 seconds
[2022-08-27 18:37:35,112] {processor.py:153} INFO - Started process (PID=1457) to work on /opt/airflow/dags/taxi_rides_dag.py
[2022-08-27 18:37:35,118] {processor.py:641} INFO - Processing file /opt/airflow/dags/taxi_rides_dag.py for tasks to queue
[2022-08-27 18:37:35,118] {logging_mixin.py:115} INFO - [2022-08-27 18:37:35,118] {dagbag.py:508} INFO - Filling up the DagBag from /opt/airflow/dags/taxi_rides_dag.py
[2022-08-27 18:37:40,323] {logging_mixin.py:115} INFO - [2022-08-27 18:37:40,323] {taxi_rides_dag.py:18} INFO - Request result: 200
[2022-08-27 18:37:40,765] {processor.py:651} INFO - DAG(s) dict_keys(['taxi_rides_data']) retrieved from /opt/airflow/dags/taxi_rides_dag.py
[2022-08-27 18:37:43,146] {logging_mixin.py:115} INFO - [2022-08-27 18:37:43,146] {dag.py:2420} INFO - Sync 1 DAGs
[2022-08-27 18:37:43,159] {logging_mixin.py:115} INFO - [2022-08-27 18:37:43,159] {dag.py:2972} INFO - Setting next_dagrun for taxi_rides_data to 2022-08-27T18:37:35.262341+00:00, run_after=2022-08-28T18:37:35.262341+00:00
[2022-08-27 18:37:47,928] {processor.py:161} INFO - Processing /opt/airflow/dags/taxi_rides_dag.py took 12.818 seconds
[2022-08-27 18:38:18,216] {processor.py:153} INFO - Started process (PID=1533) to work on /opt/airflow/dags/taxi_rides_dag.py
[2022-08-27 18:38:18,217] {processor.py:641} INFO - Processing file /opt/airflow/dags/taxi_rides_dag.py for tasks to queue
[2022-08-27 18:38:18,217] {logging_mixin.py:115} INFO - [2022-08-27 18:38:18,217] {dagbag.py:508} INFO - Filling up the DagBag from /opt/airflow/dags/taxi_rides_dag.py
[2022-08-27 18:38:22,246] {logging_mixin.py:115} INFO - [2022-08-27 18:38:22,246] {taxi_rides_dag.py:18} INFO - Request result: 200
[2022-08-27 18:38:22,699] {processor.py:651} INFO - DAG(s) dict_keys(['taxi_rides_data']) retrieved from /opt/airflow/dags/taxi_rides_dag.py
[2022-08-27 18:38:25,554] {logging_mixin.py:115} INFO - [2022-08-27 18:38:25,554] {dag.py:2420} INFO - Sync 1 DAGs
[2022-08-27 18:38:25,566] {logging_mixin.py:115} INFO - [2022-08-27 18:38:25,566] {dag.py:2972} INFO - Setting next_dagrun for taxi_rides_data to 2022-08-27T18:38:18.378234+00:00, run_after=2022-08-28T18:38:18.378234+00:00
[2022-08-27 18:38:30,923] {processor.py:161} INFO - Processing /opt/airflow/dags/taxi_rides_dag.py took 12.713 seconds
[2022-08-27 18:39:01,016] {processor.py:153} INFO - Started process (PID=1631) to work on /opt/airflow/dags/taxi_rides_dag.py
[2022-08-27 18:39:01,016] {processor.py:641} INFO - Processing file /opt/airflow/dags/taxi_rides_dag.py for tasks to queue
[2022-08-27 18:39:01,016] {logging_mixin.py:115} INFO - [2022-08-27 18:39:01,016] {dagbag.py:508} INFO - Filling up the DagBag from /opt/airflow/dags/taxi_rides_dag.py
[2022-08-27 18:39:04,153] {logging_mixin.py:115} INFO - [2022-08-27 18:39:04,153] {taxi_rides_dag.py:18} INFO - Request result: 200
[2022-08-27 18:39:04,577] {processor.py:651} INFO - DAG(s) dict_keys(['taxi_rides_data']) retrieved from /opt/airflow/dags/taxi_rides_dag.py
[2022-08-27 18:39:07,156] {logging_mixin.py:115} INFO - [2022-08-27 18:39:07,156] {dag.py:2420} INFO - Sync 1 DAGs
[2022-08-27 18:39:07,168] {logging_mixin.py:115} INFO - [2022-08-27 18:39:07,168] {dag.py:2972} INFO - Setting next_dagrun for taxi_rides_data to 2022-08-27T18:39:01.170295+00:00, run_after=2022-08-28T18:39:01.170295+00:00
[2022-08-27 18:39:12,476] {processor.py:161} INFO - Processing /opt/airflow/dags/taxi_rides_dag.py took 11.462 seconds
[2022-08-27 18:39:42,521] {processor.py:153} INFO - Started process (PID=1701) to work on /opt/airflow/dags/taxi_rides_dag.py
[2022-08-27 18:39:42,522] {processor.py:641} INFO - Processing file /opt/airflow/dags/taxi_rides_dag.py for tasks to queue
[2022-08-27 18:39:42,522] {logging_mixin.py:115} INFO - [2022-08-27 18:39:42,522] {dagbag.py:508} INFO - Filling up the DagBag from /opt/airflow/dags/taxi_rides_dag.py
[2022-08-27 18:39:45,696] {logging_mixin.py:115} INFO - [2022-08-27 18:39:45,696] {taxi_rides_dag.py:18} INFO - Request result: 200
[2022-08-27 18:39:46,119] {processor.py:651} INFO - DAG(s) dict_keys(['taxi_rides_data']) retrieved from /opt/airflow/dags/taxi_rides_dag.py
[2022-08-27 18:39:48,617] {logging_mixin.py:115} INFO - [2022-08-27 18:39:48,617] {dag.py:2420} INFO - Sync 1 DAGs
[2022-08-27 18:39:48,629] {logging_mixin.py:115} INFO - [2022-08-27 18:39:48,629] {dag.py:2972} INFO - Setting next_dagrun for taxi_rides_data to 2022-09-01T00:00:00+00:00, run_after=2022-10-01T00:00:00+00:00
[2022-08-27 18:39:54,203] {processor.py:161} INFO - Processing /opt/airflow/dags/taxi_rides_dag.py took 11.685 seconds
[2022-08-27 18:40:24,343] {processor.py:153} INFO - Started process (PID=1789) to work on /opt/airflow/dags/taxi_rides_dag.py
[2022-08-27 18:40:24,343] {processor.py:641} INFO - Processing file /opt/airflow/dags/taxi_rides_dag.py for tasks to queue
[2022-08-27 18:40:24,344] {logging_mixin.py:115} INFO - [2022-08-27 18:40:24,343] {dagbag.py:508} INFO - Filling up the DagBag from /opt/airflow/dags/taxi_rides_dag.py
[2022-08-27 18:40:27,865] {logging_mixin.py:115} INFO - [2022-08-27 18:40:27,865] {taxi_rides_dag.py:18} INFO - Request result: 200
[2022-08-27 18:40:28,303] {processor.py:651} INFO - DAG(s) dict_keys(['taxi_rides_data']) retrieved from /opt/airflow/dags/taxi_rides_dag.py
[2022-08-27 18:40:30,748] {logging_mixin.py:115} INFO - [2022-08-27 18:40:30,748] {dag.py:2420} INFO - Sync 1 DAGs
[2022-08-27 18:40:30,763] {logging_mixin.py:115} INFO - [2022-08-27 18:40:30,763] {dag.py:2972} INFO - Setting next_dagrun for taxi_rides_data to 2022-09-01T00:00:00+00:00, run_after=2022-10-01T00:00:00+00:00
[2022-08-27 18:40:35,703] {processor.py:161} INFO - Processing /opt/airflow/dags/taxi_rides_dag.py took 11.363 seconds
[2022-08-27 18:41:06,254] {processor.py:153} INFO - Started process (PID=1869) to work on /opt/airflow/dags/taxi_rides_dag.py
[2022-08-27 18:41:06,255] {processor.py:641} INFO - Processing file /opt/airflow/dags/taxi_rides_dag.py for tasks to queue
[2022-08-27 18:41:06,255] {logging_mixin.py:115} INFO - [2022-08-27 18:41:06,255] {dagbag.py:508} INFO - Filling up the DagBag from /opt/airflow/dags/taxi_rides_dag.py
[2022-08-27 18:41:09,457] {logging_mixin.py:115} INFO - [2022-08-27 18:41:09,457] {taxi_rides_dag.py:18} INFO - Request result: 200
[2022-08-27 18:41:09,888] {processor.py:651} INFO - DAG(s) dict_keys(['taxi_rides_data']) retrieved from /opt/airflow/dags/taxi_rides_dag.py
[2022-08-27 18:41:12,375] {logging_mixin.py:115} INFO - [2022-08-27 18:41:12,375] {dag.py:2420} INFO - Sync 1 DAGs
[2022-08-27 18:41:12,389] {logging_mixin.py:115} INFO - [2022-08-27 18:41:12,389] {dag.py:2972} INFO - Setting next_dagrun for taxi_rides_data to 2022-09-01T00:00:00+00:00, run_after=2022-10-01T00:00:00+00:00
[2022-08-27 18:41:17,630] {processor.py:161} INFO - Processing /opt/airflow/dags/taxi_rides_dag.py took 11.377 seconds
[2022-08-27 18:41:48,096] {processor.py:153} INFO - Started process (PID=1941) to work on /opt/airflow/dags/taxi_rides_dag.py
[2022-08-27 18:41:48,096] {processor.py:641} INFO - Processing file /opt/airflow/dags/taxi_rides_dag.py for tasks to queue
[2022-08-27 18:41:48,097] {logging_mixin.py:115} INFO - [2022-08-27 18:41:48,097] {dagbag.py:508} INFO - Filling up the DagBag from /opt/airflow/dags/taxi_rides_dag.py
[2022-08-27 18:41:53,325] {logging_mixin.py:115} INFO - [2022-08-27 18:41:53,325] {taxi_rides_dag.py:18} INFO - Request result: 200
[2022-08-27 18:41:53,755] {processor.py:651} INFO - DAG(s) dict_keys(['taxi_rides_data']) retrieved from /opt/airflow/dags/taxi_rides_dag.py
[2022-08-27 18:41:56,379] {logging_mixin.py:115} INFO - [2022-08-27 18:41:56,379] {dag.py:2420} INFO - Sync 1 DAGs
[2022-08-27 18:41:56,398] {logging_mixin.py:115} INFO - [2022-08-27 18:41:56,398] {dag.py:2972} INFO - Setting next_dagrun for taxi_rides_data to 2022-09-01T00:00:00+00:00, run_after=2022-10-01T00:00:00+00:00
[2022-08-27 18:42:01,769] {processor.py:161} INFO - Processing /opt/airflow/dags/taxi_rides_dag.py took 13.675 seconds
[2022-08-27 18:42:31,850] {processor.py:153} INFO - Started process (PID=2046) to work on /opt/airflow/dags/taxi_rides_dag.py
[2022-08-27 18:42:31,856] {processor.py:641} INFO - Processing file /opt/airflow/dags/taxi_rides_dag.py for tasks to queue
[2022-08-27 18:42:31,857] {logging_mixin.py:115} INFO - [2022-08-27 18:42:31,857] {dagbag.py:508} INFO - Filling up the DagBag from /opt/airflow/dags/taxi_rides_dag.py
[2022-08-27 18:42:36,842] {logging_mixin.py:115} INFO - [2022-08-27 18:42:36,842] {taxi_rides_dag.py:18} INFO - Request result: 200
[2022-08-27 18:42:37,276] {processor.py:651} INFO - DAG(s) dict_keys(['taxi_rides_data']) retrieved from /opt/airflow/dags/taxi_rides_dag.py
[2022-08-27 18:42:39,761] {logging_mixin.py:115} INFO - [2022-08-27 18:42:39,761] {dag.py:2420} INFO - Sync 1 DAGs
[2022-08-27 18:42:39,773] {logging_mixin.py:115} INFO - [2022-08-27 18:42:39,773] {dag.py:2972} INFO - Setting next_dagrun for taxi_rides_data to 2022-09-01T00:00:00+00:00, run_after=2022-10-01T00:00:00+00:00
[2022-08-27 18:42:44,721] {processor.py:161} INFO - Processing /opt/airflow/dags/taxi_rides_dag.py took 12.872 seconds
[2022-08-27 18:43:15,553] {processor.py:153} INFO - Started process (PID=2118) to work on /opt/airflow/dags/taxi_rides_dag.py
[2022-08-27 18:43:15,553] {processor.py:641} INFO - Processing file /opt/airflow/dags/taxi_rides_dag.py for tasks to queue
[2022-08-27 18:43:15,553] {logging_mixin.py:115} INFO - [2022-08-27 18:43:15,553] {dagbag.py:508} INFO - Filling up the DagBag from /opt/airflow/dags/taxi_rides_dag.py
[2022-08-27 18:43:19,852] {logging_mixin.py:115} INFO - [2022-08-27 18:43:19,852] {taxi_rides_dag.py:18} INFO - Request result: 200
[2022-08-27 18:43:20,301] {processor.py:651} INFO - DAG(s) dict_keys(['taxi_rides_data']) retrieved from /opt/airflow/dags/taxi_rides_dag.py
[2022-08-27 18:43:22,835] {logging_mixin.py:115} INFO - [2022-08-27 18:43:22,835] {dag.py:2420} INFO - Sync 1 DAGs
[2022-08-27 18:43:22,848] {logging_mixin.py:115} INFO - [2022-08-27 18:43:22,848] {dag.py:2972} INFO - Setting next_dagrun for taxi_rides_data to 2022-09-01T00:00:00+00:00, run_after=2022-10-01T00:00:00+00:00
[2022-08-27 18:43:28,109] {processor.py:161} INFO - Processing /opt/airflow/dags/taxi_rides_dag.py took 12.558 seconds
[2022-08-27 18:43:58,892] {processor.py:153} INFO - Started process (PID=2197) to work on /opt/airflow/dags/taxi_rides_dag.py
[2022-08-27 18:43:58,892] {processor.py:641} INFO - Processing file /opt/airflow/dags/taxi_rides_dag.py for tasks to queue
[2022-08-27 18:43:58,892] {logging_mixin.py:115} INFO - [2022-08-27 18:43:58,892] {dagbag.py:508} INFO - Filling up the DagBag from /opt/airflow/dags/taxi_rides_dag.py
[2022-08-27 18:44:02,786] {logging_mixin.py:115} INFO - [2022-08-27 18:44:02,786] {taxi_rides_dag.py:18} INFO - Request result: 200
[2022-08-27 18:44:03,215] {processor.py:651} INFO - DAG(s) dict_keys(['taxi_rides_data']) retrieved from /opt/airflow/dags/taxi_rides_dag.py
[2022-08-27 18:44:05,670] {logging_mixin.py:115} INFO - [2022-08-27 18:44:05,670] {dag.py:2420} INFO - Sync 1 DAGs
[2022-08-27 18:44:05,682] {logging_mixin.py:115} INFO - [2022-08-27 18:44:05,682] {dag.py:2972} INFO - Setting next_dagrun for taxi_rides_data to 2022-09-01T00:00:00+00:00, run_after=2022-10-01T00:00:00+00:00
[2022-08-27 18:44:23,197] {processor.py:161} INFO - Processing /opt/airflow/dags/taxi_rides_dag.py took 24.308 seconds
[2022-08-27 18:44:53,346] {processor.py:153} INFO - Started process (PID=2285) to work on /opt/airflow/dags/taxi_rides_dag.py
[2022-08-27 18:44:53,347] {processor.py:641} INFO - Processing file /opt/airflow/dags/taxi_rides_dag.py for tasks to queue
[2022-08-27 18:44:53,347] {logging_mixin.py:115} INFO - [2022-08-27 18:44:53,347] {dagbag.py:508} INFO - Filling up the DagBag from /opt/airflow/dags/taxi_rides_dag.py
[2022-08-27 18:44:56,751] {logging_mixin.py:115} INFO - [2022-08-27 18:44:56,751] {taxi_rides_dag.py:18} INFO - Request result: 200
[2022-08-27 18:44:57,182] {processor.py:651} INFO - DAG(s) dict_keys(['taxi_rides_data']) retrieved from /opt/airflow/dags/taxi_rides_dag.py
[2022-08-27 18:44:59,750] {logging_mixin.py:115} INFO - [2022-08-27 18:44:59,750] {dag.py:2420} INFO - Sync 1 DAGs
[2022-08-27 18:44:59,764] {logging_mixin.py:115} INFO - [2022-08-27 18:44:59,764] {dag.py:2972} INFO - Setting next_dagrun for taxi_rides_data to 2022-09-01T00:00:00+00:00, run_after=2022-10-01T00:00:00+00:00
[2022-08-27 18:45:05,009] {processor.py:161} INFO - Processing /opt/airflow/dags/taxi_rides_dag.py took 11.667 seconds
[2022-08-27 18:45:35,120] {processor.py:153} INFO - Started process (PID=2390) to work on /opt/airflow/dags/taxi_rides_dag.py
[2022-08-27 18:45:35,121] {processor.py:641} INFO - Processing file /opt/airflow/dags/taxi_rides_dag.py for tasks to queue
[2022-08-27 18:45:35,122] {logging_mixin.py:115} INFO - [2022-08-27 18:45:35,122] {dagbag.py:508} INFO - Filling up the DagBag from /opt/airflow/dags/taxi_rides_dag.py
[2022-08-27 18:45:38,317] {logging_mixin.py:115} INFO - [2022-08-27 18:45:38,317] {taxi_rides_dag.py:18} INFO - Request result: 200
[2022-08-27 18:45:38,778] {processor.py:651} INFO - DAG(s) dict_keys(['taxi_rides_data']) retrieved from /opt/airflow/dags/taxi_rides_dag.py
[2022-08-27 18:45:41,371] {logging_mixin.py:115} INFO - [2022-08-27 18:45:41,371] {dag.py:2420} INFO - Sync 1 DAGs
[2022-08-27 18:45:41,383] {logging_mixin.py:115} INFO - [2022-08-27 18:45:41,383] {dag.py:2972} INFO - Setting next_dagrun for taxi_rides_data to 2022-09-01T00:00:00+00:00, run_after=2022-10-01T00:00:00+00:00
[2022-08-27 18:45:46,331] {processor.py:161} INFO - Processing /opt/airflow/dags/taxi_rides_dag.py took 11.218 seconds
[2022-08-27 18:46:16,760] {processor.py:153} INFO - Started process (PID=2461) to work on /opt/airflow/dags/taxi_rides_dag.py
[2022-08-27 18:46:16,761] {processor.py:641} INFO - Processing file /opt/airflow/dags/taxi_rides_dag.py for tasks to queue
[2022-08-27 18:46:16,762] {logging_mixin.py:115} INFO - [2022-08-27 18:46:16,762] {dagbag.py:508} INFO - Filling up the DagBag from /opt/airflow/dags/taxi_rides_dag.py
[2022-08-27 18:46:19,977] {logging_mixin.py:115} INFO - [2022-08-27 18:46:19,977] {taxi_rides_dag.py:18} INFO - Request result: 200
[2022-08-27 18:46:20,393] {processor.py:651} INFO - DAG(s) dict_keys(['taxi_rides_data']) retrieved from /opt/airflow/dags/taxi_rides_dag.py
[2022-08-27 18:46:22,752] {logging_mixin.py:115} INFO - [2022-08-27 18:46:22,752] {dag.py:2420} INFO - Sync 1 DAGs
[2022-08-27 18:46:22,764] {logging_mixin.py:115} INFO - [2022-08-27 18:46:22,763] {dag.py:2972} INFO - Setting next_dagrun for taxi_rides_data to 2022-09-01T00:00:00+00:00, run_after=2022-10-01T00:00:00+00:00
[2022-08-27 18:46:28,093] {processor.py:161} INFO - Processing /opt/airflow/dags/taxi_rides_dag.py took 11.342 seconds
[2022-08-27 18:46:58,255] {processor.py:153} INFO - Started process (PID=2542) to work on /opt/airflow/dags/taxi_rides_dag.py
[2022-08-27 18:46:58,255] {processor.py:641} INFO - Processing file /opt/airflow/dags/taxi_rides_dag.py for tasks to queue
[2022-08-27 18:46:58,255] {logging_mixin.py:115} INFO - [2022-08-27 18:46:58,255] {dagbag.py:508} INFO - Filling up the DagBag from /opt/airflow/dags/taxi_rides_dag.py
[2022-08-27 18:47:02,216] {logging_mixin.py:115} INFO - [2022-08-27 18:47:02,216] {taxi_rides_dag.py:18} INFO - Request result: 200
[2022-08-27 18:47:02,637] {processor.py:651} INFO - DAG(s) dict_keys(['taxi_rides_data']) retrieved from /opt/airflow/dags/taxi_rides_dag.py
[2022-08-27 18:47:05,218] {logging_mixin.py:115} INFO - [2022-08-27 18:47:05,218] {dag.py:2420} INFO - Sync 1 DAGs
[2022-08-27 18:47:05,232] {logging_mixin.py:115} INFO - [2022-08-27 18:47:05,232] {dag.py:2972} INFO - Setting next_dagrun for taxi_rides_data to 2022-09-01T00:00:00+00:00, run_after=2022-10-01T00:00:00+00:00
[2022-08-27 18:47:10,204] {processor.py:161} INFO - Processing /opt/airflow/dags/taxi_rides_dag.py took 11.951 seconds
[2022-08-27 18:47:40,411] {processor.py:153} INFO - Started process (PID=2628) to work on /opt/airflow/dags/taxi_rides_dag.py
[2022-08-27 18:47:40,412] {processor.py:641} INFO - Processing file /opt/airflow/dags/taxi_rides_dag.py for tasks to queue
[2022-08-27 18:47:40,412] {logging_mixin.py:115} INFO - [2022-08-27 18:47:40,412] {dagbag.py:508} INFO - Filling up the DagBag from /opt/airflow/dags/taxi_rides_dag.py
[2022-08-27 18:47:47,377] {logging_mixin.py:115} INFO - [2022-08-27 18:47:47,376] {taxi_rides_dag.py:18} INFO - Request result: 200
[2022-08-27 18:47:47,802] {processor.py:651} INFO - DAG(s) dict_keys(['taxi_rides_data']) retrieved from /opt/airflow/dags/taxi_rides_dag.py
[2022-08-27 18:47:50,394] {logging_mixin.py:115} INFO - [2022-08-27 18:47:50,394] {dag.py:2420} INFO - Sync 1 DAGs
[2022-08-27 18:47:50,409] {logging_mixin.py:115} INFO - [2022-08-27 18:47:50,409] {dag.py:2972} INFO - Setting next_dagrun for taxi_rides_data to 2022-09-01T00:00:00+00:00, run_after=2022-10-01T00:00:00+00:00
[2022-08-27 18:47:56,041] {processor.py:161} INFO - Processing /opt/airflow/dags/taxi_rides_dag.py took 15.632 seconds
[2022-08-27 18:48:26,221] {processor.py:153} INFO - Started process (PID=2710) to work on /opt/airflow/dags/taxi_rides_dag.py
[2022-08-27 18:48:26,221] {processor.py:641} INFO - Processing file /opt/airflow/dags/taxi_rides_dag.py for tasks to queue
[2022-08-27 18:48:26,222] {logging_mixin.py:115} INFO - [2022-08-27 18:48:26,221] {dagbag.py:508} INFO - Filling up the DagBag from /opt/airflow/dags/taxi_rides_dag.py
[2022-08-27 18:48:31,562] {logging_mixin.py:115} INFO - [2022-08-27 18:48:31,562] {taxi_rides_dag.py:18} INFO - Request result: 200
[2022-08-27 18:48:32,021] {processor.py:651} INFO - DAG(s) dict_keys(['taxi_rides_data']) retrieved from /opt/airflow/dags/taxi_rides_dag.py
[2022-08-27 18:48:34,823] {logging_mixin.py:115} INFO - [2022-08-27 18:48:34,822] {dag.py:2420} INFO - Sync 1 DAGs
[2022-08-27 18:48:34,847] {logging_mixin.py:115} INFO - [2022-08-27 18:48:34,847] {dag.py:2972} INFO - Setting next_dagrun for taxi_rides_data to 2022-09-01T00:00:00+00:00, run_after=2022-10-01T00:00:00+00:00
[2022-08-27 18:48:40,700] {processor.py:161} INFO - Processing /opt/airflow/dags/taxi_rides_dag.py took 14.482 seconds
[2022-08-27 18:49:11,309] {processor.py:153} INFO - Started process (PID=2812) to work on /opt/airflow/dags/taxi_rides_dag.py
[2022-08-27 18:49:11,310] {processor.py:641} INFO - Processing file /opt/airflow/dags/taxi_rides_dag.py for tasks to queue
[2022-08-27 18:49:11,310] {logging_mixin.py:115} INFO - [2022-08-27 18:49:11,310] {dagbag.py:508} INFO - Filling up the DagBag from /opt/airflow/dags/taxi_rides_dag.py
[2022-08-27 18:49:16,293] {logging_mixin.py:115} INFO - [2022-08-27 18:49:16,293] {taxi_rides_dag.py:18} INFO - Request result: 200
[2022-08-27 18:49:16,749] {processor.py:651} INFO - DAG(s) dict_keys(['taxi_rides_data']) retrieved from /opt/airflow/dags/taxi_rides_dag.py
[2022-08-27 18:49:19,385] {logging_mixin.py:115} INFO - [2022-08-27 18:49:19,385] {dag.py:2420} INFO - Sync 1 DAGs
[2022-08-27 18:49:19,398] {logging_mixin.py:115} INFO - [2022-08-27 18:49:19,398] {dag.py:2972} INFO - Setting next_dagrun for taxi_rides_data to 2022-09-01T00:00:00+00:00, run_after=2022-10-01T00:00:00+00:00
[2022-08-27 18:49:24,793] {processor.py:161} INFO - Processing /opt/airflow/dags/taxi_rides_dag.py took 13.487 seconds
[2022-08-27 18:49:54,947] {processor.py:153} INFO - Started process (PID=2874) to work on /opt/airflow/dags/taxi_rides_dag.py
[2022-08-27 18:49:54,947] {processor.py:641} INFO - Processing file /opt/airflow/dags/taxi_rides_dag.py for tasks to queue
[2022-08-27 18:49:54,948] {logging_mixin.py:115} INFO - [2022-08-27 18:49:54,948] {dagbag.py:508} INFO - Filling up the DagBag from /opt/airflow/dags/taxi_rides_dag.py
[2022-08-27 18:50:02,408] {logging_mixin.py:115} INFO - [2022-08-27 18:50:02,408] {taxi_rides_dag.py:18} INFO - Request result: 200
[2022-08-27 18:50:02,894] {processor.py:651} INFO - DAG(s) dict_keys(['taxi_rides_data']) retrieved from /opt/airflow/dags/taxi_rides_dag.py
[2022-08-27 18:50:05,886] {logging_mixin.py:115} INFO - [2022-08-27 18:50:05,886] {dag.py:2420} INFO - Sync 1 DAGs
[2022-08-27 18:50:05,900] {logging_mixin.py:115} INFO - [2022-08-27 18:50:05,900] {dag.py:2972} INFO - Setting next_dagrun for taxi_rides_data to 2022-09-01T00:00:00+00:00, run_after=2022-10-01T00:00:00+00:00
[2022-08-27 18:50:11,995] {processor.py:161} INFO - Processing /opt/airflow/dags/taxi_rides_dag.py took 17.054 seconds
[2022-08-27 18:50:42,374] {processor.py:153} INFO - Started process (PID=2986) to work on /opt/airflow/dags/taxi_rides_dag.py
[2022-08-27 18:50:42,375] {processor.py:641} INFO - Processing file /opt/airflow/dags/taxi_rides_dag.py for tasks to queue
[2022-08-27 18:50:42,375] {logging_mixin.py:115} INFO - [2022-08-27 18:50:42,375] {dagbag.py:508} INFO - Filling up the DagBag from /opt/airflow/dags/taxi_rides_dag.py
[2022-08-27 18:50:48,384] {logging_mixin.py:115} INFO - [2022-08-27 18:50:48,384] {taxi_rides_dag.py:18} INFO - Request result: 200
[2022-08-27 18:50:48,830] {processor.py:651} INFO - DAG(s) dict_keys(['taxi_rides_data']) retrieved from /opt/airflow/dags/taxi_rides_dag.py
[2022-08-27 18:50:51,497] {logging_mixin.py:115} INFO - [2022-08-27 18:50:51,497] {dag.py:2420} INFO - Sync 1 DAGs
[2022-08-27 18:50:51,512] {logging_mixin.py:115} INFO - [2022-08-27 18:50:51,512] {dag.py:2972} INFO - Setting next_dagrun for taxi_rides_data to 2022-09-01T00:00:00+00:00, run_after=2022-10-01T00:00:00+00:00
[2022-08-27 18:50:56,842] {processor.py:161} INFO - Processing /opt/airflow/dags/taxi_rides_dag.py took 14.470 seconds
[2022-08-27 18:51:26,917] {processor.py:153} INFO - Started process (PID=3057) to work on /opt/airflow/dags/taxi_rides_dag.py
[2022-08-27 18:51:26,917] {processor.py:641} INFO - Processing file /opt/airflow/dags/taxi_rides_dag.py for tasks to queue
[2022-08-27 18:51:26,917] {logging_mixin.py:115} INFO - [2022-08-27 18:51:26,917] {dagbag.py:508} INFO - Filling up the DagBag from /opt/airflow/dags/taxi_rides_dag.py
[2022-08-27 18:51:31,543] {logging_mixin.py:115} INFO - [2022-08-27 18:51:31,543] {taxi_rides_dag.py:18} INFO - Request result: 200
[2022-08-27 18:51:32,042] {processor.py:651} INFO - DAG(s) dict_keys(['taxi_rides_data']) retrieved from /opt/airflow/dags/taxi_rides_dag.py
[2022-08-27 18:51:34,917] {logging_mixin.py:115} INFO - [2022-08-27 18:51:34,917] {dag.py:2420} INFO - Sync 1 DAGs
[2022-08-27 18:51:34,931] {logging_mixin.py:115} INFO - [2022-08-27 18:51:34,931] {dag.py:2972} INFO - Setting next_dagrun for taxi_rides_data to 2022-09-01T00:00:00+00:00, run_after=2022-10-01T00:00:00+00:00
[2022-08-27 18:51:40,632] {processor.py:161} INFO - Processing /opt/airflow/dags/taxi_rides_dag.py took 13.717 seconds
[2022-08-27 18:52:10,776] {processor.py:153} INFO - Started process (PID=3142) to work on /opt/airflow/dags/taxi_rides_dag.py
[2022-08-27 18:52:10,776] {processor.py:641} INFO - Processing file /opt/airflow/dags/taxi_rides_dag.py for tasks to queue
[2022-08-27 18:52:10,776] {logging_mixin.py:115} INFO - [2022-08-27 18:52:10,776] {dagbag.py:508} INFO - Filling up the DagBag from /opt/airflow/dags/taxi_rides_dag.py
[2022-08-27 18:52:16,121] {logging_mixin.py:115} INFO - [2022-08-27 18:52:16,121] {taxi_rides_dag.py:18} INFO - Request result: 200
[2022-08-27 18:52:16,559] {processor.py:651} INFO - DAG(s) dict_keys(['taxi_rides_data']) retrieved from /opt/airflow/dags/taxi_rides_dag.py
[2022-08-27 18:52:19,267] {logging_mixin.py:115} INFO - [2022-08-27 18:52:19,267] {dag.py:2420} INFO - Sync 1 DAGs
[2022-08-27 18:52:19,280] {logging_mixin.py:115} INFO - [2022-08-27 18:52:19,280] {dag.py:2972} INFO - Setting next_dagrun for taxi_rides_data to 2022-09-01T00:00:00+00:00, run_after=2022-10-01T00:00:00+00:00
[2022-08-27 18:52:24,430] {processor.py:161} INFO - Processing /opt/airflow/dags/taxi_rides_dag.py took 13.656 seconds
[2022-08-27 18:52:55,381] {processor.py:153} INFO - Started process (PID=3224) to work on /opt/airflow/dags/taxi_rides_dag.py
[2022-08-27 18:52:55,381] {processor.py:641} INFO - Processing file /opt/airflow/dags/taxi_rides_dag.py for tasks to queue
[2022-08-27 18:52:55,382] {logging_mixin.py:115} INFO - [2022-08-27 18:52:55,382] {dagbag.py:508} INFO - Filling up the DagBag from /opt/airflow/dags/taxi_rides_dag.py
[2022-08-27 18:53:00,427] {logging_mixin.py:115} INFO - [2022-08-27 18:53:00,427] {taxi_rides_dag.py:18} INFO - Request result: 200
[2022-08-27 18:53:00,890] {processor.py:651} INFO - DAG(s) dict_keys(['taxi_rides_data']) retrieved from /opt/airflow/dags/taxi_rides_dag.py
[2022-08-27 18:53:03,581] {logging_mixin.py:115} INFO - [2022-08-27 18:53:03,581] {dag.py:2420} INFO - Sync 1 DAGs
[2022-08-27 18:53:03,594] {logging_mixin.py:115} INFO - [2022-08-27 18:53:03,594] {dag.py:2972} INFO - Setting next_dagrun for taxi_rides_data to 2022-09-01T00:00:00+00:00, run_after=2022-10-01T00:00:00+00:00
[2022-08-27 18:53:08,911] {processor.py:161} INFO - Processing /opt/airflow/dags/taxi_rides_dag.py took 13.533 seconds
[2022-08-27 18:53:39,126] {processor.py:153} INFO - Started process (PID=3309) to work on /opt/airflow/dags/taxi_rides_dag.py
[2022-08-27 18:53:39,128] {processor.py:641} INFO - Processing file /opt/airflow/dags/taxi_rides_dag.py for tasks to queue
[2022-08-27 18:53:39,129] {logging_mixin.py:115} INFO - [2022-08-27 18:53:39,129] {dagbag.py:508} INFO - Filling up the DagBag from /opt/airflow/dags/taxi_rides_dag.py
[2022-08-27 18:53:44,417] {logging_mixin.py:115} INFO - [2022-08-27 18:53:44,417] {taxi_rides_dag.py:18} INFO - Request result: 200
[2022-08-27 18:53:44,861] {processor.py:651} INFO - DAG(s) dict_keys(['taxi_rides_data']) retrieved from /opt/airflow/dags/taxi_rides_dag.py
[2022-08-27 18:53:47,558] {logging_mixin.py:115} INFO - [2022-08-27 18:53:47,558] {dag.py:2420} INFO - Sync 1 DAGs
[2022-08-27 18:53:47,574] {logging_mixin.py:115} INFO - [2022-08-27 18:53:47,573] {dag.py:2972} INFO - Setting next_dagrun for taxi_rides_data to 2022-09-01T00:00:00+00:00, run_after=2022-10-01T00:00:00+00:00
[2022-08-27 18:53:52,751] {processor.py:161} INFO - Processing /opt/airflow/dags/taxi_rides_dag.py took 13.633 seconds
[2022-08-27 18:54:22,817] {processor.py:153} INFO - Started process (PID=3400) to work on /opt/airflow/dags/taxi_rides_dag.py
[2022-08-27 18:54:22,817] {processor.py:641} INFO - Processing file /opt/airflow/dags/taxi_rides_dag.py for tasks to queue
[2022-08-27 18:54:22,818] {logging_mixin.py:115} INFO - [2022-08-27 18:54:22,818] {dagbag.py:508} INFO - Filling up the DagBag from /opt/airflow/dags/taxi_rides_dag.py
[2022-08-27 18:54:27,328] {logging_mixin.py:115} INFO - [2022-08-27 18:54:27,328] {taxi_rides_dag.py:18} INFO - Request result: 200
[2022-08-27 18:54:27,790] {processor.py:651} INFO - DAG(s) dict_keys(['taxi_rides_data']) retrieved from /opt/airflow/dags/taxi_rides_dag.py
[2022-08-27 18:54:30,474] {logging_mixin.py:115} INFO - [2022-08-27 18:54:30,474] {dag.py:2420} INFO - Sync 1 DAGs
[2022-08-27 18:54:30,487] {logging_mixin.py:115} INFO - [2022-08-27 18:54:30,487] {dag.py:2972} INFO - Setting next_dagrun for taxi_rides_data to 2022-09-01T00:00:00+00:00, run_after=2022-10-01T00:00:00+00:00
[2022-08-27 18:54:35,744] {processor.py:161} INFO - Processing /opt/airflow/dags/taxi_rides_dag.py took 12.929 seconds
[2022-08-27 18:55:05,862] {processor.py:153} INFO - Started process (PID=3476) to work on /opt/airflow/dags/taxi_rides_dag.py
[2022-08-27 18:55:05,863] {processor.py:641} INFO - Processing file /opt/airflow/dags/taxi_rides_dag.py for tasks to queue
[2022-08-27 18:55:05,863] {logging_mixin.py:115} INFO - [2022-08-27 18:55:05,863] {dagbag.py:508} INFO - Filling up the DagBag from /opt/airflow/dags/taxi_rides_dag.py
[2022-08-27 18:55:09,414] {logging_mixin.py:115} INFO - [2022-08-27 18:55:09,414] {taxi_rides_dag.py:18} INFO - Request result: 200
[2022-08-27 18:55:09,861] {processor.py:651} INFO - DAG(s) dict_keys(['taxi_rides_data']) retrieved from /opt/airflow/dags/taxi_rides_dag.py
[2022-08-27 18:55:12,664] {logging_mixin.py:115} INFO - [2022-08-27 18:55:12,664] {dag.py:2420} INFO - Sync 1 DAGs
[2022-08-27 18:55:12,678] {logging_mixin.py:115} INFO - [2022-08-27 18:55:12,678] {dag.py:2972} INFO - Setting next_dagrun for taxi_rides_data to 2022-09-01T00:00:00+00:00, run_after=2022-10-01T00:00:00+00:00
[2022-08-27 18:55:17,966] {processor.py:161} INFO - Processing /opt/airflow/dags/taxi_rides_dag.py took 12.107 seconds
[2022-08-27 18:55:48,028] {processor.py:153} INFO - Started process (PID=3577) to work on /opt/airflow/dags/taxi_rides_dag.py
[2022-08-27 18:55:48,029] {processor.py:641} INFO - Processing file /opt/airflow/dags/taxi_rides_dag.py for tasks to queue
[2022-08-27 18:55:48,030] {logging_mixin.py:115} INFO - [2022-08-27 18:55:48,030] {dagbag.py:508} INFO - Filling up the DagBag from /opt/airflow/dags/taxi_rides_dag.py
[2022-08-27 18:55:52,367] {logging_mixin.py:115} INFO - [2022-08-27 18:55:52,367] {taxi_rides_dag.py:18} INFO - Request result: 200
[2022-08-27 18:55:52,807] {processor.py:651} INFO - DAG(s) dict_keys(['taxi_rides_data']) retrieved from /opt/airflow/dags/taxi_rides_dag.py
[2022-08-27 18:55:55,498] {logging_mixin.py:115} INFO - [2022-08-27 18:55:55,498] {dag.py:2420} INFO - Sync 1 DAGs
[2022-08-27 18:55:55,513] {logging_mixin.py:115} INFO - [2022-08-27 18:55:55,513] {dag.py:2972} INFO - Setting next_dagrun for taxi_rides_data to 2022-09-01T00:00:00+00:00, run_after=2022-10-01T00:00:00+00:00
[2022-08-27 18:56:00,720] {processor.py:161} INFO - Processing /opt/airflow/dags/taxi_rides_dag.py took 12.701 seconds
[2022-08-27 18:56:31,218] {processor.py:153} INFO - Started process (PID=3648) to work on /opt/airflow/dags/taxi_rides_dag.py
[2022-08-27 18:56:31,219] {processor.py:641} INFO - Processing file /opt/airflow/dags/taxi_rides_dag.py for tasks to queue
[2022-08-27 18:56:31,220] {logging_mixin.py:115} INFO - [2022-08-27 18:56:31,220] {dagbag.py:508} INFO - Filling up the DagBag from /opt/airflow/dags/taxi_rides_dag.py
[2022-08-27 18:56:34,473] {logging_mixin.py:115} INFO - [2022-08-27 18:56:34,473] {taxi_rides_dag.py:18} INFO - Request result: 200
[2022-08-27 18:56:34,915] {processor.py:651} INFO - DAG(s) dict_keys(['taxi_rides_data']) retrieved from /opt/airflow/dags/taxi_rides_dag.py
[2022-08-27 18:56:37,604] {logging_mixin.py:115} INFO - [2022-08-27 18:56:37,604] {dag.py:2420} INFO - Sync 1 DAGs
[2022-08-27 18:56:37,622] {logging_mixin.py:115} INFO - [2022-08-27 18:56:37,622] {dag.py:2972} INFO - Setting next_dagrun for taxi_rides_data to 2022-09-01T00:00:00+00:00, run_after=2022-10-01T00:00:00+00:00
[2022-08-27 18:56:42,989] {processor.py:161} INFO - Processing /opt/airflow/dags/taxi_rides_dag.py took 11.779 seconds
[2022-08-27 18:57:13,354] {processor.py:153} INFO - Started process (PID=3731) to work on /opt/airflow/dags/taxi_rides_dag.py
[2022-08-27 18:57:13,354] {processor.py:641} INFO - Processing file /opt/airflow/dags/taxi_rides_dag.py for tasks to queue
[2022-08-27 18:57:13,355] {logging_mixin.py:115} INFO - [2022-08-27 18:57:13,355] {dagbag.py:508} INFO - Filling up the DagBag from /opt/airflow/dags/taxi_rides_dag.py
[2022-08-27 18:57:16,722] {logging_mixin.py:115} INFO - [2022-08-27 18:57:16,722] {taxi_rides_dag.py:18} INFO - Request result: 200
[2022-08-27 18:57:17,160] {processor.py:651} INFO - DAG(s) dict_keys(['taxi_rides_data']) retrieved from /opt/airflow/dags/taxi_rides_dag.py
[2022-08-27 18:57:19,795] {logging_mixin.py:115} INFO - [2022-08-27 18:57:19,795] {dag.py:2420} INFO - Sync 1 DAGs
[2022-08-27 18:57:19,810] {logging_mixin.py:115} INFO - [2022-08-27 18:57:19,810] {dag.py:2972} INFO - Setting next_dagrun for taxi_rides_data to 2022-09-01T00:00:00+00:00, run_after=2022-10-01T00:00:00+00:00
[2022-08-27 18:57:25,086] {processor.py:161} INFO - Processing /opt/airflow/dags/taxi_rides_dag.py took 11.735 seconds
[2022-08-27 18:57:55,769] {processor.py:153} INFO - Started process (PID=3813) to work on /opt/airflow/dags/taxi_rides_dag.py
[2022-08-27 18:57:55,770] {processor.py:641} INFO - Processing file /opt/airflow/dags/taxi_rides_dag.py for tasks to queue
[2022-08-27 18:57:55,770] {logging_mixin.py:115} INFO - [2022-08-27 18:57:55,770] {dagbag.py:508} INFO - Filling up the DagBag from /opt/airflow/dags/taxi_rides_dag.py
[2022-08-27 18:57:58,858] {logging_mixin.py:115} INFO - [2022-08-27 18:57:58,858] {taxi_rides_dag.py:18} INFO - Request result: 200
[2022-08-27 18:57:59,304] {processor.py:651} INFO - DAG(s) dict_keys(['taxi_rides_data']) retrieved from /opt/airflow/dags/taxi_rides_dag.py
[2022-08-27 18:58:01,960] {logging_mixin.py:115} INFO - [2022-08-27 18:58:01,960] {dag.py:2420} INFO - Sync 1 DAGs
[2022-08-27 18:58:01,976] {logging_mixin.py:115} INFO - [2022-08-27 18:58:01,976] {dag.py:2972} INFO - Setting next_dagrun for taxi_rides_data to 2022-09-01T00:00:00+00:00, run_after=2022-10-01T00:00:00+00:00
[2022-08-27 18:58:07,245] {processor.py:161} INFO - Processing /opt/airflow/dags/taxi_rides_dag.py took 11.478 seconds
[2022-08-27 18:58:38,229] {processor.py:153} INFO - Started process (PID=3882) to work on /opt/airflow/dags/taxi_rides_dag.py
[2022-08-27 18:58:38,234] {processor.py:641} INFO - Processing file /opt/airflow/dags/taxi_rides_dag.py for tasks to queue
[2022-08-27 18:58:38,234] {logging_mixin.py:115} INFO - [2022-08-27 18:58:38,234] {dagbag.py:508} INFO - Filling up the DagBag from /opt/airflow/dags/taxi_rides_dag.py
[2022-08-27 18:58:45,475] {logging_mixin.py:115} INFO - [2022-08-27 18:58:45,475] {taxi_rides_dag.py:18} INFO - Request result: 200
[2022-08-27 18:58:45,942] {processor.py:651} INFO - DAG(s) dict_keys(['taxi_rides_data']) retrieved from /opt/airflow/dags/taxi_rides_dag.py
[2022-08-27 18:58:48,623] {logging_mixin.py:115} INFO - [2022-08-27 18:58:48,623] {dag.py:2420} INFO - Sync 1 DAGs
[2022-08-27 18:58:48,638] {logging_mixin.py:115} INFO - [2022-08-27 18:58:48,638] {dag.py:2972} INFO - Setting next_dagrun for taxi_rides_data to 2022-09-01T00:00:00+00:00, run_after=2022-10-01T00:00:00+00:00
[2022-08-27 18:58:53,868] {processor.py:161} INFO - Processing /opt/airflow/dags/taxi_rides_dag.py took 15.642 seconds
[2022-08-27 18:59:23,981] {processor.py:153} INFO - Started process (PID=3987) to work on /opt/airflow/dags/taxi_rides_dag.py
[2022-08-27 18:59:23,981] {processor.py:641} INFO - Processing file /opt/airflow/dags/taxi_rides_dag.py for tasks to queue
[2022-08-27 18:59:23,981] {logging_mixin.py:115} INFO - [2022-08-27 18:59:23,981] {dagbag.py:508} INFO - Filling up the DagBag from /opt/airflow/dags/taxi_rides_dag.py
[2022-08-27 18:59:28,161] {logging_mixin.py:115} INFO - [2022-08-27 18:59:28,161] {taxi_rides_dag.py:18} INFO - Request result: 200
[2022-08-27 18:59:28,620] {processor.py:651} INFO - DAG(s) dict_keys(['taxi_rides_data']) retrieved from /opt/airflow/dags/taxi_rides_dag.py
[2022-08-27 18:59:31,262] {logging_mixin.py:115} INFO - [2022-08-27 18:59:31,261] {dag.py:2420} INFO - Sync 1 DAGs
[2022-08-27 18:59:31,276] {logging_mixin.py:115} INFO - [2022-08-27 18:59:31,276] {dag.py:2972} INFO - Setting next_dagrun for taxi_rides_data to 2022-09-01T00:00:00+00:00, run_after=2022-10-01T00:00:00+00:00
[2022-08-27 18:59:36,516] {processor.py:161} INFO - Processing /opt/airflow/dags/taxi_rides_dag.py took 12.537 seconds
[2022-08-27 19:00:07,150] {processor.py:153} INFO - Started process (PID=4056) to work on /opt/airflow/dags/taxi_rides_dag.py
[2022-08-27 19:00:07,150] {processor.py:641} INFO - Processing file /opt/airflow/dags/taxi_rides_dag.py for tasks to queue
[2022-08-27 19:00:07,150] {logging_mixin.py:115} INFO - [2022-08-27 19:00:07,150] {dagbag.py:508} INFO - Filling up the DagBag from /opt/airflow/dags/taxi_rides_dag.py
[2022-08-27 19:00:11,823] {logging_mixin.py:115} INFO - [2022-08-27 19:00:11,823] {taxi_rides_dag.py:18} INFO - Request result: 200
[2022-08-27 19:00:12,296] {processor.py:651} INFO - DAG(s) dict_keys(['taxi_rides_data']) retrieved from /opt/airflow/dags/taxi_rides_dag.py
[2022-08-27 19:00:15,049] {logging_mixin.py:115} INFO - [2022-08-27 19:00:15,048] {dag.py:2420} INFO - Sync 1 DAGs
[2022-08-27 19:00:15,064] {logging_mixin.py:115} INFO - [2022-08-27 19:00:15,064] {dag.py:2972} INFO - Setting next_dagrun for taxi_rides_data to 2022-09-01T00:00:00+00:00, run_after=2022-10-01T00:00:00+00:00
[2022-08-27 19:00:20,315] {processor.py:161} INFO - Processing /opt/airflow/dags/taxi_rides_dag.py took 13.168 seconds
[2022-08-27 19:00:50,624] {processor.py:153} INFO - Started process (PID=4146) to work on /opt/airflow/dags/taxi_rides_dag.py
[2022-08-27 19:00:50,625] {processor.py:641} INFO - Processing file /opt/airflow/dags/taxi_rides_dag.py for tasks to queue
[2022-08-27 19:00:50,627] {logging_mixin.py:115} INFO - [2022-08-27 19:00:50,626] {dagbag.py:508} INFO - Filling up the DagBag from /opt/airflow/dags/taxi_rides_dag.py
[2022-08-27 19:00:54,650] {logging_mixin.py:115} INFO - [2022-08-27 19:00:54,650] {taxi_rides_dag.py:18} INFO - Request result: 200
[2022-08-27 19:00:55,088] {processor.py:651} INFO - DAG(s) dict_keys(['taxi_rides_data']) retrieved from /opt/airflow/dags/taxi_rides_dag.py
[2022-08-27 19:00:57,788] {logging_mixin.py:115} INFO - [2022-08-27 19:00:57,788] {dag.py:2420} INFO - Sync 1 DAGs
[2022-08-27 19:00:57,806] {logging_mixin.py:115} INFO - [2022-08-27 19:00:57,806] {dag.py:2972} INFO - Setting next_dagrun for taxi_rides_data to 2022-09-01T00:00:00+00:00, run_after=2022-10-01T00:00:00+00:00
[2022-08-27 19:01:02,930] {processor.py:161} INFO - Processing /opt/airflow/dags/taxi_rides_dag.py took 12.314 seconds
[2022-08-27 19:01:33,354] {processor.py:153} INFO - Started process (PID=4233) to work on /opt/airflow/dags/taxi_rides_dag.py
[2022-08-27 19:01:33,354] {processor.py:641} INFO - Processing file /opt/airflow/dags/taxi_rides_dag.py for tasks to queue
[2022-08-27 19:01:33,355] {logging_mixin.py:115} INFO - [2022-08-27 19:01:33,355] {dagbag.py:508} INFO - Filling up the DagBag from /opt/airflow/dags/taxi_rides_dag.py
[2022-08-27 19:01:36,829] {logging_mixin.py:115} INFO - [2022-08-27 19:01:36,829] {taxi_rides_dag.py:18} INFO - Request result: 200
[2022-08-27 19:01:37,303] {processor.py:651} INFO - DAG(s) dict_keys(['taxi_rides_data']) retrieved from /opt/airflow/dags/taxi_rides_dag.py
[2022-08-27 19:01:40,010] {logging_mixin.py:115} INFO - [2022-08-27 19:01:40,010] {dag.py:2420} INFO - Sync 1 DAGs
[2022-08-27 19:01:40,026] {logging_mixin.py:115} INFO - [2022-08-27 19:01:40,025] {dag.py:2972} INFO - Setting next_dagrun for taxi_rides_data to 2022-09-01T00:00:00+00:00, run_after=2022-10-01T00:00:00+00:00
[2022-08-27 19:01:45,583] {processor.py:161} INFO - Processing /opt/airflow/dags/taxi_rides_dag.py took 12.231 seconds
[2022-08-27 19:02:15,632] {processor.py:153} INFO - Started process (PID=4318) to work on /opt/airflow/dags/taxi_rides_dag.py
[2022-08-27 19:02:15,632] {processor.py:641} INFO - Processing file /opt/airflow/dags/taxi_rides_dag.py for tasks to queue
[2022-08-27 19:02:15,632] {logging_mixin.py:115} INFO - [2022-08-27 19:02:15,632] {dagbag.py:508} INFO - Filling up the DagBag from /opt/airflow/dags/taxi_rides_dag.py
[2022-08-27 19:02:18,720] {logging_mixin.py:115} INFO - [2022-08-27 19:02:18,720] {taxi_rides_dag.py:18} INFO - Request result: 200
[2022-08-27 19:02:19,171] {processor.py:651} INFO - DAG(s) dict_keys(['taxi_rides_data']) retrieved from /opt/airflow/dags/taxi_rides_dag.py
[2022-08-27 19:02:21,807] {logging_mixin.py:115} INFO - [2022-08-27 19:02:21,807] {dag.py:2420} INFO - Sync 1 DAGs
[2022-08-27 19:02:21,822] {logging_mixin.py:115} INFO - [2022-08-27 19:02:21,822] {dag.py:2972} INFO - Setting next_dagrun for taxi_rides_data to 2022-09-01T00:00:00+00:00, run_after=2022-10-01T00:00:00+00:00
[2022-08-27 19:02:27,174] {processor.py:161} INFO - Processing /opt/airflow/dags/taxi_rides_dag.py took 11.544 seconds
[2022-08-27 19:02:57,766] {processor.py:153} INFO - Started process (PID=4400) to work on /opt/airflow/dags/taxi_rides_dag.py
[2022-08-27 19:02:57,766] {processor.py:641} INFO - Processing file /opt/airflow/dags/taxi_rides_dag.py for tasks to queue
[2022-08-27 19:02:57,767] {logging_mixin.py:115} INFO - [2022-08-27 19:02:57,767] {dagbag.py:508} INFO - Filling up the DagBag from /opt/airflow/dags/taxi_rides_dag.py
[2022-08-27 19:03:04,079] {logging_mixin.py:115} INFO - [2022-08-27 19:03:04,079] {taxi_rides_dag.py:18} INFO - Request result: 200
[2022-08-27 19:03:04,530] {processor.py:651} INFO - DAG(s) dict_keys(['taxi_rides_data']) retrieved from /opt/airflow/dags/taxi_rides_dag.py
[2022-08-27 19:03:07,226] {logging_mixin.py:115} INFO - [2022-08-27 19:03:07,225] {dag.py:2420} INFO - Sync 1 DAGs
[2022-08-27 19:03:07,239] {logging_mixin.py:115} INFO - [2022-08-27 19:03:07,239] {dag.py:2972} INFO - Setting next_dagrun for taxi_rides_data to 2022-09-01T00:00:00+00:00, run_after=2022-10-01T00:00:00+00:00
[2022-08-27 19:03:12,548] {processor.py:161} INFO - Processing /opt/airflow/dags/taxi_rides_dag.py took 14.784 seconds
[2022-08-27 19:03:42,862] {processor.py:153} INFO - Started process (PID=4471) to work on /opt/airflow/dags/taxi_rides_dag.py
[2022-08-27 19:03:42,868] {processor.py:641} INFO - Processing file /opt/airflow/dags/taxi_rides_dag.py for tasks to queue
[2022-08-27 19:03:42,870] {logging_mixin.py:115} INFO - [2022-08-27 19:03:42,870] {dagbag.py:508} INFO - Filling up the DagBag from /opt/airflow/dags/taxi_rides_dag.py
[2022-08-27 19:03:47,091] {logging_mixin.py:115} INFO - [2022-08-27 19:03:47,090] {taxi_rides_dag.py:18} INFO - Request result: 200
[2022-08-27 19:03:47,544] {processor.py:651} INFO - DAG(s) dict_keys(['taxi_rides_data']) retrieved from /opt/airflow/dags/taxi_rides_dag.py
[2022-08-27 19:03:50,195] {logging_mixin.py:115} INFO - [2022-08-27 19:03:50,195] {dag.py:2420} INFO - Sync 1 DAGs
[2022-08-27 19:03:50,209] {logging_mixin.py:115} INFO - [2022-08-27 19:03:50,209] {dag.py:2972} INFO - Setting next_dagrun for taxi_rides_data to 2022-09-01T00:00:00+00:00, run_after=2022-10-01T00:00:00+00:00
[2022-08-27 19:03:55,427] {processor.py:161} INFO - Processing /opt/airflow/dags/taxi_rides_dag.py took 12.573 seconds
[2022-08-27 19:04:25,562] {processor.py:153} INFO - Started process (PID=4564) to work on /opt/airflow/dags/taxi_rides_dag.py
[2022-08-27 19:04:25,562] {processor.py:641} INFO - Processing file /opt/airflow/dags/taxi_rides_dag.py for tasks to queue
[2022-08-27 19:04:25,563] {logging_mixin.py:115} INFO - [2022-08-27 19:04:25,563] {dagbag.py:508} INFO - Filling up the DagBag from /opt/airflow/dags/taxi_rides_dag.py
[2022-08-27 19:04:30,223] {logging_mixin.py:115} INFO - [2022-08-27 19:04:30,223] {taxi_rides_dag.py:18} INFO - Request result: 200
[2022-08-27 19:04:30,690] {processor.py:651} INFO - DAG(s) dict_keys(['taxi_rides_data']) retrieved from /opt/airflow/dags/taxi_rides_dag.py
[2022-08-27 19:04:33,457] {logging_mixin.py:115} INFO - [2022-08-27 19:04:33,457] {dag.py:2420} INFO - Sync 1 DAGs
[2022-08-27 19:04:33,471] {logging_mixin.py:115} INFO - [2022-08-27 19:04:33,471] {dag.py:2972} INFO - Setting next_dagrun for taxi_rides_data to 2022-09-01T00:00:00+00:00, run_after=2022-10-01T00:00:00+00:00
[2022-08-27 19:04:38,760] {processor.py:161} INFO - Processing /opt/airflow/dags/taxi_rides_dag.py took 13.199 seconds
[2022-08-27 19:05:09,250] {processor.py:153} INFO - Started process (PID=4647) to work on /opt/airflow/dags/taxi_rides_dag.py
[2022-08-27 19:05:09,251] {processor.py:641} INFO - Processing file /opt/airflow/dags/taxi_rides_dag.py for tasks to queue
[2022-08-27 19:05:09,252] {logging_mixin.py:115} INFO - [2022-08-27 19:05:09,252] {dagbag.py:508} INFO - Filling up the DagBag from /opt/airflow/dags/taxi_rides_dag.py
[2022-08-27 19:05:12,865] {logging_mixin.py:115} INFO - [2022-08-27 19:05:12,865] {taxi_rides_dag.py:18} INFO - Request result: 200
[2022-08-27 19:05:13,325] {processor.py:651} INFO - DAG(s) dict_keys(['taxi_rides_data']) retrieved from /opt/airflow/dags/taxi_rides_dag.py
[2022-08-27 19:05:16,271] {logging_mixin.py:115} INFO - [2022-08-27 19:05:16,271] {dag.py:2420} INFO - Sync 1 DAGs
[2022-08-27 19:05:16,286] {logging_mixin.py:115} INFO - [2022-08-27 19:05:16,286] {dag.py:2972} INFO - Setting next_dagrun for taxi_rides_data to 2022-09-01T00:00:00+00:00, run_after=2022-10-01T00:00:00+00:00
[2022-08-27 19:05:21,658] {processor.py:161} INFO - Processing /opt/airflow/dags/taxi_rides_dag.py took 12.416 seconds
[2022-08-27 19:05:52,148] {processor.py:153} INFO - Started process (PID=4733) to work on /opt/airflow/dags/taxi_rides_dag.py
[2022-08-27 19:05:52,148] {processor.py:641} INFO - Processing file /opt/airflow/dags/taxi_rides_dag.py for tasks to queue
[2022-08-27 19:05:52,148] {logging_mixin.py:115} INFO - [2022-08-27 19:05:52,148] {dagbag.py:508} INFO - Filling up the DagBag from /opt/airflow/dags/taxi_rides_dag.py
[2022-08-27 19:05:56,091] {logging_mixin.py:115} INFO - [2022-08-27 19:05:56,091] {taxi_rides_dag.py:18} INFO - Request result: 200
[2022-08-27 19:05:56,542] {processor.py:651} INFO - DAG(s) dict_keys(['taxi_rides_data']) retrieved from /opt/airflow/dags/taxi_rides_dag.py
[2022-08-27 19:05:59,183] {logging_mixin.py:115} INFO - [2022-08-27 19:05:59,183] {dag.py:2420} INFO - Sync 1 DAGs
[2022-08-27 19:05:59,197] {logging_mixin.py:115} INFO - [2022-08-27 19:05:59,197] {dag.py:2972} INFO - Setting next_dagrun for taxi_rides_data to 2022-09-01T00:00:00+00:00, run_after=2022-10-01T00:00:00+00:00
[2022-08-27 19:06:04,589] {processor.py:161} INFO - Processing /opt/airflow/dags/taxi_rides_dag.py took 12.442 seconds
[2022-08-27 19:06:35,149] {processor.py:153} INFO - Started process (PID=4824) to work on /opt/airflow/dags/taxi_rides_dag.py
[2022-08-27 19:06:35,150] {processor.py:641} INFO - Processing file /opt/airflow/dags/taxi_rides_dag.py for tasks to queue
[2022-08-27 19:06:35,150] {logging_mixin.py:115} INFO - [2022-08-27 19:06:35,150] {dagbag.py:508} INFO - Filling up the DagBag from /opt/airflow/dags/taxi_rides_dag.py
[2022-08-27 19:06:38,277] {logging_mixin.py:115} INFO - [2022-08-27 19:06:38,276] {taxi_rides_dag.py:18} INFO - Request result: 200
[2022-08-27 19:06:38,717] {processor.py:651} INFO - DAG(s) dict_keys(['taxi_rides_data']) retrieved from /opt/airflow/dags/taxi_rides_dag.py
[2022-08-27 19:06:41,326] {logging_mixin.py:115} INFO - [2022-08-27 19:06:41,326] {dag.py:2420} INFO - Sync 1 DAGs
[2022-08-27 19:06:41,339] {logging_mixin.py:115} INFO - [2022-08-27 19:06:41,339] {dag.py:2972} INFO - Setting next_dagrun for taxi_rides_data to 2022-09-01T00:00:00+00:00, run_after=2022-10-01T00:00:00+00:00
[2022-08-27 19:06:46,641] {processor.py:161} INFO - Processing /opt/airflow/dags/taxi_rides_dag.py took 11.493 seconds
[2022-08-27 19:07:16,828] {processor.py:153} INFO - Started process (PID=4889) to work on /opt/airflow/dags/taxi_rides_dag.py
[2022-08-27 19:07:16,829] {processor.py:641} INFO - Processing file /opt/airflow/dags/taxi_rides_dag.py for tasks to queue
[2022-08-27 19:07:16,829] {logging_mixin.py:115} INFO - [2022-08-27 19:07:16,829] {dagbag.py:508} INFO - Filling up the DagBag from /opt/airflow/dags/taxi_rides_dag.py
[2022-08-27 19:07:27,736] {logging_mixin.py:115} INFO - [2022-08-27 19:07:27,736] {taxi_rides_dag.py:18} INFO - Request result: 200
[2022-08-27 19:07:28,215] {processor.py:651} INFO - DAG(s) dict_keys(['taxi_rides_data']) retrieved from /opt/airflow/dags/taxi_rides_dag.py
[2022-08-27 19:07:30,950] {logging_mixin.py:115} INFO - [2022-08-27 19:07:30,950] {dag.py:2420} INFO - Sync 1 DAGs
[2022-08-27 19:07:30,967] {logging_mixin.py:115} INFO - [2022-08-27 19:07:30,967] {dag.py:2972} INFO - Setting next_dagrun for taxi_rides_data to 2022-09-01T00:00:00+00:00, run_after=2022-10-01T00:00:00+00:00
[2022-08-27 19:07:36,161] {processor.py:161} INFO - Processing /opt/airflow/dags/taxi_rides_dag.py took 19.340 seconds
[2022-08-27 19:08:06,660] {processor.py:153} INFO - Started process (PID=4998) to work on /opt/airflow/dags/taxi_rides_dag.py
[2022-08-27 19:08:06,661] {processor.py:641} INFO - Processing file /opt/airflow/dags/taxi_rides_dag.py for tasks to queue
[2022-08-27 19:08:06,661] {logging_mixin.py:115} INFO - [2022-08-27 19:08:06,661] {dagbag.py:508} INFO - Filling up the DagBag from /opt/airflow/dags/taxi_rides_dag.py
[2022-08-27 19:08:11,034] {logging_mixin.py:115} INFO - [2022-08-27 19:08:11,033] {taxi_rides_dag.py:18} INFO - Request result: 200
[2022-08-27 19:08:11,474] {processor.py:651} INFO - DAG(s) dict_keys(['taxi_rides_data']) retrieved from /opt/airflow/dags/taxi_rides_dag.py
[2022-08-27 19:08:14,168] {logging_mixin.py:115} INFO - [2022-08-27 19:08:14,168] {dag.py:2420} INFO - Sync 1 DAGs
[2022-08-27 19:08:14,184] {logging_mixin.py:115} INFO - [2022-08-27 19:08:14,184] {dag.py:2972} INFO - Setting next_dagrun for taxi_rides_data to 2022-09-01T00:00:00+00:00, run_after=2022-10-01T00:00:00+00:00
[2022-08-27 19:08:19,369] {processor.py:161} INFO - Processing /opt/airflow/dags/taxi_rides_dag.py took 12.711 seconds
[2022-08-27 19:08:49,506] {processor.py:153} INFO - Started process (PID=5077) to work on /opt/airflow/dags/taxi_rides_dag.py
[2022-08-27 19:08:49,506] {processor.py:641} INFO - Processing file /opt/airflow/dags/taxi_rides_dag.py for tasks to queue
[2022-08-27 19:08:49,507] {logging_mixin.py:115} INFO - [2022-08-27 19:08:49,507] {dagbag.py:508} INFO - Filling up the DagBag from /opt/airflow/dags/taxi_rides_dag.py
[2022-08-27 19:08:54,877] {logging_mixin.py:115} INFO - [2022-08-27 19:08:54,877] {taxi_rides_dag.py:18} INFO - Request result: 200
[2022-08-27 19:08:55,331] {processor.py:651} INFO - DAG(s) dict_keys(['taxi_rides_data']) retrieved from /opt/airflow/dags/taxi_rides_dag.py
[2022-08-27 19:08:58,009] {logging_mixin.py:115} INFO - [2022-08-27 19:08:58,009] {dag.py:2420} INFO - Sync 1 DAGs
[2022-08-27 19:08:58,024] {logging_mixin.py:115} INFO - [2022-08-27 19:08:58,024] {dag.py:2972} INFO - Setting next_dagrun for taxi_rides_data to 2022-09-01T00:00:00+00:00, run_after=2022-10-01T00:00:00+00:00
[2022-08-27 19:09:03,490] {processor.py:161} INFO - Processing /opt/airflow/dags/taxi_rides_dag.py took 13.990 seconds
[2022-08-27 19:09:08,578] {processor.py:153} INFO - Started process (PID=5114) to work on /opt/airflow/dags/taxi_rides_dag.py
[2022-08-27 19:09:08,579] {processor.py:641} INFO - Processing file /opt/airflow/dags/taxi_rides_dag.py for tasks to queue
[2022-08-27 19:09:08,580] {logging_mixin.py:115} INFO - [2022-08-27 19:09:08,580] {dagbag.py:508} INFO - Filling up the DagBag from /opt/airflow/dags/taxi_rides_dag.py
[2022-08-27 19:09:12,421] {logging_mixin.py:115} INFO - [2022-08-27 19:09:12,421] {taxi_rides_dag.py:18} INFO - Request result: 200
[2022-08-27 19:09:12,867] {processor.py:651} INFO - DAG(s) dict_keys(['request_and_store_raw_taxigov_data']) retrieved from /opt/airflow/dags/taxi_rides_dag.py
[2022-08-27 19:09:19,318] {logging_mixin.py:115} INFO - [2022-08-27 19:09:19,318] {manager.py:508} INFO - Created Permission View: can delete on DAG:request_and_store_raw_taxigov_data
[2022-08-27 19:09:19,324] {logging_mixin.py:115} INFO - [2022-08-27 19:09:19,324] {manager.py:508} INFO - Created Permission View: can read on DAG:request_and_store_raw_taxigov_data
[2022-08-27 19:09:19,329] {logging_mixin.py:115} INFO - [2022-08-27 19:09:19,329] {manager.py:508} INFO - Created Permission View: can edit on DAG:request_and_store_raw_taxigov_data
[2022-08-27 19:09:19,329] {logging_mixin.py:115} INFO - [2022-08-27 19:09:19,329] {dag.py:2420} INFO - Sync 1 DAGs
[2022-08-27 19:09:19,335] {logging_mixin.py:115} INFO - [2022-08-27 19:09:19,335] {dag.py:2439} INFO - Creating ORM DAG for request_and_store_raw_taxigov_data
[2022-08-27 19:09:19,344] {logging_mixin.py:115} INFO - [2022-08-27 19:09:19,344] {dag.py:2972} INFO - Setting next_dagrun for request_and_store_raw_taxigov_data to 2022-09-01T00:00:00+00:00, run_after=2022-10-01T00:00:00+00:00
[2022-08-27 19:09:19,353] {processor.py:161} INFO - Processing /opt/airflow/dags/taxi_rides_dag.py took 10.782 seconds
