[2022-08-28 23:28:55,611] {taskinstance.py:1179} INFO - Dependencies all met for <TaskInstance: create_and_populate_taxigov_datawarehouse.check_taxigov_data manual__2022-08-28T23:28:54.251539+00:00 [queued]>
[2022-08-28 23:28:55,617] {taskinstance.py:1179} INFO - Dependencies all met for <TaskInstance: create_and_populate_taxigov_datawarehouse.check_taxigov_data manual__2022-08-28T23:28:54.251539+00:00 [queued]>
[2022-08-28 23:28:55,617] {taskinstance.py:1376} INFO - 
--------------------------------------------------------------------------------
[2022-08-28 23:28:55,618] {taskinstance.py:1377} INFO - Starting attempt 1 of 1
[2022-08-28 23:28:55,618] {taskinstance.py:1378} INFO - 
--------------------------------------------------------------------------------
[2022-08-28 23:28:55,627] {taskinstance.py:1397} INFO - Executing <Task(PythonOperator): check_taxigov_data> on 2022-08-28 23:28:54.251539+00:00
[2022-08-28 23:28:55,630] {standard_task_runner.py:52} INFO - Started process 2974 to run task
[2022-08-28 23:28:55,631] {standard_task_runner.py:79} INFO - Running: ['***', 'tasks', 'run', 'create_and_populate_taxigov_datawarehouse', 'check_taxigov_data', 'manual__2022-08-28T23:28:54.251539+00:00', '--job-id', '107', '--raw', '--subdir', 'DAGS_FOLDER/create_and_populate_taxigov_datawarehouse_dag.py', '--cfg-path', '/tmp/tmp0wk2g2p_', '--error-file', '/tmp/tmpkuckhhds']
[2022-08-28 23:28:55,632] {standard_task_runner.py:80} INFO - Job 107: Subtask check_taxigov_data
[2022-08-28 23:28:55,669] {task_command.py:371} INFO - Running <TaskInstance: create_and_populate_taxigov_datawarehouse.check_taxigov_data manual__2022-08-28T23:28:54.251539+00:00 [running]> on host ddc8002727e0
[2022-08-28 23:28:55,714] {taskinstance.py:1591} INFO - Exporting the following env vars:
AIRFLOW_CTX_DAG_OWNER=***
AIRFLOW_CTX_DAG_ID=create_and_populate_taxigov_datawarehouse
AIRFLOW_CTX_TASK_ID=check_taxigov_data
AIRFLOW_CTX_EXECUTION_DATE=2022-08-28T23:28:54.251539+00:00
AIRFLOW_CTX_TRY_NUMBER=1
AIRFLOW_CTX_DAG_RUN_ID=manual__2022-08-28T23:28:54.251539+00:00
[2022-08-28 23:28:55,722] {base.py:68} INFO - Using connection ID 'redshift_default' for task execution.
[2022-08-28 23:28:57,368] {create_and_populate_taxigov_datawarehouse_dag.py:20} INFO - Data Quality for table raw__taxigov_corridas checks passed.
[2022-08-28 23:28:57,369] {python.py:173} INFO - Done. Returned value was: None
[2022-08-28 23:28:57,380] {taskinstance.py:1420} INFO - Marking task as SUCCESS. dag_id=create_and_populate_taxigov_datawarehouse, task_id=check_taxigov_data, execution_date=20220828T232854, start_date=20220828T232855, end_date=20220828T232857
[2022-08-28 23:28:57,408] {local_task_job.py:156} INFO - Task exited with return code 0
[2022-08-28 23:28:57,437] {local_task_job.py:273} INFO - 3 downstream tasks scheduled from follow-on schedule check
