[2022-08-25 09:56:27,423] {taskinstance.py:1179} INFO - Dependencies all met for <TaskInstance: taxi_rides_data.create_object manual__2022-08-25T09:56:12.790216+00:00 [queued]>
[2022-08-25 09:56:27,433] {taskinstance.py:1179} INFO - Dependencies all met for <TaskInstance: taxi_rides_data.create_object manual__2022-08-25T09:56:12.790216+00:00 [queued]>
[2022-08-25 09:56:27,433] {taskinstance.py:1376} INFO - 
--------------------------------------------------------------------------------
[2022-08-25 09:56:27,434] {taskinstance.py:1377} INFO - Starting attempt 1 of 1
[2022-08-25 09:56:27,434] {taskinstance.py:1378} INFO - 
--------------------------------------------------------------------------------
[2022-08-25 09:56:27,449] {taskinstance.py:1397} INFO - Executing <Task(S3CreateObjectOperator): create_object> on 2022-08-25 09:56:12.790216+00:00
[2022-08-25 09:56:27,456] {standard_task_runner.py:52} INFO - Started process 3521 to run task
[2022-08-25 09:56:27,459] {standard_task_runner.py:79} INFO - Running: ['***', 'tasks', 'run', 'taxi_rides_data', 'create_object', 'manual__2022-08-25T09:56:12.790216+00:00', '--job-id', '56', '--raw', '--subdir', 'DAGS_FOLDER/taxi_rides_dag.py', '--cfg-path', '/tmp/tmpxzlg_m_5', '--error-file', '/tmp/tmp8pyibt1_']
[2022-08-25 09:56:27,459] {standard_task_runner.py:80} INFO - Job 56: Subtask create_object
[2022-08-25 09:56:27,521] {task_command.py:371} INFO - Running <TaskInstance: taxi_rides_data.create_object manual__2022-08-25T09:56:12.790216+00:00 [running]> on host ddc8002727e0
[2022-08-25 09:56:36,649] {taskinstance.py:1591} INFO - Exporting the following env vars:
AIRFLOW_CTX_DAG_OWNER=***
AIRFLOW_CTX_DAG_ID=taxi_rides_data
AIRFLOW_CTX_TASK_ID=create_object
AIRFLOW_CTX_EXECUTION_DATE=2022-08-25T09:56:12.790216+00:00
AIRFLOW_CTX_TRY_NUMBER=1
AIRFLOW_CTX_DAG_RUN_ID=manual__2022-08-25T09:56:12.790216+00:00
[2022-08-25 09:56:36,662] {base.py:68} INFO - Using connection ID 'aws_credentials' for task execution.
[2022-08-25 09:56:36,662] {base_aws.py:206} INFO - Credentials retrieved from login
[2022-08-25 09:57:30,934] {taskinstance.py:1420} INFO - Marking task as SUCCESS. dag_id=taxi_rides_data, task_id=create_object, execution_date=20220825T095612, start_date=20220825T095627, end_date=20220825T095730
[2022-08-25 09:57:30,991] {local_task_job.py:156} INFO - Task exited with return code 0
[2022-08-25 09:57:31,017] {local_task_job.py:273} INFO - 0 downstream tasks scheduled from follow-on schedule check
