[2022-08-29 00:00:57,157] {taskinstance.py:1179} INFO - Dependencies all met for <TaskInstance: create_and_populate_taxigov_datawarehouse.create_dim_requests_table manual__2022-08-29T00:00:54.305690+00:00 [queued]>
[2022-08-29 00:00:57,164] {taskinstance.py:1179} INFO - Dependencies all met for <TaskInstance: create_and_populate_taxigov_datawarehouse.create_dim_requests_table manual__2022-08-29T00:00:54.305690+00:00 [queued]>
[2022-08-29 00:00:57,164] {taskinstance.py:1376} INFO - 
--------------------------------------------------------------------------------
[2022-08-29 00:00:57,164] {taskinstance.py:1377} INFO - Starting attempt 1 of 1
[2022-08-29 00:00:57,164] {taskinstance.py:1378} INFO - 
--------------------------------------------------------------------------------
[2022-08-29 00:00:57,177] {taskinstance.py:1397} INFO - Executing <Task(PostgresOperator): create_dim_requests_table> on 2022-08-29 00:00:54.305690+00:00
[2022-08-29 00:00:57,180] {standard_task_runner.py:52} INFO - Started process 4631 to run task
[2022-08-29 00:00:57,182] {standard_task_runner.py:79} INFO - Running: ['***', 'tasks', 'run', 'create_and_populate_taxigov_datawarehouse', 'create_dim_requests_table', 'manual__2022-08-29T00:00:54.305690+00:00', '--job-id', '163', '--raw', '--subdir', 'DAGS_FOLDER/create_and_populate_taxigov_datawarehouse_dag.py', '--cfg-path', '/tmp/tmphz3hiv_6', '--error-file', '/tmp/tmpj5_d85jc']
[2022-08-29 00:00:57,182] {standard_task_runner.py:80} INFO - Job 163: Subtask create_dim_requests_table
[2022-08-29 00:00:57,227] {task_command.py:371} INFO - Running <TaskInstance: create_and_populate_taxigov_datawarehouse.create_dim_requests_table manual__2022-08-29T00:00:54.305690+00:00 [running]> on host ddc8002727e0
[2022-08-29 00:00:57,285] {taskinstance.py:1591} INFO - Exporting the following env vars:
AIRFLOW_CTX_DAG_OWNER=***
AIRFLOW_CTX_DAG_ID=create_and_populate_taxigov_datawarehouse
AIRFLOW_CTX_TASK_ID=create_dim_requests_table
AIRFLOW_CTX_EXECUTION_DATE=2022-08-29T00:00:54.305690+00:00
AIRFLOW_CTX_TRY_NUMBER=1
AIRFLOW_CTX_DAG_RUN_ID=manual__2022-08-29T00:00:54.305690+00:00
[2022-08-29 00:00:57,296] {base.py:68} INFO - Using connection ID 'redshift_default' for task execution.
[2022-08-29 00:01:13,740] {dbapi.py:231} INFO - Running statement: 
    DROP TABLE IF EXISTS dim_requests;

    CREATE TABLE dim_requests AS ( 
        SELECT
            SHA2(
                CONCAT(
                    CAST(data_abertura AS VARCHAR), 
                    nome_orgao
                ),
                256
            ) AS id,
            UPPER(nome_orgao) AS requested_by,
            data_abertura AS requested_at,
            data_despacho AS approved_at,
            UPPER(motivo_corrida) AS reason,
            destino_solicitado_latitude AS requested_dropoff_latitude,
            destino_solicitado_longitude AS requested_dropoff_longitude,
            conteste_info AS commentary
        FROM
            raw__taxigov_corridas
    );, parameters: None
[2022-08-29 00:01:17,326] {taskinstance.py:1420} INFO - Marking task as SUCCESS. dag_id=create_and_populate_taxigov_datawarehouse, task_id=create_dim_requests_table, execution_date=20220829T000054, start_date=20220829T000057, end_date=20220829T000117
[2022-08-29 00:01:17,347] {local_task_job.py:156} INFO - Task exited with return code 0
[2022-08-29 00:01:17,372] {local_task_job.py:273} INFO - 0 downstream tasks scheduled from follow-on schedule check
