[2022-08-28 23:41:40,522] {taskinstance.py:1179} INFO - Dependencies all met for <TaskInstance: create_and_populate_taxigov_datawarehouse.create_dim_dates_table manual__2022-08-28T23:41:36.665072+00:00 [queued]>
[2022-08-28 23:41:40,530] {taskinstance.py:1179} INFO - Dependencies all met for <TaskInstance: create_and_populate_taxigov_datawarehouse.create_dim_dates_table manual__2022-08-28T23:41:36.665072+00:00 [queued]>
[2022-08-28 23:41:40,530] {taskinstance.py:1376} INFO - 
--------------------------------------------------------------------------------
[2022-08-28 23:41:40,530] {taskinstance.py:1377} INFO - Starting attempt 1 of 1
[2022-08-28 23:41:40,530] {taskinstance.py:1378} INFO - 
--------------------------------------------------------------------------------
[2022-08-28 23:41:40,539] {taskinstance.py:1397} INFO - Executing <Task(PostgresOperator): create_dim_dates_table> on 2022-08-28 23:41:36.665072+00:00
[2022-08-28 23:41:40,542] {standard_task_runner.py:52} INFO - Started process 3642 to run task
[2022-08-28 23:41:40,544] {standard_task_runner.py:79} INFO - Running: ['***', 'tasks', 'run', 'create_and_populate_taxigov_datawarehouse', 'create_dim_dates_table', 'manual__2022-08-28T23:41:36.665072+00:00', '--job-id', '133', '--raw', '--subdir', 'DAGS_FOLDER/create_and_populate_taxigov_datawarehouse_dag.py', '--cfg-path', '/tmp/tmplrc1w5xb', '--error-file', '/tmp/tmp6th1wq94']
[2022-08-28 23:41:40,545] {standard_task_runner.py:80} INFO - Job 133: Subtask create_dim_dates_table
[2022-08-28 23:41:40,587] {task_command.py:371} INFO - Running <TaskInstance: create_and_populate_taxigov_datawarehouse.create_dim_dates_table manual__2022-08-28T23:41:36.665072+00:00 [running]> on host ddc8002727e0
[2022-08-28 23:41:40,639] {taskinstance.py:1591} INFO - Exporting the following env vars:
AIRFLOW_CTX_DAG_OWNER=***
AIRFLOW_CTX_DAG_ID=create_and_populate_taxigov_datawarehouse
AIRFLOW_CTX_TASK_ID=create_dim_dates_table
AIRFLOW_CTX_EXECUTION_DATE=2022-08-28T23:41:36.665072+00:00
AIRFLOW_CTX_TRY_NUMBER=1
AIRFLOW_CTX_DAG_RUN_ID=manual__2022-08-28T23:41:36.665072+00:00
[2022-08-28 23:41:40,645] {base.py:68} INFO - Using connection ID 'redshift_default' for task execution.
[2022-08-28 23:41:41,840] {dbapi.py:231} INFO - Running statement: 
    DROP TABLE IF EXISTS dim_dates;

    CREATE TABLE dim_dates AS (
        WITH
        distinct_timestamps AS (
            SELECT 
                data_abertura AS ts
            FROM
                raw__taxigov_corridas

            UNION DISTINCT

            SELECT
                data_despacho AS ts
            FROM
                raw__taxigov_corridas 
            
            UNION DISTINCT

            SELECT
                data_local_embarque AS ts
            FROM
                raw__taxigov_corridas 

            UNION DISTINCT

            SELECT
                data_inicio AS ts
            FROM
                raw__taxigov_corridas 

            UNION DISTINCT

            SELECT
                data_final AS ts
            FROM
                raw__taxigov_corridas
        )
        
        SELECT
            DISTINCT
                ts,
                DATE(ts) AS date,
                EXTRACT(MONTH FROM ts) AS month,
                EXTRACT(YEAR FROM ts) AS year,
                EXTRACT(DOW FROM ts) AS day_of_week,
                CASE
                    WHEN EXTRACT(DOW FROM ts) IN (1, 7) THEN TRUE
                    ELSE FALSE 
                END AS is_weekend
        FROM
            distinct_timestamps
    );, parameters: None
[2022-08-28 23:41:53,729] {postgres.py:94} INFO - INFO:  Table "dim_dates" does not exist and will be skipped

[2022-08-28 23:41:53,750] {taskinstance.py:1420} INFO - Marking task as SUCCESS. dag_id=create_and_populate_taxigov_datawarehouse, task_id=create_dim_dates_table, execution_date=20220828T234136, start_date=20220828T234140, end_date=20220828T234153
[2022-08-28 23:41:53,783] {local_task_job.py:156} INFO - Task exited with return code 0
[2022-08-28 23:41:53,838] {local_task_job.py:273} INFO - 0 downstream tasks scheduled from follow-on schedule check
