[2022-08-28 23:14:24,639] {taskinstance.py:1179} INFO - Dependencies all met for <TaskInstance: request_and_store_raw_taxigov_data.create_taxigov_raw_table manual__2022-08-28T23:14:14.279037+00:00 [queued]>
[2022-08-28 23:14:24,647] {taskinstance.py:1179} INFO - Dependencies all met for <TaskInstance: request_and_store_raw_taxigov_data.create_taxigov_raw_table manual__2022-08-28T23:14:14.279037+00:00 [queued]>
[2022-08-28 23:14:24,647] {taskinstance.py:1376} INFO - 
--------------------------------------------------------------------------------
[2022-08-28 23:14:24,647] {taskinstance.py:1377} INFO - Starting attempt 1 of 1
[2022-08-28 23:14:24,647] {taskinstance.py:1378} INFO - 
--------------------------------------------------------------------------------
[2022-08-28 23:14:24,657] {taskinstance.py:1397} INFO - Executing <Task(PostgresOperator): create_taxigov_raw_table> on 2022-08-28 23:14:14.279037+00:00
[2022-08-28 23:14:24,663] {standard_task_runner.py:52} INFO - Started process 2239 to run task
[2022-08-28 23:14:24,665] {standard_task_runner.py:79} INFO - Running: ['***', 'tasks', 'run', 'request_and_store_raw_taxigov_data', 'create_taxigov_raw_table', 'manual__2022-08-28T23:14:14.279037+00:00', '--job-id', '92', '--raw', '--subdir', 'DAGS_FOLDER/request_and_store_raw_taxigov_dag.py', '--cfg-path', '/tmp/tmpocwpygt_', '--error-file', '/tmp/tmpd0e8c1v7']
[2022-08-28 23:14:24,665] {standard_task_runner.py:80} INFO - Job 92: Subtask create_taxigov_raw_table
[2022-08-28 23:14:24,703] {task_command.py:371} INFO - Running <TaskInstance: request_and_store_raw_taxigov_data.create_taxigov_raw_table manual__2022-08-28T23:14:14.279037+00:00 [running]> on host ddc8002727e0
[2022-08-28 23:14:24,750] {taskinstance.py:1591} INFO - Exporting the following env vars:
AIRFLOW_CTX_DAG_OWNER=***
AIRFLOW_CTX_DAG_ID=request_and_store_raw_taxigov_data
AIRFLOW_CTX_TASK_ID=create_taxigov_raw_table
AIRFLOW_CTX_EXECUTION_DATE=2022-08-28T23:14:14.279037+00:00
AIRFLOW_CTX_TRY_NUMBER=1
AIRFLOW_CTX_DAG_RUN_ID=manual__2022-08-28T23:14:14.279037+00:00
[2022-08-28 23:14:24,756] {base.py:68} INFO - Using connection ID 'redshift_default' for task execution.
[2022-08-28 23:14:26,234] {dbapi.py:231} INFO - Running statement: 
    DROP TABLE IF EXISTS raw__taxigov_corridas;

    CREATE TABLE IF NOT EXISTS raw__taxigov_corridas (
        base_origem VARCHAR(500) NOT NULL,
        qru_corrida INTEGER,	
        nome_orgao VARCHAR(500),	
        status_corrida VARCHAR(500),
        motivo_corrida VARCHAR(500),
        km_total DECIMAL(16,2),
        valor_corrida DECIMAL(16,2), 
        data_abertura TIMESTAMP,
        data_despacho TIMESTAMP,
        data_local_embarque	TIMESTAMP,
        data_inicio	TIMESTAMP,
        data_final TIMESTAMP,
        origem_endereco	VARCHAR(500), 
        origem_bairro VARCHAR(500), 
        origem_cidade VARCHAR(500), 
        origem_uf VARCHAR(500), 
        destino_solicitado_endereco VARCHAR(500), 
        destino_efetivo_endereco VARCHAR(500), 
        origem_latitude	DECIMAL(16,2),
        origem_longitude DECIMAL(16,2),
        destino_solicitado_latitude	DECIMAL(16,2),
        destino_solicitado_longitude DECIMAL(16,2),
        destino_efetivo_latitude DECIMAL(16,2),
        destino_efetivo_longitude DECIMAL(16,2),
        ateste_setorial_data TIMESTAMP,
        conteste_info VARCHAR(2000)
    )
    DISTSTYLE AUTO;, parameters: None
[2022-08-28 23:14:26,793] {postgres.py:94} INFO - INFO:  Table "raw__taxigov_corridas" does not exist and will be skipped

[2022-08-28 23:14:26,820] {taskinstance.py:1420} INFO - Marking task as SUCCESS. dag_id=request_and_store_raw_taxigov_data, task_id=create_taxigov_raw_table, execution_date=20220828T231414, start_date=20220828T231424, end_date=20220828T231426
[2022-08-28 23:14:26,843] {local_task_job.py:156} INFO - Task exited with return code 0
[2022-08-28 23:14:26,868] {local_task_job.py:273} INFO - 1 downstream tasks scheduled from follow-on schedule check
