[2022-08-29 00:00:00,868] {processor.py:153} INFO - Started process (PID=10930) to work on /home/airflow/.local/lib/python3.7/site-packages/airflow/example_dags/example_trigger_target_dag.py
[2022-08-29 00:00:00,868] {processor.py:641} INFO - Processing file /home/airflow/.local/lib/python3.7/site-packages/airflow/example_dags/example_trigger_target_dag.py for tasks to queue
[2022-08-29 00:00:00,868] {logging_mixin.py:115} INFO - [2022-08-29 00:00:00,868] {dagbag.py:508} INFO - Filling up the DagBag from /home/airflow/.local/lib/python3.7/site-packages/airflow/example_dags/example_trigger_target_dag.py
[2022-08-29 00:00:00,878] {processor.py:651} INFO - DAG(s) dict_keys(['example_trigger_target_dag']) retrieved from /home/airflow/.local/lib/python3.7/site-packages/airflow/example_dags/example_trigger_target_dag.py
[2022-08-29 00:00:00,892] {logging_mixin.py:115} INFO - [2022-08-29 00:00:00,892] {dag.py:2420} INFO - Sync 1 DAGs
[2022-08-29 00:00:00,905] {logging_mixin.py:115} INFO - [2022-08-29 00:00:00,905] {dag.py:2972} INFO - Setting next_dagrun for example_trigger_target_dag to None, run_after=None
[2022-08-29 00:00:00,911] {processor.py:161} INFO - Processing /home/airflow/.local/lib/python3.7/site-packages/airflow/example_dags/example_trigger_target_dag.py took 0.045 seconds
[2022-08-29 00:00:31,061] {processor.py:153} INFO - Started process (PID=10994) to work on /home/airflow/.local/lib/python3.7/site-packages/airflow/example_dags/example_trigger_target_dag.py
[2022-08-29 00:00:31,061] {processor.py:641} INFO - Processing file /home/airflow/.local/lib/python3.7/site-packages/airflow/example_dags/example_trigger_target_dag.py for tasks to queue
[2022-08-29 00:00:31,062] {logging_mixin.py:115} INFO - [2022-08-29 00:00:31,062] {dagbag.py:508} INFO - Filling up the DagBag from /home/airflow/.local/lib/python3.7/site-packages/airflow/example_dags/example_trigger_target_dag.py
[2022-08-29 00:00:31,072] {processor.py:651} INFO - DAG(s) dict_keys(['example_trigger_target_dag']) retrieved from /home/airflow/.local/lib/python3.7/site-packages/airflow/example_dags/example_trigger_target_dag.py
[2022-08-29 00:00:31,088] {logging_mixin.py:115} INFO - [2022-08-29 00:00:31,088] {dag.py:2420} INFO - Sync 1 DAGs
[2022-08-29 00:00:31,104] {logging_mixin.py:115} INFO - [2022-08-29 00:00:31,104] {dag.py:2972} INFO - Setting next_dagrun for example_trigger_target_dag to None, run_after=None
[2022-08-29 00:00:31,111] {processor.py:161} INFO - Processing /home/airflow/.local/lib/python3.7/site-packages/airflow/example_dags/example_trigger_target_dag.py took 0.053 seconds
[2022-08-29 00:01:01,752] {processor.py:153} INFO - Started process (PID=11066) to work on /home/airflow/.local/lib/python3.7/site-packages/airflow/example_dags/example_trigger_target_dag.py
[2022-08-29 00:01:01,752] {processor.py:641} INFO - Processing file /home/airflow/.local/lib/python3.7/site-packages/airflow/example_dags/example_trigger_target_dag.py for tasks to queue
[2022-08-29 00:01:01,753] {logging_mixin.py:115} INFO - [2022-08-29 00:01:01,753] {dagbag.py:508} INFO - Filling up the DagBag from /home/airflow/.local/lib/python3.7/site-packages/airflow/example_dags/example_trigger_target_dag.py
[2022-08-29 00:01:01,763] {processor.py:651} INFO - DAG(s) dict_keys(['example_trigger_target_dag']) retrieved from /home/airflow/.local/lib/python3.7/site-packages/airflow/example_dags/example_trigger_target_dag.py
[2022-08-29 00:01:01,781] {logging_mixin.py:115} INFO - [2022-08-29 00:01:01,781] {dag.py:2420} INFO - Sync 1 DAGs
[2022-08-29 00:01:01,797] {logging_mixin.py:115} INFO - [2022-08-29 00:01:01,797] {dag.py:2972} INFO - Setting next_dagrun for example_trigger_target_dag to None, run_after=None
[2022-08-29 00:01:01,804] {processor.py:161} INFO - Processing /home/airflow/.local/lib/python3.7/site-packages/airflow/example_dags/example_trigger_target_dag.py took 0.054 seconds
[2022-08-29 00:01:32,115] {processor.py:153} INFO - Started process (PID=11129) to work on /home/airflow/.local/lib/python3.7/site-packages/airflow/example_dags/example_trigger_target_dag.py
[2022-08-29 00:01:32,116] {processor.py:641} INFO - Processing file /home/airflow/.local/lib/python3.7/site-packages/airflow/example_dags/example_trigger_target_dag.py for tasks to queue
[2022-08-29 00:01:32,116] {logging_mixin.py:115} INFO - [2022-08-29 00:01:32,116] {dagbag.py:508} INFO - Filling up the DagBag from /home/airflow/.local/lib/python3.7/site-packages/airflow/example_dags/example_trigger_target_dag.py
[2022-08-29 00:01:32,129] {processor.py:651} INFO - DAG(s) dict_keys(['example_trigger_target_dag']) retrieved from /home/airflow/.local/lib/python3.7/site-packages/airflow/example_dags/example_trigger_target_dag.py
[2022-08-29 00:01:32,152] {logging_mixin.py:115} INFO - [2022-08-29 00:01:32,152] {dag.py:2420} INFO - Sync 1 DAGs
[2022-08-29 00:01:32,177] {logging_mixin.py:115} INFO - [2022-08-29 00:01:32,177] {dag.py:2972} INFO - Setting next_dagrun for example_trigger_target_dag to None, run_after=None
[2022-08-29 00:01:32,186] {processor.py:161} INFO - Processing /home/airflow/.local/lib/python3.7/site-packages/airflow/example_dags/example_trigger_target_dag.py took 0.073 seconds
[2022-08-29 00:02:02,218] {processor.py:153} INFO - Started process (PID=11183) to work on /home/airflow/.local/lib/python3.7/site-packages/airflow/example_dags/example_trigger_target_dag.py
[2022-08-29 00:02:02,218] {processor.py:641} INFO - Processing file /home/airflow/.local/lib/python3.7/site-packages/airflow/example_dags/example_trigger_target_dag.py for tasks to queue
[2022-08-29 00:02:02,218] {logging_mixin.py:115} INFO - [2022-08-29 00:02:02,218] {dagbag.py:508} INFO - Filling up the DagBag from /home/airflow/.local/lib/python3.7/site-packages/airflow/example_dags/example_trigger_target_dag.py
[2022-08-29 00:02:02,227] {processor.py:651} INFO - DAG(s) dict_keys(['example_trigger_target_dag']) retrieved from /home/airflow/.local/lib/python3.7/site-packages/airflow/example_dags/example_trigger_target_dag.py
[2022-08-29 00:02:02,242] {logging_mixin.py:115} INFO - [2022-08-29 00:02:02,242] {dag.py:2420} INFO - Sync 1 DAGs
[2022-08-29 00:02:02,256] {logging_mixin.py:115} INFO - [2022-08-29 00:02:02,256] {dag.py:2972} INFO - Setting next_dagrun for example_trigger_target_dag to None, run_after=None
[2022-08-29 00:02:02,262] {processor.py:161} INFO - Processing /home/airflow/.local/lib/python3.7/site-packages/airflow/example_dags/example_trigger_target_dag.py took 0.046 seconds
