[2022-08-29 00:00:15,156] {processor.py:153} INFO - Started process (PID=10956) to work on /home/airflow/.local/lib/python3.7/site-packages/airflow/example_dags/example_branch_datetime_operator.py
[2022-08-29 00:00:15,156] {processor.py:641} INFO - Processing file /home/airflow/.local/lib/python3.7/site-packages/airflow/example_dags/example_branch_datetime_operator.py for tasks to queue
[2022-08-29 00:00:15,156] {logging_mixin.py:115} INFO - [2022-08-29 00:00:15,156] {dagbag.py:508} INFO - Filling up the DagBag from /home/airflow/.local/lib/python3.7/site-packages/airflow/example_dags/example_branch_datetime_operator.py
[2022-08-29 00:00:15,163] {processor.py:651} INFO - DAG(s) dict_keys(['example_branch_datetime_operator', 'example_branch_datetime_operator_2']) retrieved from /home/airflow/.local/lib/python3.7/site-packages/airflow/example_dags/example_branch_datetime_operator.py
[2022-08-29 00:00:15,179] {logging_mixin.py:115} INFO - [2022-08-29 00:00:15,179] {dag.py:2420} INFO - Sync 2 DAGs
[2022-08-29 00:00:15,195] {logging_mixin.py:115} INFO - [2022-08-29 00:00:15,195] {dag.py:2972} INFO - Setting next_dagrun for example_branch_datetime_operator to 2022-08-28T00:00:00+00:00, run_after=2022-08-29T00:00:00+00:00
[2022-08-29 00:00:15,196] {logging_mixin.py:115} INFO - [2022-08-29 00:00:15,196] {dag.py:2972} INFO - Setting next_dagrun for example_branch_datetime_operator_2 to 2022-08-28T00:00:00+00:00, run_after=2022-08-29T00:00:00+00:00
[2022-08-29 00:00:15,202] {processor.py:161} INFO - Processing /home/airflow/.local/lib/python3.7/site-packages/airflow/example_dags/example_branch_datetime_operator.py took 0.049 seconds
[2022-08-29 00:00:45,313] {processor.py:153} INFO - Started process (PID=11014) to work on /home/airflow/.local/lib/python3.7/site-packages/airflow/example_dags/example_branch_datetime_operator.py
[2022-08-29 00:00:45,314] {processor.py:641} INFO - Processing file /home/airflow/.local/lib/python3.7/site-packages/airflow/example_dags/example_branch_datetime_operator.py for tasks to queue
[2022-08-29 00:00:45,315] {logging_mixin.py:115} INFO - [2022-08-29 00:00:45,315] {dagbag.py:508} INFO - Filling up the DagBag from /home/airflow/.local/lib/python3.7/site-packages/airflow/example_dags/example_branch_datetime_operator.py
[2022-08-29 00:00:45,332] {processor.py:651} INFO - DAG(s) dict_keys(['example_branch_datetime_operator', 'example_branch_datetime_operator_2']) retrieved from /home/airflow/.local/lib/python3.7/site-packages/airflow/example_dags/example_branch_datetime_operator.py
[2022-08-29 00:00:45,354] {logging_mixin.py:115} INFO - [2022-08-29 00:00:45,354] {dag.py:2420} INFO - Sync 2 DAGs
[2022-08-29 00:00:45,371] {logging_mixin.py:115} INFO - [2022-08-29 00:00:45,371] {dag.py:2972} INFO - Setting next_dagrun for example_branch_datetime_operator to 2022-08-28T00:00:00+00:00, run_after=2022-08-29T00:00:00+00:00
[2022-08-29 00:00:45,373] {logging_mixin.py:115} INFO - [2022-08-29 00:00:45,373] {dag.py:2972} INFO - Setting next_dagrun for example_branch_datetime_operator_2 to 2022-08-28T00:00:00+00:00, run_after=2022-08-29T00:00:00+00:00
[2022-08-29 00:00:45,384] {processor.py:161} INFO - Processing /home/airflow/.local/lib/python3.7/site-packages/airflow/example_dags/example_branch_datetime_operator.py took 0.078 seconds
[2022-08-29 00:01:16,000] {processor.py:153} INFO - Started process (PID=11082) to work on /home/airflow/.local/lib/python3.7/site-packages/airflow/example_dags/example_branch_datetime_operator.py
[2022-08-29 00:01:16,003] {processor.py:641} INFO - Processing file /home/airflow/.local/lib/python3.7/site-packages/airflow/example_dags/example_branch_datetime_operator.py for tasks to queue
[2022-08-29 00:01:16,003] {logging_mixin.py:115} INFO - [2022-08-29 00:01:16,003] {dagbag.py:508} INFO - Filling up the DagBag from /home/airflow/.local/lib/python3.7/site-packages/airflow/example_dags/example_branch_datetime_operator.py
[2022-08-29 00:01:16,011] {processor.py:651} INFO - DAG(s) dict_keys(['example_branch_datetime_operator', 'example_branch_datetime_operator_2']) retrieved from /home/airflow/.local/lib/python3.7/site-packages/airflow/example_dags/example_branch_datetime_operator.py
[2022-08-29 00:01:16,031] {logging_mixin.py:115} INFO - [2022-08-29 00:01:16,031] {dag.py:2420} INFO - Sync 2 DAGs
[2022-08-29 00:01:16,048] {logging_mixin.py:115} INFO - [2022-08-29 00:01:16,047] {dag.py:2972} INFO - Setting next_dagrun for example_branch_datetime_operator to 2022-08-28T00:00:00+00:00, run_after=2022-08-29T00:00:00+00:00
[2022-08-29 00:01:16,049] {logging_mixin.py:115} INFO - [2022-08-29 00:01:16,049] {dag.py:2972} INFO - Setting next_dagrun for example_branch_datetime_operator_2 to 2022-08-28T00:00:00+00:00, run_after=2022-08-29T00:00:00+00:00
[2022-08-29 00:01:16,056] {processor.py:161} INFO - Processing /home/airflow/.local/lib/python3.7/site-packages/airflow/example_dags/example_branch_datetime_operator.py took 0.058 seconds
[2022-08-29 00:01:46,446] {processor.py:153} INFO - Started process (PID=11145) to work on /home/airflow/.local/lib/python3.7/site-packages/airflow/example_dags/example_branch_datetime_operator.py
[2022-08-29 00:01:46,447] {processor.py:641} INFO - Processing file /home/airflow/.local/lib/python3.7/site-packages/airflow/example_dags/example_branch_datetime_operator.py for tasks to queue
[2022-08-29 00:01:46,447] {logging_mixin.py:115} INFO - [2022-08-29 00:01:46,447] {dagbag.py:508} INFO - Filling up the DagBag from /home/airflow/.local/lib/python3.7/site-packages/airflow/example_dags/example_branch_datetime_operator.py
[2022-08-29 00:01:46,457] {processor.py:651} INFO - DAG(s) dict_keys(['example_branch_datetime_operator', 'example_branch_datetime_operator_2']) retrieved from /home/airflow/.local/lib/python3.7/site-packages/airflow/example_dags/example_branch_datetime_operator.py
[2022-08-29 00:01:46,477] {logging_mixin.py:115} INFO - [2022-08-29 00:01:46,476] {dag.py:2420} INFO - Sync 2 DAGs
[2022-08-29 00:01:46,504] {logging_mixin.py:115} INFO - [2022-08-29 00:01:46,503] {dag.py:2972} INFO - Setting next_dagrun for example_branch_datetime_operator to 2022-08-28T00:00:00+00:00, run_after=2022-08-29T00:00:00+00:00
[2022-08-29 00:01:46,505] {logging_mixin.py:115} INFO - [2022-08-29 00:01:46,505] {dag.py:2972} INFO - Setting next_dagrun for example_branch_datetime_operator_2 to 2022-08-28T00:00:00+00:00, run_after=2022-08-29T00:00:00+00:00
[2022-08-29 00:01:46,521] {processor.py:161} INFO - Processing /home/airflow/.local/lib/python3.7/site-packages/airflow/example_dags/example_branch_datetime_operator.py took 0.076 seconds
[2022-08-29 00:02:16,659] {processor.py:153} INFO - Started process (PID=11209) to work on /home/airflow/.local/lib/python3.7/site-packages/airflow/example_dags/example_branch_datetime_operator.py
[2022-08-29 00:02:16,659] {processor.py:641} INFO - Processing file /home/airflow/.local/lib/python3.7/site-packages/airflow/example_dags/example_branch_datetime_operator.py for tasks to queue
[2022-08-29 00:02:16,659] {logging_mixin.py:115} INFO - [2022-08-29 00:02:16,659] {dagbag.py:508} INFO - Filling up the DagBag from /home/airflow/.local/lib/python3.7/site-packages/airflow/example_dags/example_branch_datetime_operator.py
[2022-08-29 00:02:16,668] {processor.py:651} INFO - DAG(s) dict_keys(['example_branch_datetime_operator', 'example_branch_datetime_operator_2']) retrieved from /home/airflow/.local/lib/python3.7/site-packages/airflow/example_dags/example_branch_datetime_operator.py
[2022-08-29 00:02:16,694] {logging_mixin.py:115} INFO - [2022-08-29 00:02:16,694] {dag.py:2420} INFO - Sync 2 DAGs
[2022-08-29 00:02:16,714] {logging_mixin.py:115} INFO - [2022-08-29 00:02:16,714] {dag.py:2972} INFO - Setting next_dagrun for example_branch_datetime_operator to 2022-08-28T00:00:00+00:00, run_after=2022-08-29T00:00:00+00:00
[2022-08-29 00:02:16,715] {logging_mixin.py:115} INFO - [2022-08-29 00:02:16,715] {dag.py:2972} INFO - Setting next_dagrun for example_branch_datetime_operator_2 to 2022-08-28T00:00:00+00:00, run_after=2022-08-29T00:00:00+00:00
[2022-08-29 00:02:16,725] {processor.py:161} INFO - Processing /home/airflow/.local/lib/python3.7/site-packages/airflow/example_dags/example_branch_datetime_operator.py took 0.069 seconds
