[2022-08-29 00:00:27,846] {processor.py:153} INFO - Started process (PID=10987) to work on /home/airflow/.local/lib/python3.7/site-packages/airflow/example_dags/example_skip_dag.py
[2022-08-29 00:00:27,846] {processor.py:641} INFO - Processing file /home/airflow/.local/lib/python3.7/site-packages/airflow/example_dags/example_skip_dag.py for tasks to queue
[2022-08-29 00:00:27,846] {logging_mixin.py:115} INFO - [2022-08-29 00:00:27,846] {dagbag.py:508} INFO - Filling up the DagBag from /home/airflow/.local/lib/python3.7/site-packages/airflow/example_dags/example_skip_dag.py
[2022-08-29 00:00:27,850] {processor.py:651} INFO - DAG(s) dict_keys(['example_skip_dag']) retrieved from /home/airflow/.local/lib/python3.7/site-packages/airflow/example_dags/example_skip_dag.py
[2022-08-29 00:00:27,868] {logging_mixin.py:115} INFO - [2022-08-29 00:00:27,868] {dag.py:2420} INFO - Sync 1 DAGs
[2022-08-29 00:00:27,883] {logging_mixin.py:115} INFO - [2022-08-29 00:00:27,883] {dag.py:2972} INFO - Setting next_dagrun for example_skip_dag to 2022-08-28T00:00:27.883023+00:00, run_after=2022-08-29T00:00:27.883023+00:00
[2022-08-29 00:00:27,890] {processor.py:161} INFO - Processing /home/airflow/.local/lib/python3.7/site-packages/airflow/example_dags/example_skip_dag.py took 0.046 seconds
[2022-08-29 00:00:58,371] {processor.py:153} INFO - Started process (PID=11059) to work on /home/airflow/.local/lib/python3.7/site-packages/airflow/example_dags/example_skip_dag.py
[2022-08-29 00:00:58,371] {processor.py:641} INFO - Processing file /home/airflow/.local/lib/python3.7/site-packages/airflow/example_dags/example_skip_dag.py for tasks to queue
[2022-08-29 00:00:58,371] {logging_mixin.py:115} INFO - [2022-08-29 00:00:58,371] {dagbag.py:508} INFO - Filling up the DagBag from /home/airflow/.local/lib/python3.7/site-packages/airflow/example_dags/example_skip_dag.py
[2022-08-29 00:00:58,375] {processor.py:651} INFO - DAG(s) dict_keys(['example_skip_dag']) retrieved from /home/airflow/.local/lib/python3.7/site-packages/airflow/example_dags/example_skip_dag.py
[2022-08-29 00:00:58,396] {logging_mixin.py:115} INFO - [2022-08-29 00:00:58,396] {dag.py:2420} INFO - Sync 1 DAGs
[2022-08-29 00:00:58,413] {logging_mixin.py:115} INFO - [2022-08-29 00:00:58,413] {dag.py:2972} INFO - Setting next_dagrun for example_skip_dag to 2022-08-28T00:00:58.412877+00:00, run_after=2022-08-29T00:00:58.412877+00:00
[2022-08-29 00:00:58,421] {processor.py:161} INFO - Processing /home/airflow/.local/lib/python3.7/site-packages/airflow/example_dags/example_skip_dag.py took 0.052 seconds
[2022-08-29 00:01:28,722] {processor.py:153} INFO - Started process (PID=11112) to work on /home/airflow/.local/lib/python3.7/site-packages/airflow/example_dags/example_skip_dag.py
[2022-08-29 00:01:28,723] {processor.py:641} INFO - Processing file /home/airflow/.local/lib/python3.7/site-packages/airflow/example_dags/example_skip_dag.py for tasks to queue
[2022-08-29 00:01:28,723] {logging_mixin.py:115} INFO - [2022-08-29 00:01:28,723] {dagbag.py:508} INFO - Filling up the DagBag from /home/airflow/.local/lib/python3.7/site-packages/airflow/example_dags/example_skip_dag.py
[2022-08-29 00:01:28,727] {processor.py:651} INFO - DAG(s) dict_keys(['example_skip_dag']) retrieved from /home/airflow/.local/lib/python3.7/site-packages/airflow/example_dags/example_skip_dag.py
[2022-08-29 00:01:28,744] {logging_mixin.py:115} INFO - [2022-08-29 00:01:28,744] {dag.py:2420} INFO - Sync 1 DAGs
[2022-08-29 00:01:28,758] {logging_mixin.py:115} INFO - [2022-08-29 00:01:28,758] {dag.py:2972} INFO - Setting next_dagrun for example_skip_dag to 2022-08-28T00:01:28.758022+00:00, run_after=2022-08-29T00:01:28.758022+00:00
[2022-08-29 00:01:28,766] {processor.py:161} INFO - Processing /home/airflow/.local/lib/python3.7/site-packages/airflow/example_dags/example_skip_dag.py took 0.045 seconds
[2022-08-29 00:01:59,431] {processor.py:153} INFO - Started process (PID=11176) to work on /home/airflow/.local/lib/python3.7/site-packages/airflow/example_dags/example_skip_dag.py
[2022-08-29 00:01:59,431] {processor.py:641} INFO - Processing file /home/airflow/.local/lib/python3.7/site-packages/airflow/example_dags/example_skip_dag.py for tasks to queue
[2022-08-29 00:01:59,432] {logging_mixin.py:115} INFO - [2022-08-29 00:01:59,432] {dagbag.py:508} INFO - Filling up the DagBag from /home/airflow/.local/lib/python3.7/site-packages/airflow/example_dags/example_skip_dag.py
[2022-08-29 00:01:59,435] {processor.py:651} INFO - DAG(s) dict_keys(['example_skip_dag']) retrieved from /home/airflow/.local/lib/python3.7/site-packages/airflow/example_dags/example_skip_dag.py
[2022-08-29 00:01:59,455] {logging_mixin.py:115} INFO - [2022-08-29 00:01:59,455] {dag.py:2420} INFO - Sync 1 DAGs
[2022-08-29 00:01:59,471] {logging_mixin.py:115} INFO - [2022-08-29 00:01:59,471] {dag.py:2972} INFO - Setting next_dagrun for example_skip_dag to 2022-08-28T00:01:59.471507+00:00, run_after=2022-08-29T00:01:59.471507+00:00
[2022-08-29 00:01:59,481] {processor.py:161} INFO - Processing /home/airflow/.local/lib/python3.7/site-packages/airflow/example_dags/example_skip_dag.py took 0.052 seconds
