[2022-08-29 00:00:23,716] {processor.py:153} INFO - Started process (PID=10973) to work on /home/airflow/.local/lib/python3.7/site-packages/airflow/example_dags/example_branch_operator_decorator.py
[2022-08-29 00:00:23,716] {processor.py:641} INFO - Processing file /home/airflow/.local/lib/python3.7/site-packages/airflow/example_dags/example_branch_operator_decorator.py for tasks to queue
[2022-08-29 00:00:23,717] {logging_mixin.py:115} INFO - [2022-08-29 00:00:23,717] {dagbag.py:508} INFO - Filling up the DagBag from /home/airflow/.local/lib/python3.7/site-packages/airflow/example_dags/example_branch_operator_decorator.py
[2022-08-29 00:00:23,732] {processor.py:651} INFO - DAG(s) dict_keys(['example_branch_python_operator_decorator']) retrieved from /home/airflow/.local/lib/python3.7/site-packages/airflow/example_dags/example_branch_operator_decorator.py
[2022-08-29 00:00:23,752] {logging_mixin.py:115} INFO - [2022-08-29 00:00:23,752] {dag.py:2420} INFO - Sync 1 DAGs
[2022-08-29 00:00:23,770] {logging_mixin.py:115} INFO - [2022-08-29 00:00:23,770] {dag.py:2972} INFO - Setting next_dagrun for example_branch_python_operator_decorator to 2022-08-28T00:00:00+00:00, run_after=2022-08-29T00:00:00+00:00
[2022-08-29 00:00:23,778] {processor.py:161} INFO - Processing /home/airflow/.local/lib/python3.7/site-packages/airflow/example_dags/example_branch_operator_decorator.py took 0.064 seconds
[2022-08-29 00:00:54,139] {processor.py:153} INFO - Started process (PID=11040) to work on /home/airflow/.local/lib/python3.7/site-packages/airflow/example_dags/example_branch_operator_decorator.py
[2022-08-29 00:00:54,139] {processor.py:641} INFO - Processing file /home/airflow/.local/lib/python3.7/site-packages/airflow/example_dags/example_branch_operator_decorator.py for tasks to queue
[2022-08-29 00:00:54,139] {logging_mixin.py:115} INFO - [2022-08-29 00:00:54,139] {dagbag.py:508} INFO - Filling up the DagBag from /home/airflow/.local/lib/python3.7/site-packages/airflow/example_dags/example_branch_operator_decorator.py
[2022-08-29 00:00:54,151] {processor.py:651} INFO - DAG(s) dict_keys(['example_branch_python_operator_decorator']) retrieved from /home/airflow/.local/lib/python3.7/site-packages/airflow/example_dags/example_branch_operator_decorator.py
[2022-08-29 00:00:54,168] {logging_mixin.py:115} INFO - [2022-08-29 00:00:54,168] {dag.py:2420} INFO - Sync 1 DAGs
[2022-08-29 00:00:54,183] {logging_mixin.py:115} INFO - [2022-08-29 00:00:54,183] {dag.py:2972} INFO - Setting next_dagrun for example_branch_python_operator_decorator to 2022-08-28T00:00:00+00:00, run_after=2022-08-29T00:00:00+00:00
[2022-08-29 00:00:54,190] {processor.py:161} INFO - Processing /home/airflow/.local/lib/python3.7/site-packages/airflow/example_dags/example_branch_operator_decorator.py took 0.053 seconds
[2022-08-29 00:01:24,564] {processor.py:153} INFO - Started process (PID=11107) to work on /home/airflow/.local/lib/python3.7/site-packages/airflow/example_dags/example_branch_operator_decorator.py
[2022-08-29 00:01:24,564] {processor.py:641} INFO - Processing file /home/airflow/.local/lib/python3.7/site-packages/airflow/example_dags/example_branch_operator_decorator.py for tasks to queue
[2022-08-29 00:01:24,565] {logging_mixin.py:115} INFO - [2022-08-29 00:01:24,565] {dagbag.py:508} INFO - Filling up the DagBag from /home/airflow/.local/lib/python3.7/site-packages/airflow/example_dags/example_branch_operator_decorator.py
[2022-08-29 00:01:24,578] {processor.py:651} INFO - DAG(s) dict_keys(['example_branch_python_operator_decorator']) retrieved from /home/airflow/.local/lib/python3.7/site-packages/airflow/example_dags/example_branch_operator_decorator.py
[2022-08-29 00:01:24,596] {logging_mixin.py:115} INFO - [2022-08-29 00:01:24,596] {dag.py:2420} INFO - Sync 1 DAGs
[2022-08-29 00:01:24,612] {logging_mixin.py:115} INFO - [2022-08-29 00:01:24,611] {dag.py:2972} INFO - Setting next_dagrun for example_branch_python_operator_decorator to 2022-08-28T00:00:00+00:00, run_after=2022-08-29T00:00:00+00:00
[2022-08-29 00:01:24,619] {processor.py:161} INFO - Processing /home/airflow/.local/lib/python3.7/site-packages/airflow/example_dags/example_branch_operator_decorator.py took 0.056 seconds
[2022-08-29 00:01:55,173] {processor.py:153} INFO - Started process (PID=11171) to work on /home/airflow/.local/lib/python3.7/site-packages/airflow/example_dags/example_branch_operator_decorator.py
[2022-08-29 00:01:55,173] {processor.py:641} INFO - Processing file /home/airflow/.local/lib/python3.7/site-packages/airflow/example_dags/example_branch_operator_decorator.py for tasks to queue
[2022-08-29 00:01:55,173] {logging_mixin.py:115} INFO - [2022-08-29 00:01:55,173] {dagbag.py:508} INFO - Filling up the DagBag from /home/airflow/.local/lib/python3.7/site-packages/airflow/example_dags/example_branch_operator_decorator.py
[2022-08-29 00:01:55,186] {processor.py:651} INFO - DAG(s) dict_keys(['example_branch_python_operator_decorator']) retrieved from /home/airflow/.local/lib/python3.7/site-packages/airflow/example_dags/example_branch_operator_decorator.py
[2022-08-29 00:01:55,204] {logging_mixin.py:115} INFO - [2022-08-29 00:01:55,204] {dag.py:2420} INFO - Sync 1 DAGs
[2022-08-29 00:01:55,221] {logging_mixin.py:115} INFO - [2022-08-29 00:01:55,221] {dag.py:2972} INFO - Setting next_dagrun for example_branch_python_operator_decorator to 2022-08-28T00:00:00+00:00, run_after=2022-08-29T00:00:00+00:00
[2022-08-29 00:01:55,228] {processor.py:161} INFO - Processing /home/airflow/.local/lib/python3.7/site-packages/airflow/example_dags/example_branch_operator_decorator.py took 0.057 seconds
