[2022-08-29 00:00:28,903] {processor.py:153} INFO - Started process (PID=10988) to work on /home/airflow/.local/lib/python3.7/site-packages/airflow/example_dags/example_kubernetes_executor.py
[2022-08-29 00:00:28,903] {processor.py:641} INFO - Processing file /home/airflow/.local/lib/python3.7/site-packages/airflow/example_dags/example_kubernetes_executor.py for tasks to queue
[2022-08-29 00:00:28,903] {logging_mixin.py:115} INFO - [2022-08-29 00:00:28,903] {dagbag.py:508} INFO - Filling up the DagBag from /home/airflow/.local/lib/python3.7/site-packages/airflow/example_dags/example_kubernetes_executor.py
[2022-08-29 00:00:28,920] {processor.py:651} INFO - DAG(s) dict_keys(['example_kubernetes_executor']) retrieved from /home/airflow/.local/lib/python3.7/site-packages/airflow/example_dags/example_kubernetes_executor.py
[2022-08-29 00:00:28,937] {logging_mixin.py:115} INFO - [2022-08-29 00:00:28,937] {dag.py:2420} INFO - Sync 1 DAGs
[2022-08-29 00:00:28,951] {logging_mixin.py:115} INFO - [2022-08-29 00:00:28,951] {dag.py:2972} INFO - Setting next_dagrun for example_kubernetes_executor to None, run_after=None
[2022-08-29 00:00:28,964] {processor.py:161} INFO - Processing /home/airflow/.local/lib/python3.7/site-packages/airflow/example_dags/example_kubernetes_executor.py took 0.063 seconds
[2022-08-29 00:00:59,375] {processor.py:153} INFO - Started process (PID=11060) to work on /home/airflow/.local/lib/python3.7/site-packages/airflow/example_dags/example_kubernetes_executor.py
[2022-08-29 00:00:59,379] {processor.py:641} INFO - Processing file /home/airflow/.local/lib/python3.7/site-packages/airflow/example_dags/example_kubernetes_executor.py for tasks to queue
[2022-08-29 00:00:59,379] {logging_mixin.py:115} INFO - [2022-08-29 00:00:59,379] {dagbag.py:508} INFO - Filling up the DagBag from /home/airflow/.local/lib/python3.7/site-packages/airflow/example_dags/example_kubernetes_executor.py
[2022-08-29 00:00:59,395] {processor.py:651} INFO - DAG(s) dict_keys(['example_kubernetes_executor']) retrieved from /home/airflow/.local/lib/python3.7/site-packages/airflow/example_dags/example_kubernetes_executor.py
[2022-08-29 00:00:59,414] {logging_mixin.py:115} INFO - [2022-08-29 00:00:59,414] {dag.py:2420} INFO - Sync 1 DAGs
[2022-08-29 00:00:59,428] {logging_mixin.py:115} INFO - [2022-08-29 00:00:59,428] {dag.py:2972} INFO - Setting next_dagrun for example_kubernetes_executor to None, run_after=None
[2022-08-29 00:00:59,435] {processor.py:161} INFO - Processing /home/airflow/.local/lib/python3.7/site-packages/airflow/example_dags/example_kubernetes_executor.py took 0.061 seconds
[2022-08-29 00:01:29,772] {processor.py:153} INFO - Started process (PID=11113) to work on /home/airflow/.local/lib/python3.7/site-packages/airflow/example_dags/example_kubernetes_executor.py
[2022-08-29 00:01:29,772] {processor.py:641} INFO - Processing file /home/airflow/.local/lib/python3.7/site-packages/airflow/example_dags/example_kubernetes_executor.py for tasks to queue
[2022-08-29 00:01:29,772] {logging_mixin.py:115} INFO - [2022-08-29 00:01:29,772] {dagbag.py:508} INFO - Filling up the DagBag from /home/airflow/.local/lib/python3.7/site-packages/airflow/example_dags/example_kubernetes_executor.py
[2022-08-29 00:01:29,787] {processor.py:651} INFO - DAG(s) dict_keys(['example_kubernetes_executor']) retrieved from /home/airflow/.local/lib/python3.7/site-packages/airflow/example_dags/example_kubernetes_executor.py
[2022-08-29 00:01:29,802] {logging_mixin.py:115} INFO - [2022-08-29 00:01:29,802] {dag.py:2420} INFO - Sync 1 DAGs
[2022-08-29 00:01:29,816] {logging_mixin.py:115} INFO - [2022-08-29 00:01:29,816] {dag.py:2972} INFO - Setting next_dagrun for example_kubernetes_executor to None, run_after=None
[2022-08-29 00:01:29,823] {processor.py:161} INFO - Processing /home/airflow/.local/lib/python3.7/site-packages/airflow/example_dags/example_kubernetes_executor.py took 0.053 seconds
[2022-08-29 00:02:00,434] {processor.py:153} INFO - Started process (PID=11177) to work on /home/airflow/.local/lib/python3.7/site-packages/airflow/example_dags/example_kubernetes_executor.py
[2022-08-29 00:02:00,440] {processor.py:641} INFO - Processing file /home/airflow/.local/lib/python3.7/site-packages/airflow/example_dags/example_kubernetes_executor.py for tasks to queue
[2022-08-29 00:02:00,440] {logging_mixin.py:115} INFO - [2022-08-29 00:02:00,440] {dagbag.py:508} INFO - Filling up the DagBag from /home/airflow/.local/lib/python3.7/site-packages/airflow/example_dags/example_kubernetes_executor.py
[2022-08-29 00:02:00,460] {processor.py:651} INFO - DAG(s) dict_keys(['example_kubernetes_executor']) retrieved from /home/airflow/.local/lib/python3.7/site-packages/airflow/example_dags/example_kubernetes_executor.py
[2022-08-29 00:02:00,480] {logging_mixin.py:115} INFO - [2022-08-29 00:02:00,480] {dag.py:2420} INFO - Sync 1 DAGs
[2022-08-29 00:02:00,496] {logging_mixin.py:115} INFO - [2022-08-29 00:02:00,496] {dag.py:2972} INFO - Setting next_dagrun for example_kubernetes_executor to None, run_after=None
[2022-08-29 00:02:00,504] {processor.py:161} INFO - Processing /home/airflow/.local/lib/python3.7/site-packages/airflow/example_dags/example_kubernetes_executor.py took 0.072 seconds
