[2022-08-29 00:00:24,765] {processor.py:153} INFO - Started process (PID=10984) to work on /home/airflow/.local/lib/python3.7/site-packages/airflow/example_dags/example_branch_operator.py
[2022-08-29 00:00:24,765] {processor.py:641} INFO - Processing file /home/airflow/.local/lib/python3.7/site-packages/airflow/example_dags/example_branch_operator.py for tasks to queue
[2022-08-29 00:00:24,765] {logging_mixin.py:115} INFO - [2022-08-29 00:00:24,765] {dagbag.py:508} INFO - Filling up the DagBag from /home/airflow/.local/lib/python3.7/site-packages/airflow/example_dags/example_branch_operator.py
[2022-08-29 00:00:24,774] {processor.py:651} INFO - DAG(s) dict_keys(['example_branch_operator']) retrieved from /home/airflow/.local/lib/python3.7/site-packages/airflow/example_dags/example_branch_operator.py
[2022-08-29 00:00:24,797] {logging_mixin.py:115} INFO - [2022-08-29 00:00:24,797] {dag.py:2420} INFO - Sync 1 DAGs
[2022-08-29 00:00:24,817] {logging_mixin.py:115} INFO - [2022-08-29 00:00:24,816] {dag.py:2972} INFO - Setting next_dagrun for example_branch_operator to 2022-08-28T00:00:00+00:00, run_after=2022-08-29T00:00:00+00:00
[2022-08-29 00:00:24,828] {processor.py:161} INFO - Processing /home/airflow/.local/lib/python3.7/site-packages/airflow/example_dags/example_branch_operator.py took 0.065 seconds
[2022-08-29 00:00:55,212] {processor.py:153} INFO - Started process (PID=11042) to work on /home/airflow/.local/lib/python3.7/site-packages/airflow/example_dags/example_branch_operator.py
[2022-08-29 00:00:55,212] {processor.py:641} INFO - Processing file /home/airflow/.local/lib/python3.7/site-packages/airflow/example_dags/example_branch_operator.py for tasks to queue
[2022-08-29 00:00:55,212] {logging_mixin.py:115} INFO - [2022-08-29 00:00:55,212] {dagbag.py:508} INFO - Filling up the DagBag from /home/airflow/.local/lib/python3.7/site-packages/airflow/example_dags/example_branch_operator.py
[2022-08-29 00:00:55,221] {processor.py:651} INFO - DAG(s) dict_keys(['example_branch_operator']) retrieved from /home/airflow/.local/lib/python3.7/site-packages/airflow/example_dags/example_branch_operator.py
[2022-08-29 00:00:55,241] {logging_mixin.py:115} INFO - [2022-08-29 00:00:55,240] {dag.py:2420} INFO - Sync 1 DAGs
[2022-08-29 00:00:55,261] {logging_mixin.py:115} INFO - [2022-08-29 00:00:55,260] {dag.py:2972} INFO - Setting next_dagrun for example_branch_operator to 2022-08-28T00:00:00+00:00, run_after=2022-08-29T00:00:00+00:00
[2022-08-29 00:00:55,270] {processor.py:161} INFO - Processing /home/airflow/.local/lib/python3.7/site-packages/airflow/example_dags/example_branch_operator.py took 0.060 seconds
[2022-08-29 00:01:25,641] {processor.py:153} INFO - Started process (PID=11109) to work on /home/airflow/.local/lib/python3.7/site-packages/airflow/example_dags/example_branch_operator.py
[2022-08-29 00:01:25,645] {processor.py:641} INFO - Processing file /home/airflow/.local/lib/python3.7/site-packages/airflow/example_dags/example_branch_operator.py for tasks to queue
[2022-08-29 00:01:25,646] {logging_mixin.py:115} INFO - [2022-08-29 00:01:25,646] {dagbag.py:508} INFO - Filling up the DagBag from /home/airflow/.local/lib/python3.7/site-packages/airflow/example_dags/example_branch_operator.py
[2022-08-29 00:01:25,656] {processor.py:651} INFO - DAG(s) dict_keys(['example_branch_operator']) retrieved from /home/airflow/.local/lib/python3.7/site-packages/airflow/example_dags/example_branch_operator.py
[2022-08-29 00:01:25,672] {logging_mixin.py:115} INFO - [2022-08-29 00:01:25,672] {dag.py:2420} INFO - Sync 1 DAGs
[2022-08-29 00:01:25,688] {logging_mixin.py:115} INFO - [2022-08-29 00:01:25,688] {dag.py:2972} INFO - Setting next_dagrun for example_branch_operator to 2022-08-28T00:00:00+00:00, run_after=2022-08-29T00:00:00+00:00
[2022-08-29 00:01:25,696] {processor.py:161} INFO - Processing /home/airflow/.local/lib/python3.7/site-packages/airflow/example_dags/example_branch_operator.py took 0.057 seconds
[2022-08-29 00:01:56,277] {processor.py:153} INFO - Started process (PID=11173) to work on /home/airflow/.local/lib/python3.7/site-packages/airflow/example_dags/example_branch_operator.py
[2022-08-29 00:01:56,277] {processor.py:641} INFO - Processing file /home/airflow/.local/lib/python3.7/site-packages/airflow/example_dags/example_branch_operator.py for tasks to queue
[2022-08-29 00:01:56,277] {logging_mixin.py:115} INFO - [2022-08-29 00:01:56,277] {dagbag.py:508} INFO - Filling up the DagBag from /home/airflow/.local/lib/python3.7/site-packages/airflow/example_dags/example_branch_operator.py
[2022-08-29 00:01:56,285] {processor.py:651} INFO - DAG(s) dict_keys(['example_branch_operator']) retrieved from /home/airflow/.local/lib/python3.7/site-packages/airflow/example_dags/example_branch_operator.py
[2022-08-29 00:01:56,303] {logging_mixin.py:115} INFO - [2022-08-29 00:01:56,303] {dag.py:2420} INFO - Sync 1 DAGs
[2022-08-29 00:01:56,320] {logging_mixin.py:115} INFO - [2022-08-29 00:01:56,320] {dag.py:2972} INFO - Setting next_dagrun for example_branch_operator to 2022-08-28T00:00:00+00:00, run_after=2022-08-29T00:00:00+00:00
[2022-08-29 00:01:56,328] {processor.py:161} INFO - Processing /home/airflow/.local/lib/python3.7/site-packages/airflow/example_dags/example_branch_operator.py took 0.054 seconds
