[2022-08-29 00:00:19,438] {processor.py:153} INFO - Started process (PID=10965) to work on /home/airflow/.local/lib/python3.7/site-packages/airflow/example_dags/example_latest_only.py
[2022-08-29 00:00:19,439] {processor.py:641} INFO - Processing file /home/airflow/.local/lib/python3.7/site-packages/airflow/example_dags/example_latest_only.py for tasks to queue
[2022-08-29 00:00:19,439] {logging_mixin.py:115} INFO - [2022-08-29 00:00:19,439] {dagbag.py:508} INFO - Filling up the DagBag from /home/airflow/.local/lib/python3.7/site-packages/airflow/example_dags/example_latest_only.py
[2022-08-29 00:00:19,443] {processor.py:651} INFO - DAG(s) dict_keys(['latest_only']) retrieved from /home/airflow/.local/lib/python3.7/site-packages/airflow/example_dags/example_latest_only.py
[2022-08-29 00:00:19,459] {logging_mixin.py:115} INFO - [2022-08-29 00:00:19,459] {dag.py:2420} INFO - Sync 1 DAGs
[2022-08-29 00:00:19,473] {logging_mixin.py:115} INFO - [2022-08-29 00:00:19,473] {dag.py:2972} INFO - Setting next_dagrun for latest_only to 2022-08-28T20:00:19.473387+00:00, run_after=2022-08-29T00:00:19.473387+00:00
[2022-08-29 00:00:19,481] {processor.py:161} INFO - Processing /home/airflow/.local/lib/python3.7/site-packages/airflow/example_dags/example_latest_only.py took 0.045 seconds
[2022-08-29 00:00:49,708] {processor.py:153} INFO - Started process (PID=11033) to work on /home/airflow/.local/lib/python3.7/site-packages/airflow/example_dags/example_latest_only.py
[2022-08-29 00:00:49,709] {processor.py:641} INFO - Processing file /home/airflow/.local/lib/python3.7/site-packages/airflow/example_dags/example_latest_only.py for tasks to queue
[2022-08-29 00:00:49,709] {logging_mixin.py:115} INFO - [2022-08-29 00:00:49,709] {dagbag.py:508} INFO - Filling up the DagBag from /home/airflow/.local/lib/python3.7/site-packages/airflow/example_dags/example_latest_only.py
[2022-08-29 00:00:49,715] {processor.py:651} INFO - DAG(s) dict_keys(['latest_only']) retrieved from /home/airflow/.local/lib/python3.7/site-packages/airflow/example_dags/example_latest_only.py
[2022-08-29 00:00:49,742] {logging_mixin.py:115} INFO - [2022-08-29 00:00:49,742] {dag.py:2420} INFO - Sync 1 DAGs
[2022-08-29 00:00:49,760] {logging_mixin.py:115} INFO - [2022-08-29 00:00:49,760] {dag.py:2972} INFO - Setting next_dagrun for latest_only to 2022-08-28T20:00:49.760119+00:00, run_after=2022-08-29T00:00:49.760119+00:00
[2022-08-29 00:00:49,767] {processor.py:161} INFO - Processing /home/airflow/.local/lib/python3.7/site-packages/airflow/example_dags/example_latest_only.py took 0.062 seconds
[2022-08-29 00:01:20,332] {processor.py:153} INFO - Started process (PID=11098) to work on /home/airflow/.local/lib/python3.7/site-packages/airflow/example_dags/example_latest_only.py
[2022-08-29 00:01:20,337] {processor.py:641} INFO - Processing file /home/airflow/.local/lib/python3.7/site-packages/airflow/example_dags/example_latest_only.py for tasks to queue
[2022-08-29 00:01:20,337] {logging_mixin.py:115} INFO - [2022-08-29 00:01:20,337] {dagbag.py:508} INFO - Filling up the DagBag from /home/airflow/.local/lib/python3.7/site-packages/airflow/example_dags/example_latest_only.py
[2022-08-29 00:01:20,341] {processor.py:651} INFO - DAG(s) dict_keys(['latest_only']) retrieved from /home/airflow/.local/lib/python3.7/site-packages/airflow/example_dags/example_latest_only.py
[2022-08-29 00:01:20,362] {logging_mixin.py:115} INFO - [2022-08-29 00:01:20,362] {dag.py:2420} INFO - Sync 1 DAGs
[2022-08-29 00:01:20,380] {logging_mixin.py:115} INFO - [2022-08-29 00:01:20,380] {dag.py:2972} INFO - Setting next_dagrun for latest_only to 2022-08-28T20:01:20.379905+00:00, run_after=2022-08-29T00:01:20.379905+00:00
[2022-08-29 00:01:20,389] {processor.py:161} INFO - Processing /home/airflow/.local/lib/python3.7/site-packages/airflow/example_dags/example_latest_only.py took 0.061 seconds
[2022-08-29 00:01:50,782] {processor.py:153} INFO - Started process (PID=11154) to work on /home/airflow/.local/lib/python3.7/site-packages/airflow/example_dags/example_latest_only.py
[2022-08-29 00:01:50,788] {processor.py:641} INFO - Processing file /home/airflow/.local/lib/python3.7/site-packages/airflow/example_dags/example_latest_only.py for tasks to queue
[2022-08-29 00:01:50,789] {logging_mixin.py:115} INFO - [2022-08-29 00:01:50,789] {dagbag.py:508} INFO - Filling up the DagBag from /home/airflow/.local/lib/python3.7/site-packages/airflow/example_dags/example_latest_only.py
[2022-08-29 00:01:50,804] {processor.py:651} INFO - DAG(s) dict_keys(['latest_only']) retrieved from /home/airflow/.local/lib/python3.7/site-packages/airflow/example_dags/example_latest_only.py
[2022-08-29 00:01:50,835] {logging_mixin.py:115} INFO - [2022-08-29 00:01:50,834] {dag.py:2420} INFO - Sync 1 DAGs
[2022-08-29 00:01:50,851] {logging_mixin.py:115} INFO - [2022-08-29 00:01:50,850] {dag.py:2972} INFO - Setting next_dagrun for latest_only to 2022-08-28T20:01:50.850814+00:00, run_after=2022-08-29T00:01:50.850814+00:00
[2022-08-29 00:01:50,858] {processor.py:161} INFO - Processing /home/airflow/.local/lib/python3.7/site-packages/airflow/example_dags/example_latest_only.py took 0.082 seconds
[2022-08-29 00:02:21,091] {processor.py:153} INFO - Started process (PID=11218) to work on /home/airflow/.local/lib/python3.7/site-packages/airflow/example_dags/example_latest_only.py
[2022-08-29 00:02:21,091] {processor.py:641} INFO - Processing file /home/airflow/.local/lib/python3.7/site-packages/airflow/example_dags/example_latest_only.py for tasks to queue
[2022-08-29 00:02:21,092] {logging_mixin.py:115} INFO - [2022-08-29 00:02:21,092] {dagbag.py:508} INFO - Filling up the DagBag from /home/airflow/.local/lib/python3.7/site-packages/airflow/example_dags/example_latest_only.py
[2022-08-29 00:02:21,095] {processor.py:651} INFO - DAG(s) dict_keys(['latest_only']) retrieved from /home/airflow/.local/lib/python3.7/site-packages/airflow/example_dags/example_latest_only.py
[2022-08-29 00:02:21,110] {logging_mixin.py:115} INFO - [2022-08-29 00:02:21,110] {dag.py:2420} INFO - Sync 1 DAGs
[2022-08-29 00:02:21,124] {logging_mixin.py:115} INFO - [2022-08-29 00:02:21,124] {dag.py:2972} INFO - Setting next_dagrun for latest_only to 2022-08-28T20:02:21.124287+00:00, run_after=2022-08-29T00:02:21.124287+00:00
[2022-08-29 00:02:21,131] {processor.py:161} INFO - Processing /home/airflow/.local/lib/python3.7/site-packages/airflow/example_dags/example_latest_only.py took 0.042 seconds
