[2022-08-29 00:00:19,490] {processor.py:153} INFO - Started process (PID=10967) to work on /home/airflow/.local/lib/python3.7/site-packages/airflow/example_dags/example_trigger_controller_dag.py
[2022-08-29 00:00:19,491] {processor.py:641} INFO - Processing file /home/airflow/.local/lib/python3.7/site-packages/airflow/example_dags/example_trigger_controller_dag.py for tasks to queue
[2022-08-29 00:00:19,491] {logging_mixin.py:115} INFO - [2022-08-29 00:00:19,491] {dagbag.py:508} INFO - Filling up the DagBag from /home/airflow/.local/lib/python3.7/site-packages/airflow/example_dags/example_trigger_controller_dag.py
[2022-08-29 00:00:19,493] {processor.py:651} INFO - DAG(s) dict_keys(['example_trigger_controller_dag']) retrieved from /home/airflow/.local/lib/python3.7/site-packages/airflow/example_dags/example_trigger_controller_dag.py
[2022-08-29 00:00:19,508] {logging_mixin.py:115} INFO - [2022-08-29 00:00:19,508] {dag.py:2420} INFO - Sync 1 DAGs
[2022-08-29 00:00:19,521] {logging_mixin.py:115} INFO - [2022-08-29 00:00:19,521] {dag.py:2972} INFO - Setting next_dagrun for example_trigger_controller_dag to 2021-01-01T00:00:00+00:00, run_after=2021-01-01T00:00:00+00:00
[2022-08-29 00:00:19,528] {processor.py:161} INFO - Processing /home/airflow/.local/lib/python3.7/site-packages/airflow/example_dags/example_trigger_controller_dag.py took 0.039 seconds
[2022-08-29 00:00:49,837] {processor.py:153} INFO - Started process (PID=11035) to work on /home/airflow/.local/lib/python3.7/site-packages/airflow/example_dags/example_trigger_controller_dag.py
[2022-08-29 00:00:49,837] {processor.py:641} INFO - Processing file /home/airflow/.local/lib/python3.7/site-packages/airflow/example_dags/example_trigger_controller_dag.py for tasks to queue
[2022-08-29 00:00:49,838] {logging_mixin.py:115} INFO - [2022-08-29 00:00:49,838] {dagbag.py:508} INFO - Filling up the DagBag from /home/airflow/.local/lib/python3.7/site-packages/airflow/example_dags/example_trigger_controller_dag.py
[2022-08-29 00:00:49,839] {processor.py:651} INFO - DAG(s) dict_keys(['example_trigger_controller_dag']) retrieved from /home/airflow/.local/lib/python3.7/site-packages/airflow/example_dags/example_trigger_controller_dag.py
[2022-08-29 00:00:49,857] {logging_mixin.py:115} INFO - [2022-08-29 00:00:49,857] {dag.py:2420} INFO - Sync 1 DAGs
[2022-08-29 00:00:49,873] {logging_mixin.py:115} INFO - [2022-08-29 00:00:49,873] {dag.py:2972} INFO - Setting next_dagrun for example_trigger_controller_dag to 2021-01-01T00:00:00+00:00, run_after=2021-01-01T00:00:00+00:00
[2022-08-29 00:00:49,882] {processor.py:161} INFO - Processing /home/airflow/.local/lib/python3.7/site-packages/airflow/example_dags/example_trigger_controller_dag.py took 0.047 seconds
[2022-08-29 00:01:20,401] {processor.py:153} INFO - Started process (PID=11100) to work on /home/airflow/.local/lib/python3.7/site-packages/airflow/example_dags/example_trigger_controller_dag.py
[2022-08-29 00:01:20,401] {processor.py:641} INFO - Processing file /home/airflow/.local/lib/python3.7/site-packages/airflow/example_dags/example_trigger_controller_dag.py for tasks to queue
[2022-08-29 00:01:20,402] {logging_mixin.py:115} INFO - [2022-08-29 00:01:20,402] {dagbag.py:508} INFO - Filling up the DagBag from /home/airflow/.local/lib/python3.7/site-packages/airflow/example_dags/example_trigger_controller_dag.py
[2022-08-29 00:01:20,404] {processor.py:651} INFO - DAG(s) dict_keys(['example_trigger_controller_dag']) retrieved from /home/airflow/.local/lib/python3.7/site-packages/airflow/example_dags/example_trigger_controller_dag.py
[2022-08-29 00:01:20,421] {logging_mixin.py:115} INFO - [2022-08-29 00:01:20,421] {dag.py:2420} INFO - Sync 1 DAGs
[2022-08-29 00:01:20,437] {logging_mixin.py:115} INFO - [2022-08-29 00:01:20,437] {dag.py:2972} INFO - Setting next_dagrun for example_trigger_controller_dag to 2021-01-01T00:00:00+00:00, run_after=2021-01-01T00:00:00+00:00
[2022-08-29 00:01:20,445] {processor.py:161} INFO - Processing /home/airflow/.local/lib/python3.7/site-packages/airflow/example_dags/example_trigger_controller_dag.py took 0.046 seconds
[2022-08-29 00:01:50,868] {processor.py:153} INFO - Started process (PID=11156) to work on /home/airflow/.local/lib/python3.7/site-packages/airflow/example_dags/example_trigger_controller_dag.py
[2022-08-29 00:01:50,868] {processor.py:641} INFO - Processing file /home/airflow/.local/lib/python3.7/site-packages/airflow/example_dags/example_trigger_controller_dag.py for tasks to queue
[2022-08-29 00:01:50,868] {logging_mixin.py:115} INFO - [2022-08-29 00:01:50,868] {dagbag.py:508} INFO - Filling up the DagBag from /home/airflow/.local/lib/python3.7/site-packages/airflow/example_dags/example_trigger_controller_dag.py
[2022-08-29 00:01:50,870] {processor.py:651} INFO - DAG(s) dict_keys(['example_trigger_controller_dag']) retrieved from /home/airflow/.local/lib/python3.7/site-packages/airflow/example_dags/example_trigger_controller_dag.py
[2022-08-29 00:01:50,886] {logging_mixin.py:115} INFO - [2022-08-29 00:01:50,886] {dag.py:2420} INFO - Sync 1 DAGs
[2022-08-29 00:01:50,902] {logging_mixin.py:115} INFO - [2022-08-29 00:01:50,901] {dag.py:2972} INFO - Setting next_dagrun for example_trigger_controller_dag to 2021-01-01T00:00:00+00:00, run_after=2021-01-01T00:00:00+00:00
[2022-08-29 00:01:50,909] {processor.py:161} INFO - Processing /home/airflow/.local/lib/python3.7/site-packages/airflow/example_dags/example_trigger_controller_dag.py took 0.043 seconds
[2022-08-29 00:02:21,195] {processor.py:153} INFO - Started process (PID=11220) to work on /home/airflow/.local/lib/python3.7/site-packages/airflow/example_dags/example_trigger_controller_dag.py
[2022-08-29 00:02:21,195] {processor.py:641} INFO - Processing file /home/airflow/.local/lib/python3.7/site-packages/airflow/example_dags/example_trigger_controller_dag.py for tasks to queue
[2022-08-29 00:02:21,196] {logging_mixin.py:115} INFO - [2022-08-29 00:02:21,196] {dagbag.py:508} INFO - Filling up the DagBag from /home/airflow/.local/lib/python3.7/site-packages/airflow/example_dags/example_trigger_controller_dag.py
[2022-08-29 00:02:21,197] {processor.py:651} INFO - DAG(s) dict_keys(['example_trigger_controller_dag']) retrieved from /home/airflow/.local/lib/python3.7/site-packages/airflow/example_dags/example_trigger_controller_dag.py
[2022-08-29 00:02:21,215] {logging_mixin.py:115} INFO - [2022-08-29 00:02:21,215] {dag.py:2420} INFO - Sync 1 DAGs
[2022-08-29 00:02:21,231] {logging_mixin.py:115} INFO - [2022-08-29 00:02:21,231] {dag.py:2972} INFO - Setting next_dagrun for example_trigger_controller_dag to 2021-01-01T00:00:00+00:00, run_after=2021-01-01T00:00:00+00:00
[2022-08-29 00:02:21,239] {processor.py:161} INFO - Processing /home/airflow/.local/lib/python3.7/site-packages/airflow/example_dags/example_trigger_controller_dag.py took 0.046 seconds
[2022-08-29 00:02:51,424] {processor.py:153} INFO - Started process (PID=11282) to work on /home/airflow/.local/lib/python3.7/site-packages/airflow/example_dags/example_trigger_controller_dag.py
[2022-08-29 00:02:51,425] {processor.py:641} INFO - Processing file /home/airflow/.local/lib/python3.7/site-packages/airflow/example_dags/example_trigger_controller_dag.py for tasks to queue
[2022-08-29 00:02:51,425] {logging_mixin.py:115} INFO - [2022-08-29 00:02:51,425] {dagbag.py:508} INFO - Filling up the DagBag from /home/airflow/.local/lib/python3.7/site-packages/airflow/example_dags/example_trigger_controller_dag.py
[2022-08-29 00:02:51,427] {processor.py:651} INFO - DAG(s) dict_keys(['example_trigger_controller_dag']) retrieved from /home/airflow/.local/lib/python3.7/site-packages/airflow/example_dags/example_trigger_controller_dag.py
[2022-08-29 00:02:51,445] {logging_mixin.py:115} INFO - [2022-08-29 00:02:51,445] {dag.py:2420} INFO - Sync 1 DAGs
[2022-08-29 00:02:51,462] {logging_mixin.py:115} INFO - [2022-08-29 00:02:51,461] {dag.py:2972} INFO - Setting next_dagrun for example_trigger_controller_dag to 2021-01-01T00:00:00+00:00, run_after=2021-01-01T00:00:00+00:00
[2022-08-29 00:02:51,469] {processor.py:161} INFO - Processing /home/airflow/.local/lib/python3.7/site-packages/airflow/example_dags/example_trigger_controller_dag.py took 0.047 seconds
[2022-08-29 00:03:21,768] {processor.py:153} INFO - Started process (PID=11335) to work on /home/airflow/.local/lib/python3.7/site-packages/airflow/example_dags/example_trigger_controller_dag.py
[2022-08-29 00:03:21,768] {processor.py:641} INFO - Processing file /home/airflow/.local/lib/python3.7/site-packages/airflow/example_dags/example_trigger_controller_dag.py for tasks to queue
[2022-08-29 00:03:21,769] {logging_mixin.py:115} INFO - [2022-08-29 00:03:21,769] {dagbag.py:508} INFO - Filling up the DagBag from /home/airflow/.local/lib/python3.7/site-packages/airflow/example_dags/example_trigger_controller_dag.py
[2022-08-29 00:03:21,771] {processor.py:651} INFO - DAG(s) dict_keys(['example_trigger_controller_dag']) retrieved from /home/airflow/.local/lib/python3.7/site-packages/airflow/example_dags/example_trigger_controller_dag.py
[2022-08-29 00:03:21,789] {logging_mixin.py:115} INFO - [2022-08-29 00:03:21,789] {dag.py:2420} INFO - Sync 1 DAGs
[2022-08-29 00:03:21,804] {logging_mixin.py:115} INFO - [2022-08-29 00:03:21,804] {dag.py:2972} INFO - Setting next_dagrun for example_trigger_controller_dag to 2021-01-01T00:00:00+00:00, run_after=2021-01-01T00:00:00+00:00
[2022-08-29 00:03:21,811] {processor.py:161} INFO - Processing /home/airflow/.local/lib/python3.7/site-packages/airflow/example_dags/example_trigger_controller_dag.py took 0.045 seconds
[2022-08-29 00:03:51,947] {processor.py:153} INFO - Started process (PID=11398) to work on /home/airflow/.local/lib/python3.7/site-packages/airflow/example_dags/example_trigger_controller_dag.py
[2022-08-29 00:03:51,948] {processor.py:641} INFO - Processing file /home/airflow/.local/lib/python3.7/site-packages/airflow/example_dags/example_trigger_controller_dag.py for tasks to queue
[2022-08-29 00:03:51,948] {logging_mixin.py:115} INFO - [2022-08-29 00:03:51,948] {dagbag.py:508} INFO - Filling up the DagBag from /home/airflow/.local/lib/python3.7/site-packages/airflow/example_dags/example_trigger_controller_dag.py
[2022-08-29 00:03:51,950] {processor.py:651} INFO - DAG(s) dict_keys(['example_trigger_controller_dag']) retrieved from /home/airflow/.local/lib/python3.7/site-packages/airflow/example_dags/example_trigger_controller_dag.py
[2022-08-29 00:03:51,967] {logging_mixin.py:115} INFO - [2022-08-29 00:03:51,967] {dag.py:2420} INFO - Sync 1 DAGs
[2022-08-29 00:03:51,983] {logging_mixin.py:115} INFO - [2022-08-29 00:03:51,983] {dag.py:2972} INFO - Setting next_dagrun for example_trigger_controller_dag to 2021-01-01T00:00:00+00:00, run_after=2021-01-01T00:00:00+00:00
[2022-08-29 00:03:51,992] {processor.py:161} INFO - Processing /home/airflow/.local/lib/python3.7/site-packages/airflow/example_dags/example_trigger_controller_dag.py took 0.047 seconds
[2022-08-29 00:04:22,293] {processor.py:153} INFO - Started process (PID=11461) to work on /home/airflow/.local/lib/python3.7/site-packages/airflow/example_dags/example_trigger_controller_dag.py
[2022-08-29 00:04:22,293] {processor.py:641} INFO - Processing file /home/airflow/.local/lib/python3.7/site-packages/airflow/example_dags/example_trigger_controller_dag.py for tasks to queue
[2022-08-29 00:04:22,293] {logging_mixin.py:115} INFO - [2022-08-29 00:04:22,293] {dagbag.py:508} INFO - Filling up the DagBag from /home/airflow/.local/lib/python3.7/site-packages/airflow/example_dags/example_trigger_controller_dag.py
[2022-08-29 00:04:22,295] {processor.py:651} INFO - DAG(s) dict_keys(['example_trigger_controller_dag']) retrieved from /home/airflow/.local/lib/python3.7/site-packages/airflow/example_dags/example_trigger_controller_dag.py
[2022-08-29 00:04:22,312] {logging_mixin.py:115} INFO - [2022-08-29 00:04:22,312] {dag.py:2420} INFO - Sync 1 DAGs
[2022-08-29 00:04:22,327] {logging_mixin.py:115} INFO - [2022-08-29 00:04:22,327] {dag.py:2972} INFO - Setting next_dagrun for example_trigger_controller_dag to 2021-01-01T00:00:00+00:00, run_after=2021-01-01T00:00:00+00:00
[2022-08-29 00:04:22,334] {processor.py:161} INFO - Processing /home/airflow/.local/lib/python3.7/site-packages/airflow/example_dags/example_trigger_controller_dag.py took 0.043 seconds
[2022-08-29 00:04:52,576] {processor.py:153} INFO - Started process (PID=11523) to work on /home/airflow/.local/lib/python3.7/site-packages/airflow/example_dags/example_trigger_controller_dag.py
[2022-08-29 00:04:52,576] {processor.py:641} INFO - Processing file /home/airflow/.local/lib/python3.7/site-packages/airflow/example_dags/example_trigger_controller_dag.py for tasks to queue
[2022-08-29 00:04:52,577] {logging_mixin.py:115} INFO - [2022-08-29 00:04:52,577] {dagbag.py:508} INFO - Filling up the DagBag from /home/airflow/.local/lib/python3.7/site-packages/airflow/example_dags/example_trigger_controller_dag.py
[2022-08-29 00:04:52,579] {processor.py:651} INFO - DAG(s) dict_keys(['example_trigger_controller_dag']) retrieved from /home/airflow/.local/lib/python3.7/site-packages/airflow/example_dags/example_trigger_controller_dag.py
[2022-08-29 00:04:52,605] {logging_mixin.py:115} INFO - [2022-08-29 00:04:52,605] {dag.py:2420} INFO - Sync 1 DAGs
[2022-08-29 00:04:52,627] {logging_mixin.py:115} INFO - [2022-08-29 00:04:52,627] {dag.py:2972} INFO - Setting next_dagrun for example_trigger_controller_dag to 2021-01-01T00:00:00+00:00, run_after=2021-01-01T00:00:00+00:00
[2022-08-29 00:04:52,638] {processor.py:161} INFO - Processing /home/airflow/.local/lib/python3.7/site-packages/airflow/example_dags/example_trigger_controller_dag.py took 0.065 seconds
[2022-08-29 00:05:23,703] {processor.py:153} INFO - Started process (PID=11577) to work on /home/airflow/.local/lib/python3.7/site-packages/airflow/example_dags/example_trigger_controller_dag.py
[2022-08-29 00:05:23,704] {processor.py:641} INFO - Processing file /home/airflow/.local/lib/python3.7/site-packages/airflow/example_dags/example_trigger_controller_dag.py for tasks to queue
[2022-08-29 00:05:23,704] {logging_mixin.py:115} INFO - [2022-08-29 00:05:23,704] {dagbag.py:508} INFO - Filling up the DagBag from /home/airflow/.local/lib/python3.7/site-packages/airflow/example_dags/example_trigger_controller_dag.py
[2022-08-29 00:05:23,706] {processor.py:651} INFO - DAG(s) dict_keys(['example_trigger_controller_dag']) retrieved from /home/airflow/.local/lib/python3.7/site-packages/airflow/example_dags/example_trigger_controller_dag.py
[2022-08-29 00:05:23,723] {logging_mixin.py:115} INFO - [2022-08-29 00:05:23,723] {dag.py:2420} INFO - Sync 1 DAGs
[2022-08-29 00:05:23,739] {logging_mixin.py:115} INFO - [2022-08-29 00:05:23,739] {dag.py:2972} INFO - Setting next_dagrun for example_trigger_controller_dag to 2021-01-01T00:00:00+00:00, run_after=2021-01-01T00:00:00+00:00
[2022-08-29 00:05:23,746] {processor.py:161} INFO - Processing /home/airflow/.local/lib/python3.7/site-packages/airflow/example_dags/example_trigger_controller_dag.py took 0.045 seconds
