[2022-08-29 00:00:00,815] {processor.py:153} INFO - Started process (PID=10929) to work on /home/airflow/.local/lib/python3.7/site-packages/airflow/example_dags/example_local_kubernetes_executor.py
[2022-08-29 00:00:00,815] {processor.py:641} INFO - Processing file /home/airflow/.local/lib/python3.7/site-packages/airflow/example_dags/example_local_kubernetes_executor.py for tasks to queue
[2022-08-29 00:00:00,815] {logging_mixin.py:115} INFO - [2022-08-29 00:00:00,815] {dagbag.py:508} INFO - Filling up the DagBag from /home/airflow/.local/lib/python3.7/site-packages/airflow/example_dags/example_local_kubernetes_executor.py
[2022-08-29 00:00:00,825] {processor.py:651} INFO - DAG(s) dict_keys(['example_local_kubernetes_executor']) retrieved from /home/airflow/.local/lib/python3.7/site-packages/airflow/example_dags/example_local_kubernetes_executor.py
[2022-08-29 00:00:00,839] {logging_mixin.py:115} INFO - [2022-08-29 00:00:00,839] {dag.py:2420} INFO - Sync 1 DAGs
[2022-08-29 00:00:00,853] {logging_mixin.py:115} INFO - [2022-08-29 00:00:00,853] {dag.py:2972} INFO - Setting next_dagrun for example_local_kubernetes_executor to None, run_after=None
[2022-08-29 00:00:00,859] {processor.py:161} INFO - Processing /home/airflow/.local/lib/python3.7/site-packages/airflow/example_dags/example_local_kubernetes_executor.py took 0.046 seconds
[2022-08-29 00:00:30,998] {processor.py:153} INFO - Started process (PID=10993) to work on /home/airflow/.local/lib/python3.7/site-packages/airflow/example_dags/example_local_kubernetes_executor.py
[2022-08-29 00:00:30,999] {processor.py:641} INFO - Processing file /home/airflow/.local/lib/python3.7/site-packages/airflow/example_dags/example_local_kubernetes_executor.py for tasks to queue
[2022-08-29 00:00:30,999] {logging_mixin.py:115} INFO - [2022-08-29 00:00:30,999] {dagbag.py:508} INFO - Filling up the DagBag from /home/airflow/.local/lib/python3.7/site-packages/airflow/example_dags/example_local_kubernetes_executor.py
[2022-08-29 00:00:31,010] {processor.py:651} INFO - DAG(s) dict_keys(['example_local_kubernetes_executor']) retrieved from /home/airflow/.local/lib/python3.7/site-packages/airflow/example_dags/example_local_kubernetes_executor.py
[2022-08-29 00:00:31,026] {logging_mixin.py:115} INFO - [2022-08-29 00:00:31,026] {dag.py:2420} INFO - Sync 1 DAGs
[2022-08-29 00:00:31,041] {logging_mixin.py:115} INFO - [2022-08-29 00:00:31,041] {dag.py:2972} INFO - Setting next_dagrun for example_local_kubernetes_executor to None, run_after=None
[2022-08-29 00:00:31,047] {processor.py:161} INFO - Processing /home/airflow/.local/lib/python3.7/site-packages/airflow/example_dags/example_local_kubernetes_executor.py took 0.051 seconds
[2022-08-29 00:01:01,666] {processor.py:153} INFO - Started process (PID=11065) to work on /home/airflow/.local/lib/python3.7/site-packages/airflow/example_dags/example_local_kubernetes_executor.py
[2022-08-29 00:01:01,667] {processor.py:641} INFO - Processing file /home/airflow/.local/lib/python3.7/site-packages/airflow/example_dags/example_local_kubernetes_executor.py for tasks to queue
[2022-08-29 00:01:01,668] {logging_mixin.py:115} INFO - [2022-08-29 00:01:01,668] {dagbag.py:508} INFO - Filling up the DagBag from /home/airflow/.local/lib/python3.7/site-packages/airflow/example_dags/example_local_kubernetes_executor.py
[2022-08-29 00:01:01,699] {processor.py:651} INFO - DAG(s) dict_keys(['example_local_kubernetes_executor']) retrieved from /home/airflow/.local/lib/python3.7/site-packages/airflow/example_dags/example_local_kubernetes_executor.py
[2022-08-29 00:01:01,718] {logging_mixin.py:115} INFO - [2022-08-29 00:01:01,718] {dag.py:2420} INFO - Sync 1 DAGs
[2022-08-29 00:01:01,734] {logging_mixin.py:115} INFO - [2022-08-29 00:01:01,734] {dag.py:2972} INFO - Setting next_dagrun for example_local_kubernetes_executor to None, run_after=None
[2022-08-29 00:01:01,742] {processor.py:161} INFO - Processing /home/airflow/.local/lib/python3.7/site-packages/airflow/example_dags/example_local_kubernetes_executor.py took 0.084 seconds
[2022-08-29 00:01:32,044] {processor.py:153} INFO - Started process (PID=11128) to work on /home/airflow/.local/lib/python3.7/site-packages/airflow/example_dags/example_local_kubernetes_executor.py
[2022-08-29 00:01:32,045] {processor.py:641} INFO - Processing file /home/airflow/.local/lib/python3.7/site-packages/airflow/example_dags/example_local_kubernetes_executor.py for tasks to queue
[2022-08-29 00:01:32,045] {logging_mixin.py:115} INFO - [2022-08-29 00:01:32,045] {dagbag.py:508} INFO - Filling up the DagBag from /home/airflow/.local/lib/python3.7/site-packages/airflow/example_dags/example_local_kubernetes_executor.py
[2022-08-29 00:01:32,057] {processor.py:651} INFO - DAG(s) dict_keys(['example_local_kubernetes_executor']) retrieved from /home/airflow/.local/lib/python3.7/site-packages/airflow/example_dags/example_local_kubernetes_executor.py
[2022-08-29 00:01:32,075] {logging_mixin.py:115} INFO - [2022-08-29 00:01:32,075] {dag.py:2420} INFO - Sync 1 DAGs
[2022-08-29 00:01:32,094] {logging_mixin.py:115} INFO - [2022-08-29 00:01:32,093] {dag.py:2972} INFO - Setting next_dagrun for example_local_kubernetes_executor to None, run_after=None
[2022-08-29 00:01:32,102] {processor.py:161} INFO - Processing /home/airflow/.local/lib/python3.7/site-packages/airflow/example_dags/example_local_kubernetes_executor.py took 0.060 seconds
[2022-08-29 00:02:02,164] {processor.py:153} INFO - Started process (PID=11182) to work on /home/airflow/.local/lib/python3.7/site-packages/airflow/example_dags/example_local_kubernetes_executor.py
[2022-08-29 00:02:02,165] {processor.py:641} INFO - Processing file /home/airflow/.local/lib/python3.7/site-packages/airflow/example_dags/example_local_kubernetes_executor.py for tasks to queue
[2022-08-29 00:02:02,165] {logging_mixin.py:115} INFO - [2022-08-29 00:02:02,165] {dagbag.py:508} INFO - Filling up the DagBag from /home/airflow/.local/lib/python3.7/site-packages/airflow/example_dags/example_local_kubernetes_executor.py
[2022-08-29 00:02:02,175] {processor.py:651} INFO - DAG(s) dict_keys(['example_local_kubernetes_executor']) retrieved from /home/airflow/.local/lib/python3.7/site-packages/airflow/example_dags/example_local_kubernetes_executor.py
[2022-08-29 00:02:02,189] {logging_mixin.py:115} INFO - [2022-08-29 00:02:02,189] {dag.py:2420} INFO - Sync 1 DAGs
[2022-08-29 00:02:02,203] {logging_mixin.py:115} INFO - [2022-08-29 00:02:02,203] {dag.py:2972} INFO - Setting next_dagrun for example_local_kubernetes_executor to None, run_after=None
[2022-08-29 00:02:02,209] {processor.py:161} INFO - Processing /home/airflow/.local/lib/python3.7/site-packages/airflow/example_dags/example_local_kubernetes_executor.py took 0.046 seconds
[2022-08-29 00:02:32,773] {processor.py:153} INFO - Started process (PID=11245) to work on /home/airflow/.local/lib/python3.7/site-packages/airflow/example_dags/example_local_kubernetes_executor.py
[2022-08-29 00:02:32,773] {processor.py:641} INFO - Processing file /home/airflow/.local/lib/python3.7/site-packages/airflow/example_dags/example_local_kubernetes_executor.py for tasks to queue
[2022-08-29 00:02:32,774] {logging_mixin.py:115} INFO - [2022-08-29 00:02:32,774] {dagbag.py:508} INFO - Filling up the DagBag from /home/airflow/.local/lib/python3.7/site-packages/airflow/example_dags/example_local_kubernetes_executor.py
[2022-08-29 00:02:32,785] {processor.py:651} INFO - DAG(s) dict_keys(['example_local_kubernetes_executor']) retrieved from /home/airflow/.local/lib/python3.7/site-packages/airflow/example_dags/example_local_kubernetes_executor.py
[2022-08-29 00:02:32,800] {logging_mixin.py:115} INFO - [2022-08-29 00:02:32,800] {dag.py:2420} INFO - Sync 1 DAGs
[2022-08-29 00:02:32,816] {logging_mixin.py:115} INFO - [2022-08-29 00:02:32,816] {dag.py:2972} INFO - Setting next_dagrun for example_local_kubernetes_executor to None, run_after=None
[2022-08-29 00:02:32,824] {processor.py:161} INFO - Processing /home/airflow/.local/lib/python3.7/site-packages/airflow/example_dags/example_local_kubernetes_executor.py took 0.053 seconds
[2022-08-29 00:03:03,222] {processor.py:153} INFO - Started process (PID=11308) to work on /home/airflow/.local/lib/python3.7/site-packages/airflow/example_dags/example_local_kubernetes_executor.py
[2022-08-29 00:03:03,223] {processor.py:641} INFO - Processing file /home/airflow/.local/lib/python3.7/site-packages/airflow/example_dags/example_local_kubernetes_executor.py for tasks to queue
[2022-08-29 00:03:03,223] {logging_mixin.py:115} INFO - [2022-08-29 00:03:03,223] {dagbag.py:508} INFO - Filling up the DagBag from /home/airflow/.local/lib/python3.7/site-packages/airflow/example_dags/example_local_kubernetes_executor.py
[2022-08-29 00:03:03,233] {processor.py:651} INFO - DAG(s) dict_keys(['example_local_kubernetes_executor']) retrieved from /home/airflow/.local/lib/python3.7/site-packages/airflow/example_dags/example_local_kubernetes_executor.py
[2022-08-29 00:03:03,248] {logging_mixin.py:115} INFO - [2022-08-29 00:03:03,248] {dag.py:2420} INFO - Sync 1 DAGs
[2022-08-29 00:03:03,261] {logging_mixin.py:115} INFO - [2022-08-29 00:03:03,261] {dag.py:2972} INFO - Setting next_dagrun for example_local_kubernetes_executor to None, run_after=None
[2022-08-29 00:03:03,268] {processor.py:161} INFO - Processing /home/airflow/.local/lib/python3.7/site-packages/airflow/example_dags/example_local_kubernetes_executor.py took 0.048 seconds
[2022-08-29 00:03:33,312] {processor.py:153} INFO - Started process (PID=11360) to work on /home/airflow/.local/lib/python3.7/site-packages/airflow/example_dags/example_local_kubernetes_executor.py
[2022-08-29 00:03:33,313] {processor.py:641} INFO - Processing file /home/airflow/.local/lib/python3.7/site-packages/airflow/example_dags/example_local_kubernetes_executor.py for tasks to queue
[2022-08-29 00:03:33,313] {logging_mixin.py:115} INFO - [2022-08-29 00:03:33,313] {dagbag.py:508} INFO - Filling up the DagBag from /home/airflow/.local/lib/python3.7/site-packages/airflow/example_dags/example_local_kubernetes_executor.py
[2022-08-29 00:03:33,324] {processor.py:651} INFO - DAG(s) dict_keys(['example_local_kubernetes_executor']) retrieved from /home/airflow/.local/lib/python3.7/site-packages/airflow/example_dags/example_local_kubernetes_executor.py
[2022-08-29 00:03:33,339] {logging_mixin.py:115} INFO - [2022-08-29 00:03:33,339] {dag.py:2420} INFO - Sync 1 DAGs
[2022-08-29 00:03:33,353] {logging_mixin.py:115} INFO - [2022-08-29 00:03:33,353] {dag.py:2972} INFO - Setting next_dagrun for example_local_kubernetes_executor to None, run_after=None
[2022-08-29 00:03:33,361] {processor.py:161} INFO - Processing /home/airflow/.local/lib/python3.7/site-packages/airflow/example_dags/example_local_kubernetes_executor.py took 0.050 seconds
[2022-08-29 00:04:03,400] {processor.py:153} INFO - Started process (PID=11423) to work on /home/airflow/.local/lib/python3.7/site-packages/airflow/example_dags/example_local_kubernetes_executor.py
[2022-08-29 00:04:03,400] {processor.py:641} INFO - Processing file /home/airflow/.local/lib/python3.7/site-packages/airflow/example_dags/example_local_kubernetes_executor.py for tasks to queue
[2022-08-29 00:04:03,400] {logging_mixin.py:115} INFO - [2022-08-29 00:04:03,400] {dagbag.py:508} INFO - Filling up the DagBag from /home/airflow/.local/lib/python3.7/site-packages/airflow/example_dags/example_local_kubernetes_executor.py
[2022-08-29 00:04:03,411] {processor.py:651} INFO - DAG(s) dict_keys(['example_local_kubernetes_executor']) retrieved from /home/airflow/.local/lib/python3.7/site-packages/airflow/example_dags/example_local_kubernetes_executor.py
[2022-08-29 00:04:03,427] {logging_mixin.py:115} INFO - [2022-08-29 00:04:03,427] {dag.py:2420} INFO - Sync 1 DAGs
[2022-08-29 00:04:03,443] {logging_mixin.py:115} INFO - [2022-08-29 00:04:03,443] {dag.py:2972} INFO - Setting next_dagrun for example_local_kubernetes_executor to None, run_after=None
[2022-08-29 00:04:03,450] {processor.py:161} INFO - Processing /home/airflow/.local/lib/python3.7/site-packages/airflow/example_dags/example_local_kubernetes_executor.py took 0.052 seconds
[2022-08-29 00:04:33,856] {processor.py:153} INFO - Started process (PID=11486) to work on /home/airflow/.local/lib/python3.7/site-packages/airflow/example_dags/example_local_kubernetes_executor.py
[2022-08-29 00:04:33,856] {processor.py:641} INFO - Processing file /home/airflow/.local/lib/python3.7/site-packages/airflow/example_dags/example_local_kubernetes_executor.py for tasks to queue
[2022-08-29 00:04:33,857] {logging_mixin.py:115} INFO - [2022-08-29 00:04:33,857] {dagbag.py:508} INFO - Filling up the DagBag from /home/airflow/.local/lib/python3.7/site-packages/airflow/example_dags/example_local_kubernetes_executor.py
[2022-08-29 00:04:33,868] {processor.py:651} INFO - DAG(s) dict_keys(['example_local_kubernetes_executor']) retrieved from /home/airflow/.local/lib/python3.7/site-packages/airflow/example_dags/example_local_kubernetes_executor.py
[2022-08-29 00:04:33,887] {logging_mixin.py:115} INFO - [2022-08-29 00:04:33,887] {dag.py:2420} INFO - Sync 1 DAGs
[2022-08-29 00:04:33,911] {logging_mixin.py:115} INFO - [2022-08-29 00:04:33,910] {dag.py:2972} INFO - Setting next_dagrun for example_local_kubernetes_executor to None, run_after=None
[2022-08-29 00:04:33,918] {processor.py:161} INFO - Processing /home/airflow/.local/lib/python3.7/site-packages/airflow/example_dags/example_local_kubernetes_executor.py took 0.064 seconds
[2022-08-29 00:05:04,269] {processor.py:153} INFO - Started process (PID=11549) to work on /home/airflow/.local/lib/python3.7/site-packages/airflow/example_dags/example_local_kubernetes_executor.py
[2022-08-29 00:05:04,269] {processor.py:641} INFO - Processing file /home/airflow/.local/lib/python3.7/site-packages/airflow/example_dags/example_local_kubernetes_executor.py for tasks to queue
[2022-08-29 00:05:04,269] {logging_mixin.py:115} INFO - [2022-08-29 00:05:04,269] {dagbag.py:508} INFO - Filling up the DagBag from /home/airflow/.local/lib/python3.7/site-packages/airflow/example_dags/example_local_kubernetes_executor.py
[2022-08-29 00:05:04,279] {processor.py:651} INFO - DAG(s) dict_keys(['example_local_kubernetes_executor']) retrieved from /home/airflow/.local/lib/python3.7/site-packages/airflow/example_dags/example_local_kubernetes_executor.py
[2022-08-29 00:05:04,294] {logging_mixin.py:115} INFO - [2022-08-29 00:05:04,294] {dag.py:2420} INFO - Sync 1 DAGs
[2022-08-29 00:05:04,311] {logging_mixin.py:115} INFO - [2022-08-29 00:05:04,311] {dag.py:2972} INFO - Setting next_dagrun for example_local_kubernetes_executor to None, run_after=None
[2022-08-29 00:05:04,321] {processor.py:161} INFO - Processing /home/airflow/.local/lib/python3.7/site-packages/airflow/example_dags/example_local_kubernetes_executor.py took 0.054 seconds
[2022-08-29 00:05:34,389] {processor.py:153} INFO - Started process (PID=11601) to work on /home/airflow/.local/lib/python3.7/site-packages/airflow/example_dags/example_local_kubernetes_executor.py
[2022-08-29 00:05:34,390] {processor.py:641} INFO - Processing file /home/airflow/.local/lib/python3.7/site-packages/airflow/example_dags/example_local_kubernetes_executor.py for tasks to queue
[2022-08-29 00:05:34,390] {logging_mixin.py:115} INFO - [2022-08-29 00:05:34,390] {dagbag.py:508} INFO - Filling up the DagBag from /home/airflow/.local/lib/python3.7/site-packages/airflow/example_dags/example_local_kubernetes_executor.py
[2022-08-29 00:05:34,401] {processor.py:651} INFO - DAG(s) dict_keys(['example_local_kubernetes_executor']) retrieved from /home/airflow/.local/lib/python3.7/site-packages/airflow/example_dags/example_local_kubernetes_executor.py
[2022-08-29 00:05:34,416] {logging_mixin.py:115} INFO - [2022-08-29 00:05:34,416] {dag.py:2420} INFO - Sync 1 DAGs
[2022-08-29 00:05:34,430] {logging_mixin.py:115} INFO - [2022-08-29 00:05:34,430] {dag.py:2972} INFO - Setting next_dagrun for example_local_kubernetes_executor to None, run_after=None
[2022-08-29 00:05:34,437] {processor.py:161} INFO - Processing /home/airflow/.local/lib/python3.7/site-packages/airflow/example_dags/example_local_kubernetes_executor.py took 0.050 seconds
