[2022-08-29 00:00:18,313] {processor.py:153} INFO - Started process (PID=10962) to work on /home/airflow/.local/lib/python3.7/site-packages/airflow/example_dags/example_branch_labels.py
[2022-08-29 00:00:18,313] {processor.py:641} INFO - Processing file /home/airflow/.local/lib/python3.7/site-packages/airflow/example_dags/example_branch_labels.py for tasks to queue
[2022-08-29 00:00:18,313] {logging_mixin.py:115} INFO - [2022-08-29 00:00:18,313] {dagbag.py:508} INFO - Filling up the DagBag from /home/airflow/.local/lib/python3.7/site-packages/airflow/example_dags/example_branch_labels.py
[2022-08-29 00:00:18,318] {processor.py:651} INFO - DAG(s) dict_keys(['example_branch_labels']) retrieved from /home/airflow/.local/lib/python3.7/site-packages/airflow/example_dags/example_branch_labels.py
[2022-08-29 00:00:18,336] {logging_mixin.py:115} INFO - [2022-08-29 00:00:18,336] {dag.py:2420} INFO - Sync 1 DAGs
[2022-08-29 00:00:18,352] {logging_mixin.py:115} INFO - [2022-08-29 00:00:18,352] {dag.py:2972} INFO - Setting next_dagrun for example_branch_labels to 2022-08-28T00:00:00+00:00, run_after=2022-08-29T00:00:00+00:00
[2022-08-29 00:00:18,364] {processor.py:161} INFO - Processing /home/airflow/.local/lib/python3.7/site-packages/airflow/example_dags/example_branch_labels.py took 0.053 seconds
[2022-08-29 00:00:48,590] {processor.py:153} INFO - Started process (PID=11030) to work on /home/airflow/.local/lib/python3.7/site-packages/airflow/example_dags/example_branch_labels.py
[2022-08-29 00:00:48,590] {processor.py:641} INFO - Processing file /home/airflow/.local/lib/python3.7/site-packages/airflow/example_dags/example_branch_labels.py for tasks to queue
[2022-08-29 00:00:48,590] {logging_mixin.py:115} INFO - [2022-08-29 00:00:48,590] {dagbag.py:508} INFO - Filling up the DagBag from /home/airflow/.local/lib/python3.7/site-packages/airflow/example_dags/example_branch_labels.py
[2022-08-29 00:00:48,596] {processor.py:651} INFO - DAG(s) dict_keys(['example_branch_labels']) retrieved from /home/airflow/.local/lib/python3.7/site-packages/airflow/example_dags/example_branch_labels.py
[2022-08-29 00:00:48,612] {logging_mixin.py:115} INFO - [2022-08-29 00:00:48,612] {dag.py:2420} INFO - Sync 1 DAGs
[2022-08-29 00:00:48,629] {logging_mixin.py:115} INFO - [2022-08-29 00:00:48,629] {dag.py:2972} INFO - Setting next_dagrun for example_branch_labels to 2022-08-28T00:00:00+00:00, run_after=2022-08-29T00:00:00+00:00
[2022-08-29 00:00:48,635] {processor.py:161} INFO - Processing /home/airflow/.local/lib/python3.7/site-packages/airflow/example_dags/example_branch_labels.py took 0.047 seconds
[2022-08-29 00:01:19,182] {processor.py:153} INFO - Started process (PID=11088) to work on /home/airflow/.local/lib/python3.7/site-packages/airflow/example_dags/example_branch_labels.py
[2022-08-29 00:01:19,186] {processor.py:641} INFO - Processing file /home/airflow/.local/lib/python3.7/site-packages/airflow/example_dags/example_branch_labels.py for tasks to queue
[2022-08-29 00:01:19,187] {logging_mixin.py:115} INFO - [2022-08-29 00:01:19,187] {dagbag.py:508} INFO - Filling up the DagBag from /home/airflow/.local/lib/python3.7/site-packages/airflow/example_dags/example_branch_labels.py
[2022-08-29 00:01:19,208] {processor.py:651} INFO - DAG(s) dict_keys(['example_branch_labels']) retrieved from /home/airflow/.local/lib/python3.7/site-packages/airflow/example_dags/example_branch_labels.py
[2022-08-29 00:01:19,237] {logging_mixin.py:115} INFO - [2022-08-29 00:01:19,237] {dag.py:2420} INFO - Sync 1 DAGs
[2022-08-29 00:01:19,254] {logging_mixin.py:115} INFO - [2022-08-29 00:01:19,254] {dag.py:2972} INFO - Setting next_dagrun for example_branch_labels to 2022-08-28T00:00:00+00:00, run_after=2022-08-29T00:00:00+00:00
[2022-08-29 00:01:19,261] {processor.py:161} INFO - Processing /home/airflow/.local/lib/python3.7/site-packages/airflow/example_dags/example_branch_labels.py took 0.081 seconds
[2022-08-29 00:01:49,646] {processor.py:153} INFO - Started process (PID=11151) to work on /home/airflow/.local/lib/python3.7/site-packages/airflow/example_dags/example_branch_labels.py
[2022-08-29 00:01:49,646] {processor.py:641} INFO - Processing file /home/airflow/.local/lib/python3.7/site-packages/airflow/example_dags/example_branch_labels.py for tasks to queue
[2022-08-29 00:01:49,646] {logging_mixin.py:115} INFO - [2022-08-29 00:01:49,646] {dagbag.py:508} INFO - Filling up the DagBag from /home/airflow/.local/lib/python3.7/site-packages/airflow/example_dags/example_branch_labels.py
[2022-08-29 00:01:49,651] {processor.py:651} INFO - DAG(s) dict_keys(['example_branch_labels']) retrieved from /home/airflow/.local/lib/python3.7/site-packages/airflow/example_dags/example_branch_labels.py
[2022-08-29 00:01:49,669] {logging_mixin.py:115} INFO - [2022-08-29 00:01:49,669] {dag.py:2420} INFO - Sync 1 DAGs
[2022-08-29 00:01:49,686] {logging_mixin.py:115} INFO - [2022-08-29 00:01:49,686] {dag.py:2972} INFO - Setting next_dagrun for example_branch_labels to 2022-08-28T00:00:00+00:00, run_after=2022-08-29T00:00:00+00:00
[2022-08-29 00:01:49,693] {processor.py:161} INFO - Processing /home/airflow/.local/lib/python3.7/site-packages/airflow/example_dags/example_branch_labels.py took 0.049 seconds
[2022-08-29 00:02:19,945] {processor.py:153} INFO - Started process (PID=11215) to work on /home/airflow/.local/lib/python3.7/site-packages/airflow/example_dags/example_branch_labels.py
[2022-08-29 00:02:19,945] {processor.py:641} INFO - Processing file /home/airflow/.local/lib/python3.7/site-packages/airflow/example_dags/example_branch_labels.py for tasks to queue
[2022-08-29 00:02:19,946] {logging_mixin.py:115} INFO - [2022-08-29 00:02:19,946] {dagbag.py:508} INFO - Filling up the DagBag from /home/airflow/.local/lib/python3.7/site-packages/airflow/example_dags/example_branch_labels.py
[2022-08-29 00:02:19,953] {processor.py:651} INFO - DAG(s) dict_keys(['example_branch_labels']) retrieved from /home/airflow/.local/lib/python3.7/site-packages/airflow/example_dags/example_branch_labels.py
[2022-08-29 00:02:19,974] {logging_mixin.py:115} INFO - [2022-08-29 00:02:19,974] {dag.py:2420} INFO - Sync 1 DAGs
[2022-08-29 00:02:19,992] {logging_mixin.py:115} INFO - [2022-08-29 00:02:19,992] {dag.py:2972} INFO - Setting next_dagrun for example_branch_labels to 2022-08-28T00:00:00+00:00, run_after=2022-08-29T00:00:00+00:00
[2022-08-29 00:02:20,001] {processor.py:161} INFO - Processing /home/airflow/.local/lib/python3.7/site-packages/airflow/example_dags/example_branch_labels.py took 0.059 seconds
