[2022-08-29 00:00:18,377] {processor.py:153} INFO - Started process (PID=10964) to work on /home/airflow/.local/lib/python3.7/site-packages/airflow/example_dags/example_branch_day_of_week_operator.py
[2022-08-29 00:00:18,378] {processor.py:641} INFO - Processing file /home/airflow/.local/lib/python3.7/site-packages/airflow/example_dags/example_branch_day_of_week_operator.py for tasks to queue
[2022-08-29 00:00:18,378] {logging_mixin.py:115} INFO - [2022-08-29 00:00:18,378] {dagbag.py:508} INFO - Filling up the DagBag from /home/airflow/.local/lib/python3.7/site-packages/airflow/example_dags/example_branch_day_of_week_operator.py
[2022-08-29 00:00:18,384] {processor.py:651} INFO - DAG(s) dict_keys(['example_weekday_branch_operator']) retrieved from /home/airflow/.local/lib/python3.7/site-packages/airflow/example_dags/example_branch_day_of_week_operator.py
[2022-08-29 00:00:18,402] {logging_mixin.py:115} INFO - [2022-08-29 00:00:18,402] {dag.py:2420} INFO - Sync 1 DAGs
[2022-08-29 00:00:18,418] {logging_mixin.py:115} INFO - [2022-08-29 00:00:18,418] {dag.py:2972} INFO - Setting next_dagrun for example_weekday_branch_operator to 2022-08-28T00:00:00+00:00, run_after=2022-08-29T00:00:00+00:00
[2022-08-29 00:00:18,426] {processor.py:161} INFO - Processing /home/airflow/.local/lib/python3.7/site-packages/airflow/example_dags/example_branch_day_of_week_operator.py took 0.050 seconds
[2022-08-29 00:00:48,701] {processor.py:153} INFO - Started process (PID=11032) to work on /home/airflow/.local/lib/python3.7/site-packages/airflow/example_dags/example_branch_day_of_week_operator.py
[2022-08-29 00:00:48,701] {processor.py:641} INFO - Processing file /home/airflow/.local/lib/python3.7/site-packages/airflow/example_dags/example_branch_day_of_week_operator.py for tasks to queue
[2022-08-29 00:00:48,701] {logging_mixin.py:115} INFO - [2022-08-29 00:00:48,701] {dagbag.py:508} INFO - Filling up the DagBag from /home/airflow/.local/lib/python3.7/site-packages/airflow/example_dags/example_branch_day_of_week_operator.py
[2022-08-29 00:00:48,708] {processor.py:651} INFO - DAG(s) dict_keys(['example_weekday_branch_operator']) retrieved from /home/airflow/.local/lib/python3.7/site-packages/airflow/example_dags/example_branch_day_of_week_operator.py
[2022-08-29 00:00:48,724] {logging_mixin.py:115} INFO - [2022-08-29 00:00:48,724] {dag.py:2420} INFO - Sync 1 DAGs
[2022-08-29 00:00:48,741] {logging_mixin.py:115} INFO - [2022-08-29 00:00:48,741] {dag.py:2972} INFO - Setting next_dagrun for example_weekday_branch_operator to 2022-08-28T00:00:00+00:00, run_after=2022-08-29T00:00:00+00:00
[2022-08-29 00:00:48,749] {processor.py:161} INFO - Processing /home/airflow/.local/lib/python3.7/site-packages/airflow/example_dags/example_branch_day_of_week_operator.py took 0.050 seconds
[2022-08-29 00:01:19,302] {processor.py:153} INFO - Started process (PID=11090) to work on /home/airflow/.local/lib/python3.7/site-packages/airflow/example_dags/example_branch_day_of_week_operator.py
[2022-08-29 00:01:19,302] {processor.py:641} INFO - Processing file /home/airflow/.local/lib/python3.7/site-packages/airflow/example_dags/example_branch_day_of_week_operator.py for tasks to queue
[2022-08-29 00:01:19,302] {logging_mixin.py:115} INFO - [2022-08-29 00:01:19,302] {dagbag.py:508} INFO - Filling up the DagBag from /home/airflow/.local/lib/python3.7/site-packages/airflow/example_dags/example_branch_day_of_week_operator.py
[2022-08-29 00:01:19,308] {processor.py:651} INFO - DAG(s) dict_keys(['example_weekday_branch_operator']) retrieved from /home/airflow/.local/lib/python3.7/site-packages/airflow/example_dags/example_branch_day_of_week_operator.py
[2022-08-29 00:01:19,325] {logging_mixin.py:115} INFO - [2022-08-29 00:01:19,325] {dag.py:2420} INFO - Sync 1 DAGs
[2022-08-29 00:01:19,343] {logging_mixin.py:115} INFO - [2022-08-29 00:01:19,342] {dag.py:2972} INFO - Setting next_dagrun for example_weekday_branch_operator to 2022-08-28T00:00:00+00:00, run_after=2022-08-29T00:00:00+00:00
[2022-08-29 00:01:19,350] {processor.py:161} INFO - Processing /home/airflow/.local/lib/python3.7/site-packages/airflow/example_dags/example_branch_day_of_week_operator.py took 0.051 seconds
[2022-08-29 00:01:49,718] {processor.py:153} INFO - Started process (PID=11153) to work on /home/airflow/.local/lib/python3.7/site-packages/airflow/example_dags/example_branch_day_of_week_operator.py
[2022-08-29 00:01:49,718] {processor.py:641} INFO - Processing file /home/airflow/.local/lib/python3.7/site-packages/airflow/example_dags/example_branch_day_of_week_operator.py for tasks to queue
[2022-08-29 00:01:49,719] {logging_mixin.py:115} INFO - [2022-08-29 00:01:49,719] {dagbag.py:508} INFO - Filling up the DagBag from /home/airflow/.local/lib/python3.7/site-packages/airflow/example_dags/example_branch_day_of_week_operator.py
[2022-08-29 00:01:49,726] {processor.py:651} INFO - DAG(s) dict_keys(['example_weekday_branch_operator']) retrieved from /home/airflow/.local/lib/python3.7/site-packages/airflow/example_dags/example_branch_day_of_week_operator.py
[2022-08-29 00:01:49,744] {logging_mixin.py:115} INFO - [2022-08-29 00:01:49,744] {dag.py:2420} INFO - Sync 1 DAGs
[2022-08-29 00:01:49,761] {logging_mixin.py:115} INFO - [2022-08-29 00:01:49,761] {dag.py:2972} INFO - Setting next_dagrun for example_weekday_branch_operator to 2022-08-28T00:00:00+00:00, run_after=2022-08-29T00:00:00+00:00
[2022-08-29 00:01:49,769] {processor.py:161} INFO - Processing /home/airflow/.local/lib/python3.7/site-packages/airflow/example_dags/example_branch_day_of_week_operator.py took 0.053 seconds
[2022-08-29 00:02:20,089] {processor.py:153} INFO - Started process (PID=11217) to work on /home/airflow/.local/lib/python3.7/site-packages/airflow/example_dags/example_branch_day_of_week_operator.py
[2022-08-29 00:02:20,089] {processor.py:641} INFO - Processing file /home/airflow/.local/lib/python3.7/site-packages/airflow/example_dags/example_branch_day_of_week_operator.py for tasks to queue
[2022-08-29 00:02:20,090] {logging_mixin.py:115} INFO - [2022-08-29 00:02:20,090] {dagbag.py:508} INFO - Filling up the DagBag from /home/airflow/.local/lib/python3.7/site-packages/airflow/example_dags/example_branch_day_of_week_operator.py
[2022-08-29 00:02:20,099] {processor.py:651} INFO - DAG(s) dict_keys(['example_weekday_branch_operator']) retrieved from /home/airflow/.local/lib/python3.7/site-packages/airflow/example_dags/example_branch_day_of_week_operator.py
[2022-08-29 00:02:20,121] {logging_mixin.py:115} INFO - [2022-08-29 00:02:20,121] {dag.py:2420} INFO - Sync 1 DAGs
[2022-08-29 00:02:20,144] {logging_mixin.py:115} INFO - [2022-08-29 00:02:20,144] {dag.py:2972} INFO - Setting next_dagrun for example_weekday_branch_operator to 2022-08-28T00:00:00+00:00, run_after=2022-08-29T00:00:00+00:00
[2022-08-29 00:02:20,156] {processor.py:161} INFO - Processing /home/airflow/.local/lib/python3.7/site-packages/airflow/example_dags/example_branch_day_of_week_operator.py took 0.071 seconds
[2022-08-29 00:02:50,312] {processor.py:153} INFO - Started process (PID=11279) to work on /home/airflow/.local/lib/python3.7/site-packages/airflow/example_dags/example_branch_day_of_week_operator.py
[2022-08-29 00:02:50,312] {processor.py:641} INFO - Processing file /home/airflow/.local/lib/python3.7/site-packages/airflow/example_dags/example_branch_day_of_week_operator.py for tasks to queue
[2022-08-29 00:02:50,312] {logging_mixin.py:115} INFO - [2022-08-29 00:02:50,312] {dagbag.py:508} INFO - Filling up the DagBag from /home/airflow/.local/lib/python3.7/site-packages/airflow/example_dags/example_branch_day_of_week_operator.py
[2022-08-29 00:02:50,319] {processor.py:651} INFO - DAG(s) dict_keys(['example_weekday_branch_operator']) retrieved from /home/airflow/.local/lib/python3.7/site-packages/airflow/example_dags/example_branch_day_of_week_operator.py
[2022-08-29 00:02:50,336] {logging_mixin.py:115} INFO - [2022-08-29 00:02:50,336] {dag.py:2420} INFO - Sync 1 DAGs
[2022-08-29 00:02:50,353] {logging_mixin.py:115} INFO - [2022-08-29 00:02:50,353] {dag.py:2972} INFO - Setting next_dagrun for example_weekday_branch_operator to 2022-08-28T00:00:00+00:00, run_after=2022-08-29T00:00:00+00:00
[2022-08-29 00:02:50,361] {processor.py:161} INFO - Processing /home/airflow/.local/lib/python3.7/site-packages/airflow/example_dags/example_branch_day_of_week_operator.py took 0.052 seconds
[2022-08-29 00:03:20,653] {processor.py:153} INFO - Started process (PID=11332) to work on /home/airflow/.local/lib/python3.7/site-packages/airflow/example_dags/example_branch_day_of_week_operator.py
[2022-08-29 00:03:20,654] {processor.py:641} INFO - Processing file /home/airflow/.local/lib/python3.7/site-packages/airflow/example_dags/example_branch_day_of_week_operator.py for tasks to queue
[2022-08-29 00:03:20,654] {logging_mixin.py:115} INFO - [2022-08-29 00:03:20,654] {dagbag.py:508} INFO - Filling up the DagBag from /home/airflow/.local/lib/python3.7/site-packages/airflow/example_dags/example_branch_day_of_week_operator.py
[2022-08-29 00:03:20,662] {processor.py:651} INFO - DAG(s) dict_keys(['example_weekday_branch_operator']) retrieved from /home/airflow/.local/lib/python3.7/site-packages/airflow/example_dags/example_branch_day_of_week_operator.py
[2022-08-29 00:03:20,678] {logging_mixin.py:115} INFO - [2022-08-29 00:03:20,678] {dag.py:2420} INFO - Sync 1 DAGs
[2022-08-29 00:03:20,696] {logging_mixin.py:115} INFO - [2022-08-29 00:03:20,696] {dag.py:2972} INFO - Setting next_dagrun for example_weekday_branch_operator to 2022-08-28T00:00:00+00:00, run_after=2022-08-29T00:00:00+00:00
[2022-08-29 00:03:20,704] {processor.py:161} INFO - Processing /home/airflow/.local/lib/python3.7/site-packages/airflow/example_dags/example_branch_day_of_week_operator.py took 0.053 seconds
[2022-08-29 00:03:50,845] {processor.py:153} INFO - Started process (PID=11395) to work on /home/airflow/.local/lib/python3.7/site-packages/airflow/example_dags/example_branch_day_of_week_operator.py
[2022-08-29 00:03:50,845] {processor.py:641} INFO - Processing file /home/airflow/.local/lib/python3.7/site-packages/airflow/example_dags/example_branch_day_of_week_operator.py for tasks to queue
[2022-08-29 00:03:50,845] {logging_mixin.py:115} INFO - [2022-08-29 00:03:50,845] {dagbag.py:508} INFO - Filling up the DagBag from /home/airflow/.local/lib/python3.7/site-packages/airflow/example_dags/example_branch_day_of_week_operator.py
[2022-08-29 00:03:50,851] {processor.py:651} INFO - DAG(s) dict_keys(['example_weekday_branch_operator']) retrieved from /home/airflow/.local/lib/python3.7/site-packages/airflow/example_dags/example_branch_day_of_week_operator.py
[2022-08-29 00:03:50,867] {logging_mixin.py:115} INFO - [2022-08-29 00:03:50,867] {dag.py:2420} INFO - Sync 1 DAGs
[2022-08-29 00:03:50,882] {logging_mixin.py:115} INFO - [2022-08-29 00:03:50,882] {dag.py:2972} INFO - Setting next_dagrun for example_weekday_branch_operator to 2022-08-28T00:00:00+00:00, run_after=2022-08-29T00:00:00+00:00
[2022-08-29 00:03:50,890] {processor.py:161} INFO - Processing /home/airflow/.local/lib/python3.7/site-packages/airflow/example_dags/example_branch_day_of_week_operator.py took 0.048 seconds
[2022-08-29 00:04:21,156] {processor.py:153} INFO - Started process (PID=11458) to work on /home/airflow/.local/lib/python3.7/site-packages/airflow/example_dags/example_branch_day_of_week_operator.py
[2022-08-29 00:04:21,157] {processor.py:641} INFO - Processing file /home/airflow/.local/lib/python3.7/site-packages/airflow/example_dags/example_branch_day_of_week_operator.py for tasks to queue
[2022-08-29 00:04:21,157] {logging_mixin.py:115} INFO - [2022-08-29 00:04:21,157] {dagbag.py:508} INFO - Filling up the DagBag from /home/airflow/.local/lib/python3.7/site-packages/airflow/example_dags/example_branch_day_of_week_operator.py
[2022-08-29 00:04:21,163] {processor.py:651} INFO - DAG(s) dict_keys(['example_weekday_branch_operator']) retrieved from /home/airflow/.local/lib/python3.7/site-packages/airflow/example_dags/example_branch_day_of_week_operator.py
[2022-08-29 00:04:21,180] {logging_mixin.py:115} INFO - [2022-08-29 00:04:21,180] {dag.py:2420} INFO - Sync 1 DAGs
[2022-08-29 00:04:21,197] {logging_mixin.py:115} INFO - [2022-08-29 00:04:21,197] {dag.py:2972} INFO - Setting next_dagrun for example_weekday_branch_operator to 2022-08-28T00:00:00+00:00, run_after=2022-08-29T00:00:00+00:00
[2022-08-29 00:04:21,204] {processor.py:161} INFO - Processing /home/airflow/.local/lib/python3.7/site-packages/airflow/example_dags/example_branch_day_of_week_operator.py took 0.050 seconds
[2022-08-29 00:04:51,449] {processor.py:153} INFO - Started process (PID=11511) to work on /home/airflow/.local/lib/python3.7/site-packages/airflow/example_dags/example_branch_day_of_week_operator.py
[2022-08-29 00:04:51,449] {processor.py:641} INFO - Processing file /home/airflow/.local/lib/python3.7/site-packages/airflow/example_dags/example_branch_day_of_week_operator.py for tasks to queue
[2022-08-29 00:04:51,450] {logging_mixin.py:115} INFO - [2022-08-29 00:04:51,450] {dagbag.py:508} INFO - Filling up the DagBag from /home/airflow/.local/lib/python3.7/site-packages/airflow/example_dags/example_branch_day_of_week_operator.py
[2022-08-29 00:04:51,456] {processor.py:651} INFO - DAG(s) dict_keys(['example_weekday_branch_operator']) retrieved from /home/airflow/.local/lib/python3.7/site-packages/airflow/example_dags/example_branch_day_of_week_operator.py
[2022-08-29 00:04:51,477] {logging_mixin.py:115} INFO - [2022-08-29 00:04:51,477] {dag.py:2420} INFO - Sync 1 DAGs
[2022-08-29 00:04:51,494] {logging_mixin.py:115} INFO - [2022-08-29 00:04:51,494] {dag.py:2972} INFO - Setting next_dagrun for example_weekday_branch_operator to 2022-08-28T00:00:00+00:00, run_after=2022-08-29T00:00:00+00:00
[2022-08-29 00:04:51,501] {processor.py:161} INFO - Processing /home/airflow/.local/lib/python3.7/site-packages/airflow/example_dags/example_branch_day_of_week_operator.py took 0.054 seconds
[2022-08-29 00:05:23,605] {processor.py:153} INFO - Started process (PID=11574) to work on /home/airflow/.local/lib/python3.7/site-packages/airflow/example_dags/example_branch_day_of_week_operator.py
[2022-08-29 00:05:23,605] {processor.py:641} INFO - Processing file /home/airflow/.local/lib/python3.7/site-packages/airflow/example_dags/example_branch_day_of_week_operator.py for tasks to queue
[2022-08-29 00:05:23,605] {logging_mixin.py:115} INFO - [2022-08-29 00:05:23,605] {dagbag.py:508} INFO - Filling up the DagBag from /home/airflow/.local/lib/python3.7/site-packages/airflow/example_dags/example_branch_day_of_week_operator.py
[2022-08-29 00:05:23,611] {processor.py:651} INFO - DAG(s) dict_keys(['example_weekday_branch_operator']) retrieved from /home/airflow/.local/lib/python3.7/site-packages/airflow/example_dags/example_branch_day_of_week_operator.py
[2022-08-29 00:05:23,627] {logging_mixin.py:115} INFO - [2022-08-29 00:05:23,627] {dag.py:2420} INFO - Sync 1 DAGs
[2022-08-29 00:05:23,644] {logging_mixin.py:115} INFO - [2022-08-29 00:05:23,644] {dag.py:2972} INFO - Setting next_dagrun for example_weekday_branch_operator to 2022-08-28T00:00:00+00:00, run_after=2022-08-29T00:00:00+00:00
[2022-08-29 00:05:23,652] {processor.py:161} INFO - Processing /home/airflow/.local/lib/python3.7/site-packages/airflow/example_dags/example_branch_day_of_week_operator.py took 0.050 seconds
