[2022-08-29 00:00:23,597] {processor.py:153} INFO - Started process (PID=10971) to work on /home/airflow/.local/lib/python3.7/site-packages/airflow/example_dags/tutorial_taskflow_api_etl_virtualenv.py
[2022-08-29 00:00:23,597] {processor.py:641} INFO - Processing file /home/airflow/.local/lib/python3.7/site-packages/airflow/example_dags/tutorial_taskflow_api_etl_virtualenv.py for tasks to queue
[2022-08-29 00:00:23,597] {logging_mixin.py:115} INFO - [2022-08-29 00:00:23,597] {dagbag.py:508} INFO - Filling up the DagBag from /home/airflow/.local/lib/python3.7/site-packages/airflow/example_dags/tutorial_taskflow_api_etl_virtualenv.py
[2022-08-29 00:00:23,609] {processor.py:651} INFO - DAG(s) dict_keys(['tutorial_taskflow_api_etl_virtualenv']) retrieved from /home/airflow/.local/lib/python3.7/site-packages/airflow/example_dags/tutorial_taskflow_api_etl_virtualenv.py
[2022-08-29 00:00:23,677] {logging_mixin.py:115} INFO - [2022-08-29 00:00:23,677] {dag.py:2420} INFO - Sync 1 DAGs
[2022-08-29 00:00:23,693] {logging_mixin.py:115} INFO - [2022-08-29 00:00:23,693] {dag.py:2972} INFO - Setting next_dagrun for tutorial_taskflow_api_etl_virtualenv to None, run_after=None
[2022-08-29 00:00:23,704] {processor.py:161} INFO - Processing /home/airflow/.local/lib/python3.7/site-packages/airflow/example_dags/tutorial_taskflow_api_etl_virtualenv.py took 0.109 seconds
[2022-08-29 00:00:53,991] {processor.py:153} INFO - Started process (PID=11038) to work on /home/airflow/.local/lib/python3.7/site-packages/airflow/example_dags/tutorial_taskflow_api_etl_virtualenv.py
[2022-08-29 00:00:53,991] {processor.py:641} INFO - Processing file /home/airflow/.local/lib/python3.7/site-packages/airflow/example_dags/tutorial_taskflow_api_etl_virtualenv.py for tasks to queue
[2022-08-29 00:00:53,992] {logging_mixin.py:115} INFO - [2022-08-29 00:00:53,992] {dagbag.py:508} INFO - Filling up the DagBag from /home/airflow/.local/lib/python3.7/site-packages/airflow/example_dags/tutorial_taskflow_api_etl_virtualenv.py
[2022-08-29 00:00:54,002] {processor.py:651} INFO - DAG(s) dict_keys(['tutorial_taskflow_api_etl_virtualenv']) retrieved from /home/airflow/.local/lib/python3.7/site-packages/airflow/example_dags/tutorial_taskflow_api_etl_virtualenv.py
[2022-08-29 00:00:54,045] {logging_mixin.py:115} INFO - [2022-08-29 00:00:54,045] {dag.py:2420} INFO - Sync 1 DAGs
[2022-08-29 00:00:54,058] {logging_mixin.py:115} INFO - [2022-08-29 00:00:54,058] {dag.py:2972} INFO - Setting next_dagrun for tutorial_taskflow_api_etl_virtualenv to None, run_after=None
[2022-08-29 00:00:54,067] {processor.py:161} INFO - Processing /home/airflow/.local/lib/python3.7/site-packages/airflow/example_dags/tutorial_taskflow_api_etl_virtualenv.py took 0.078 seconds
[2022-08-29 00:01:24,472] {processor.py:153} INFO - Started process (PID=11105) to work on /home/airflow/.local/lib/python3.7/site-packages/airflow/example_dags/tutorial_taskflow_api_etl_virtualenv.py
[2022-08-29 00:01:24,476] {processor.py:641} INFO - Processing file /home/airflow/.local/lib/python3.7/site-packages/airflow/example_dags/tutorial_taskflow_api_etl_virtualenv.py for tasks to queue
[2022-08-29 00:01:24,476] {logging_mixin.py:115} INFO - [2022-08-29 00:01:24,476] {dagbag.py:508} INFO - Filling up the DagBag from /home/airflow/.local/lib/python3.7/site-packages/airflow/example_dags/tutorial_taskflow_api_etl_virtualenv.py
[2022-08-29 00:01:24,487] {processor.py:651} INFO - DAG(s) dict_keys(['tutorial_taskflow_api_etl_virtualenv']) retrieved from /home/airflow/.local/lib/python3.7/site-packages/airflow/example_dags/tutorial_taskflow_api_etl_virtualenv.py
[2022-08-29 00:01:24,530] {logging_mixin.py:115} INFO - [2022-08-29 00:01:24,530] {dag.py:2420} INFO - Sync 1 DAGs
[2022-08-29 00:01:24,543] {logging_mixin.py:115} INFO - [2022-08-29 00:01:24,543] {dag.py:2972} INFO - Setting next_dagrun for tutorial_taskflow_api_etl_virtualenv to None, run_after=None
[2022-08-29 00:01:24,551] {processor.py:161} INFO - Processing /home/airflow/.local/lib/python3.7/site-packages/airflow/example_dags/tutorial_taskflow_api_etl_virtualenv.py took 0.081 seconds
[2022-08-29 00:01:55,025] {processor.py:153} INFO - Started process (PID=11169) to work on /home/airflow/.local/lib/python3.7/site-packages/airflow/example_dags/tutorial_taskflow_api_etl_virtualenv.py
[2022-08-29 00:01:55,026] {processor.py:641} INFO - Processing file /home/airflow/.local/lib/python3.7/site-packages/airflow/example_dags/tutorial_taskflow_api_etl_virtualenv.py for tasks to queue
[2022-08-29 00:01:55,026] {logging_mixin.py:115} INFO - [2022-08-29 00:01:55,026] {dagbag.py:508} INFO - Filling up the DagBag from /home/airflow/.local/lib/python3.7/site-packages/airflow/example_dags/tutorial_taskflow_api_etl_virtualenv.py
[2022-08-29 00:01:55,037] {processor.py:651} INFO - DAG(s) dict_keys(['tutorial_taskflow_api_etl_virtualenv']) retrieved from /home/airflow/.local/lib/python3.7/site-packages/airflow/example_dags/tutorial_taskflow_api_etl_virtualenv.py
[2022-08-29 00:01:55,081] {logging_mixin.py:115} INFO - [2022-08-29 00:01:55,081] {dag.py:2420} INFO - Sync 1 DAGs
[2022-08-29 00:01:55,094] {logging_mixin.py:115} INFO - [2022-08-29 00:01:55,094] {dag.py:2972} INFO - Setting next_dagrun for tutorial_taskflow_api_etl_virtualenv to None, run_after=None
[2022-08-29 00:01:55,102] {processor.py:161} INFO - Processing /home/airflow/.local/lib/python3.7/site-packages/airflow/example_dags/tutorial_taskflow_api_etl_virtualenv.py took 0.079 seconds
[2022-08-29 00:02:25,324] {processor.py:153} INFO - Started process (PID=11223) to work on /home/airflow/.local/lib/python3.7/site-packages/airflow/example_dags/tutorial_taskflow_api_etl_virtualenv.py
[2022-08-29 00:02:25,324] {processor.py:641} INFO - Processing file /home/airflow/.local/lib/python3.7/site-packages/airflow/example_dags/tutorial_taskflow_api_etl_virtualenv.py for tasks to queue
[2022-08-29 00:02:25,324] {logging_mixin.py:115} INFO - [2022-08-29 00:02:25,324] {dagbag.py:508} INFO - Filling up the DagBag from /home/airflow/.local/lib/python3.7/site-packages/airflow/example_dags/tutorial_taskflow_api_etl_virtualenv.py
[2022-08-29 00:02:25,335] {processor.py:651} INFO - DAG(s) dict_keys(['tutorial_taskflow_api_etl_virtualenv']) retrieved from /home/airflow/.local/lib/python3.7/site-packages/airflow/example_dags/tutorial_taskflow_api_etl_virtualenv.py
[2022-08-29 00:02:25,381] {logging_mixin.py:115} INFO - [2022-08-29 00:02:25,381] {dag.py:2420} INFO - Sync 1 DAGs
[2022-08-29 00:02:25,394] {logging_mixin.py:115} INFO - [2022-08-29 00:02:25,394] {dag.py:2972} INFO - Setting next_dagrun for tutorial_taskflow_api_etl_virtualenv to None, run_after=None
[2022-08-29 00:02:25,402] {processor.py:161} INFO - Processing /home/airflow/.local/lib/python3.7/site-packages/airflow/example_dags/tutorial_taskflow_api_etl_virtualenv.py took 0.081 seconds
