[2022-08-28 23:00:35,994] {taskinstance.py:1179} INFO - Dependencies all met for <TaskInstance: create_and_populate_taxigov_datawarehouse.check_taxigov_data manual__2022-08-28T23:00:34.566776+00:00 [queued]>
[2022-08-28 23:00:36,001] {taskinstance.py:1179} INFO - Dependencies all met for <TaskInstance: create_and_populate_taxigov_datawarehouse.check_taxigov_data manual__2022-08-28T23:00:34.566776+00:00 [queued]>
[2022-08-28 23:00:36,001] {taskinstance.py:1376} INFO - 
--------------------------------------------------------------------------------
[2022-08-28 23:00:36,001] {taskinstance.py:1377} INFO - Starting attempt 1 of 1
[2022-08-28 23:00:36,001] {taskinstance.py:1378} INFO - 
--------------------------------------------------------------------------------
[2022-08-28 23:00:36,023] {taskinstance.py:1397} INFO - Executing <Task(PythonOperator): check_taxigov_data> on 2022-08-28 23:00:34.566776+00:00
[2022-08-28 23:00:36,029] {standard_task_runner.py:52} INFO - Started process 1562 to run task
[2022-08-28 23:00:36,032] {standard_task_runner.py:79} INFO - Running: ['***', 'tasks', 'run', 'create_and_populate_taxigov_datawarehouse', 'check_taxigov_data', 'manual__2022-08-28T23:00:34.566776+00:00', '--job-id', '88', '--raw', '--subdir', 'DAGS_FOLDER/create_and_populate_taxigov_datawarehouse_dag.py', '--cfg-path', '/tmp/tmpbj0x33wm', '--error-file', '/tmp/tmpd0grhr1j']
[2022-08-28 23:00:36,033] {standard_task_runner.py:80} INFO - Job 88: Subtask check_taxigov_data
[2022-08-28 23:00:36,110] {task_command.py:371} INFO - Running <TaskInstance: create_and_populate_taxigov_datawarehouse.check_taxigov_data manual__2022-08-28T23:00:34.566776+00:00 [running]> on host ddc8002727e0
[2022-08-28 23:00:36,202] {taskinstance.py:1591} INFO - Exporting the following env vars:
AIRFLOW_CTX_DAG_OWNER=***
AIRFLOW_CTX_DAG_ID=create_and_populate_taxigov_datawarehouse
AIRFLOW_CTX_TASK_ID=check_taxigov_data
AIRFLOW_CTX_EXECUTION_DATE=2022-08-28T23:00:34.566776+00:00
AIRFLOW_CTX_TRY_NUMBER=1
AIRFLOW_CTX_DAG_RUN_ID=manual__2022-08-28T23:00:34.566776+00:00
[2022-08-28 23:00:36,232] {taskinstance.py:1909} ERROR - Task failed with exception
Traceback (most recent call last):
  File "/home/airflow/.local/lib/python3.7/site-packages/airflow/operators/python.py", line 171, in execute
    return_value = self.execute_callable()
  File "/home/airflow/.local/lib/python3.7/site-packages/airflow/operators/python.py", line 189, in execute_callable
    return self.python_callable(*self.op_args, **self.op_kwargs)
  File "/opt/airflow/dags/create_and_populate_taxigov_datawarehouse_dag.py", line 14, in check_dependencies
    records = redshift_hook.get_records(f"SELECT COUNT(*) FROM {table}")
  File "/home/airflow/.local/lib/python3.7/site-packages/airflow/hooks/dbapi.py", line 157, in get_records
    with closing(self.get_conn()) as conn:
  File "/home/airflow/.local/lib/python3.7/site-packages/airflow/providers/postgres/hooks/postgres.py", line 86, in get_conn
    conn = deepcopy(self.connection or self.get_connection(conn_id))
  File "/home/airflow/.local/lib/python3.7/site-packages/airflow/hooks/base.py", line 67, in get_connection
    conn = Connection.get_connection_from_secrets(conn_id)
  File "/home/airflow/.local/lib/python3.7/site-packages/airflow/models/connection.py", line 430, in get_connection_from_secrets
    raise AirflowNotFoundException(f"The conn_id `{conn_id}` isn't defined")
airflow.exceptions.AirflowNotFoundException: The conn_id `redshift` isn't defined
[2022-08-28 23:00:36,243] {taskinstance.py:1420} INFO - Marking task as FAILED. dag_id=create_and_populate_taxigov_datawarehouse, task_id=check_taxigov_data, execution_date=20220828T230034, start_date=20220828T230035, end_date=20220828T230036
[2022-08-28 23:00:36,263] {standard_task_runner.py:97} ERROR - Failed to execute job 88 for task check_taxigov_data (The conn_id `redshift` isn't defined; 1562)
[2022-08-28 23:00:36,283] {local_task_job.py:156} INFO - Task exited with return code 1
[2022-08-28 23:00:36,326] {local_task_job.py:273} INFO - 0 downstream tasks scheduled from follow-on schedule check
