[2022-08-28 23:14:27,457] {taskinstance.py:1179} INFO - Dependencies all met for <TaskInstance: request_and_store_raw_taxigov_data.create_object manual__2022-08-28T23:14:14.279037+00:00 [queued]>
[2022-08-28 23:14:27,463] {taskinstance.py:1179} INFO - Dependencies all met for <TaskInstance: request_and_store_raw_taxigov_data.create_object manual__2022-08-28T23:14:14.279037+00:00 [queued]>
[2022-08-28 23:14:27,463] {taskinstance.py:1376} INFO - 
--------------------------------------------------------------------------------
[2022-08-28 23:14:27,463] {taskinstance.py:1377} INFO - Starting attempt 1 of 1
[2022-08-28 23:14:27,463] {taskinstance.py:1378} INFO - 
--------------------------------------------------------------------------------
[2022-08-28 23:14:27,471] {taskinstance.py:1397} INFO - Executing <Task(S3CreateObjectOperator): create_object> on 2022-08-28 23:14:14.279037+00:00
[2022-08-28 23:14:27,477] {standard_task_runner.py:52} INFO - Started process 2241 to run task
[2022-08-28 23:14:27,479] {standard_task_runner.py:79} INFO - Running: ['***', 'tasks', 'run', 'request_and_store_raw_taxigov_data', 'create_object', 'manual__2022-08-28T23:14:14.279037+00:00', '--job-id', '93', '--raw', '--subdir', 'DAGS_FOLDER/request_and_store_raw_taxigov_dag.py', '--cfg-path', '/tmp/tmpayk6q9sc', '--error-file', '/tmp/tmpbxo_fjs0']
[2022-08-28 23:14:27,479] {standard_task_runner.py:80} INFO - Job 93: Subtask create_object
[2022-08-28 23:14:27,518] {task_command.py:371} INFO - Running <TaskInstance: request_and_store_raw_taxigov_data.create_object manual__2022-08-28T23:14:14.279037+00:00 [running]> on host ddc8002727e0
[2022-08-28 23:14:33,734] {taskinstance.py:1591} INFO - Exporting the following env vars:
AIRFLOW_CTX_DAG_OWNER=***
AIRFLOW_CTX_DAG_ID=request_and_store_raw_taxigov_data
AIRFLOW_CTX_TASK_ID=create_object
AIRFLOW_CTX_EXECUTION_DATE=2022-08-28T23:14:14.279037+00:00
AIRFLOW_CTX_TRY_NUMBER=1
AIRFLOW_CTX_DAG_RUN_ID=manual__2022-08-28T23:14:14.279037+00:00
[2022-08-28 23:14:33,748] {base.py:68} INFO - Using connection ID 'aws_credentials' for task execution.
[2022-08-28 23:14:33,749] {base_aws.py:206} INFO - Credentials retrieved from login
[2022-08-28 23:16:26,701] {taskinstance.py:1420} INFO - Marking task as SUCCESS. dag_id=request_and_store_raw_taxigov_data, task_id=create_object, execution_date=20220828T231414, start_date=20220828T231427, end_date=20220828T231626
[2022-08-28 23:16:26,751] {local_task_job.py:156} INFO - Task exited with return code 0
[2022-08-28 23:16:26,823] {local_task_job.py:273} INFO - 0 downstream tasks scheduled from follow-on schedule check
