[2022-08-29 00:01:18,324] {taskinstance.py:1179} INFO - Dependencies all met for <TaskInstance: create_and_populate_taxigov_datawarehouse.create_fact_daily_rides_table manual__2022-08-29T00:00:54.305690+00:00 [queued]>
[2022-08-29 00:01:18,331] {taskinstance.py:1179} INFO - Dependencies all met for <TaskInstance: create_and_populate_taxigov_datawarehouse.create_fact_daily_rides_table manual__2022-08-29T00:00:54.305690+00:00 [queued]>
[2022-08-29 00:01:18,331] {taskinstance.py:1376} INFO - 
--------------------------------------------------------------------------------
[2022-08-29 00:01:18,331] {taskinstance.py:1377} INFO - Starting attempt 1 of 1
[2022-08-29 00:01:18,331] {taskinstance.py:1378} INFO - 
--------------------------------------------------------------------------------
[2022-08-29 00:01:18,340] {taskinstance.py:1397} INFO - Executing <Task(PostgresOperator): create_fact_daily_rides_table> on 2022-08-29 00:00:54.305690+00:00
[2022-08-29 00:01:18,342] {standard_task_runner.py:52} INFO - Started process 4653 to run task
[2022-08-29 00:01:18,344] {standard_task_runner.py:79} INFO - Running: ['***', 'tasks', 'run', 'create_and_populate_taxigov_datawarehouse', 'create_fact_daily_rides_table', 'manual__2022-08-29T00:00:54.305690+00:00', '--job-id', '165', '--raw', '--subdir', 'DAGS_FOLDER/create_and_populate_taxigov_datawarehouse_dag.py', '--cfg-path', '/tmp/tmpi7fnvg6q', '--error-file', '/tmp/tmpv8ppvn32']
[2022-08-29 00:01:18,344] {standard_task_runner.py:80} INFO - Job 165: Subtask create_fact_daily_rides_table
[2022-08-29 00:01:18,381] {task_command.py:371} INFO - Running <TaskInstance: create_and_populate_taxigov_datawarehouse.create_fact_daily_rides_table manual__2022-08-29T00:00:54.305690+00:00 [running]> on host ddc8002727e0
[2022-08-29 00:01:18,430] {taskinstance.py:1591} INFO - Exporting the following env vars:
AIRFLOW_CTX_DAG_OWNER=***
AIRFLOW_CTX_DAG_ID=create_and_populate_taxigov_datawarehouse
AIRFLOW_CTX_TASK_ID=create_fact_daily_rides_table
AIRFLOW_CTX_EXECUTION_DATE=2022-08-29T00:00:54.305690+00:00
AIRFLOW_CTX_TRY_NUMBER=1
AIRFLOW_CTX_DAG_RUN_ID=manual__2022-08-29T00:00:54.305690+00:00
[2022-08-29 00:01:18,438] {base.py:68} INFO - Using connection ID 'redshift_default' for task execution.
[2022-08-29 00:01:19,885] {dbapi.py:231} INFO - Running statement: 
    DROP TABLE IF EXISTS fact_daily_rides;

    CREATE TABLE fact_daily_rides AS (
        WITH 
        rides AS (
            SELECT
                dim_rides.*,
                DATEDIFF(
                    MINUTE,
                    started_at,
                    ended_at
                ) AS ride_duration
            FROM
                dim_rides
        ),
        requests AS (
            SELECT
                dim_requests.*,
                DATEDIFF(
                    MINUTE,
                    requested_at,
                    approved_at
                ) AS request_sla
            FROM
                dim_requests
        )

        SELECT
            DATE(started_at) AS date,
            COUNT(DISTINCT(requests.id)) AS ride_requests_count,
            COUNT(DISTINCT(rides.id)) AS rides_count,
            SUM(cost) AS total_rides_cost,
            SUM(cost)/COUNT(DISTINCT(rides.id)) AS average_cost_per_kilometer,
            AVG(ride_duration) AS average_ride_duration,
            AVG(request_sla) AS average_ride_request_sla,
            AVG(cost) AS average_ride_cost,
            AVG(distance) AS average_ride_distance
        FROM
            rides
        LEFT JOIN 
            requests ON rides.request_id = requests.id
        GROUP BY 
            date
    );, parameters: None
[2022-08-29 00:01:21,759] {taskinstance.py:1420} INFO - Marking task as SUCCESS. dag_id=create_and_populate_taxigov_datawarehouse, task_id=create_fact_daily_rides_table, execution_date=20220829T000054, start_date=20220829T000118, end_date=20220829T000121
[2022-08-29 00:01:21,808] {local_task_job.py:156} INFO - Task exited with return code 0
[2022-08-29 00:01:21,854] {local_task_job.py:273} INFO - 0 downstream tasks scheduled from follow-on schedule check
